Log file open, 12/13/19 09:40:43
LogWindows: Failed to load 'aqProf.dll' (GetLastError=126)
LogWindows: File 'aqProf.dll' does not exist
LogWindows: Failed to load 'VtuneApi.dll' (GetLastError=126)
LogWindows: File 'VtuneApi.dll' does not exist
LogWindows: Failed to load 'VtuneApi32e.dll' (GetLastError=126)
LogWindows: File 'VtuneApi32e.dll' does not exist
LogConsoleResponse: Display: Failed to find resolution value strings in scalability ini. Falling back to default.
LogInit: Display: Running engine for game: G1213Dani
LogPakFile: Registered encryption key '00000000000000000000000000000000': 0 pak files mounted, 0 remain pending
LogPlatformFile: Not using cached read wrapper
LogTaskGraph: Started task graph with 5 named threads and 23 total threads with 3 sets of task threads.
LogStats: Stats thread started at 0.599353
LogD3D11RHI: Loaded GFSDK_Aftermath_Lib.x64.dll
LogICUInternationalization: ICU TimeZone Detection - Raw Offset: -5:00, Platform Override: ''
LogPluginManager: Mounting plugin Paper2D
LogPluginManager: Mounting plugin AISupport
LogPluginManager: Mounting plugin LightPropagationVolume
LogPluginManager: Mounting plugin ActorLayerUtilities
LogPluginManager: Mounting plugin AnimationSharing
LogPluginManager: Mounting plugin CLionSourceCodeAccess
LogPluginManager: Mounting plugin CodeLiteSourceCodeAccess
LogPluginManager: Mounting plugin GitSourceControl
LogPluginManager: Mounting plugin KDevelopSourceCodeAccess
LogPluginManager: Mounting plugin NullSourceCodeAccess
LogPluginManager: Mounting plugin PerforceSourceControl
LogPluginManager: Mounting plugin SubversionSourceControl
LogPluginManager: Mounting plugin UObjectPlugin
LogPluginManager: Mounting plugin VisualStudioCodeSourceCodeAccess
LogPluginManager: Mounting plugin VisualStudioSourceCodeAccess
LogPluginManager: Mounting plugin XCodeSourceCodeAccess
LogPluginManager: Mounting plugin AssetManagerEditor
LogPluginManager: Mounting plugin CryptoKeys
LogPluginManager: Mounting plugin DataValidation
LogPluginManager: Mounting plugin EditorScriptingUtilities
LogPluginManager: Mounting plugin FacialAnimation
LogPluginManager: Mounting plugin GameplayTagsEditor
LogPluginManager: Mounting plugin GLTFImporter
LogPluginManager: Mounting plugin MacGraphicsSwitching
LogPluginManager: Mounting plugin MaterialAnalyzer
LogPluginManager: Mounting plugin MeshEditor
LogPluginManager: Mounting plugin MobileLauncherProfileWizard
LogPluginManager: Mounting plugin PluginBrowser
LogPluginManager: Mounting plugin SpeedTreeImporter
LogPluginManager: Mounting plugin DatasmithContent
LogPluginManager: Mounting plugin VariantManagerContent
LogPluginManager: Mounting plugin AlembicImporter
LogPluginManager: Mounting plugin AppleImageUtils
LogPluginManager: Mounting plugin AppleVision
LogPluginManager: Mounting plugin BackChannel
LogPluginManager: Mounting plugin BlastPlugin
LogPluginManager: Mounting plugin ChaosSolverPlugin
LogPluginManager: Mounting plugin CharacterAI
LogPluginManager: Mounting plugin GeometryCache
LogPluginManager: Mounting plugin GeometryCollectionPlugin
LogPluginManager: Mounting plugin HTML5Networking
LogPluginManager: Mounting plugin ProxyLODPlugin
LogPluginManager: Mounting plugin SkeletalReduction
LogPluginManager: Mounting plugin MagicLeap
LogPluginManager: Mounting plugin MagicLeapMedia
LogPluginManager: Mounting plugin AndroidMedia
LogPluginManager: Mounting plugin AvfMedia
LogPluginManager: Mounting plugin ImgMedia
LogPluginManager: Mounting plugin LinearTimecode
LogPluginManager: Mounting plugin MediaCompositing
LogPluginManager: Mounting plugin MediaPlayerEditor
LogPluginManager: Mounting plugin WebMMedia
LogPluginManager: Mounting plugin WmfMedia
LogPluginManager: Mounting plugin TcpMessaging
LogPluginManager: Mounting plugin UdpMessaging
LogPluginManager: Mounting plugin ActorSequence
LogPluginManager: Mounting plugin LevelSequenceEditor
LogPluginManager: Mounting plugin MatineeToLevelSequence
LogPluginManager: Mounting plugin NetcodeUnitTest
LogPluginManager: Mounting plugin NUTUnrealEngine4
LogPluginManager: Mounting plugin OnlineSubsystemGooglePlay
LogPluginManager: Mounting plugin OnlineSubsystemIOS
LogPluginManager: Mounting plugin OnlineSubsystem
LogPluginManager: Mounting plugin OnlineSubsystemNull
LogPluginManager: Mounting plugin OnlineSubsystemUtils
LogPluginManager: Mounting plugin LauncherChunkInstaller
LogPluginManager: Mounting plugin AndroidDeviceProfileSelector
LogPluginManager: Mounting plugin AndroidMoviePlayer
LogPluginManager: Mounting plugin AndroidPermission
LogPluginManager: Mounting plugin AppleMoviePlayer
LogPluginManager: Mounting plugin ArchVisCharacter
LogPluginManager: Mounting plugin AudioCapture
LogPluginManager: Mounting plugin CableComponent
LogPluginManager: Mounting plugin CustomMeshComponent
LogPluginManager: Mounting plugin EditableMesh
LogPluginManager: Mounting plugin ExampleDeviceProfileSelector
LogPluginManager: Mounting plugin Firebase
LogPluginManager: Mounting plugin GoogleCloudMessaging
LogPluginManager: Mounting plugin IOSDeviceProfileSelector
LogPluginManager: Mounting plugin LinuxDeviceProfileSelector
LogPluginManager: Mounting plugin LocationServicesBPLibrary
LogPluginManager: Mounting plugin MobilePatchingUtils
LogPluginManager: Mounting plugin OculusVR
LogPluginManager: Mounting plugin PhysXVehicles
LogPluginManager: Mounting plugin ProceduralMeshComponent
LogPluginManager: Mounting plugin RuntimePhysXCooking
LogPluginManager: Mounting plugin SignificanceManager
LogPluginManager: Mounting plugin SteamVR
LogPluginManager: Mounting plugin WebMMoviePlayer
LogPluginManager: Mounting plugin WindowsMoviePlayer
LogPluginManager: Mounting plugin DatasmithCADImporter
LogPluginManager: Mounting plugin DatasmithDataPrepEditor
LogPluginManager: Mounting plugin DatasmithFBXImporter
LogPluginManager: Mounting plugin DatasmithGLTFImporter
LogPluginManager: Mounting plugin DatasmithImporter
LogPluginManager: Mounting plugin MDLImporter
LogPluginManager: Mounting plugin StaticMeshEditorExtension
LogPluginManager: Mounting plugin VariantManager
LogInit: Using libcurl 7.55.1-DEV
LogInit:  - built for x86_64-pc-win32
LogInit:  - supports SSL with OpenSSL/1.1.1
LogInit:  - supports HTTP deflate (compression) using libz 1.2.8
LogInit:  - other features:
LogInit:      CURL_VERSION_SSL
LogInit:      CURL_VERSION_LIBZ
LogInit:      CURL_VERSION_IPV6
LogInit:      CURL_VERSION_ASYNCHDNS
LogInit:      CURL_VERSION_LARGEFILE
LogInit:      CURL_VERSION_IDN
LogInit:  CurlRequestOptions (configurable via config and command line):
LogInit:  - bVerifyPeer = true  - Libcurl will verify peer certificate
LogInit:  - bUseHttpProxy = false  - Libcurl will NOT use HTTP proxy
LogInit:  - bDontReuseConnections = false  - Libcurl will reuse connections
LogInit:  - MaxHostConnections = 16  - Libcurl will limit the number of connections to a host
LogInit:  - LocalHostAddr = Default
LogInit:  - BufferSize = 65536
LogInit: WinSock: version 1.1 (2.2), MaxSocks=32767, MaxUdp=65467
LogInit: Build: ++UE4+Release-4.22-CL-7053642
LogInit: Engine Version: 4.22.3-7053642+++UE4+Release-4.22
LogInit: Compatible Engine Version: 4.22.0-5660361+++UE4+Release-4.22
LogInit: Net CL: 5660361
LogInit: OS: Windows 10 (Release 1903) (), CPU: Intel(R) Core(TM) i7-6700HQ CPU @ 2.60GHz, GPU: Intel(R) HD Graphics 530
LogInit: Compiled (64-bit): Jun 18 2019 03:09:11
LogInit: Compiled with Visual C++: 19.16.27025.01
LogInit: Build Configuration: Development
LogInit: Branch Name: ++UE4+Release-4.22
LogInit: Command Line:  -skipcompile
LogInit: Base Directory: C:/Program Files/Epic Games/UE_4.22/Engine/Binaries/Win64/
LogInit: Installed Engine Build: 1
LogDevObjectVersion: Number of dev versions registered: 23
LogDevObjectVersion:   Dev-Blueprints (B0D832E4-1F89-4F0D-ACCF-7EB736FD4AA2): 10
LogDevObjectVersion:   Dev-Build (E1C64328-A22C-4D53-A36C-8E866417BD8C): 0
LogDevObjectVersion:   Dev-Core (375EC13C-06E4-48FB-B500-84F0262A717E): 3
LogDevObjectVersion:   Dev-Editor (E4B068ED-F494-42E9-A231-DA0B2E46BB41): 30
LogDevObjectVersion:   Dev-Framework (CFFC743F-43B0-4480-9391-14DF171D2073): 35
LogDevObjectVersion:   Dev-Mobile (B02B49B5-BB20-44E9-A304-32B752E40360): 2
LogDevObjectVersion:   Dev-Networking (A4E4105C-59A1-49B5-A7C5-40C4547EDFEE): 0
LogDevObjectVersion:   Dev-Online (39C831C9-5AE6-47DC-9A44-9C173E1C8E7C): 0
LogDevObjectVersion:   Dev-Physics (78F01B33-EBEA-4F98-B9B4-84EACCB95AA2): 0
LogDevObjectVersion:   Dev-Platform (6631380F-2D4D-43E0-8009-CF276956A95A): 0
LogDevObjectVersion:   Dev-Rendering (12F88B9F-8875-4AFC-A67C-D90C383ABD29): 28
LogDevObjectVersion:   Dev-Sequencer (7B5AE74C-D270-4C10-A958-57980B212A5A): 11
LogDevObjectVersion:   Dev-VR (D7296918-1DD6-4BDD-9DE2-64A83CC13884): 2
LogDevObjectVersion:   Dev-LoadTimes (C2A15278-BFE7-4AFE-6C17-90FF531DF755): 1
LogDevObjectVersion:   Private-Geometry (6EACA3D4-40EC-4CC1-B786-8BED09428FC5): 3
LogDevObjectVersion:   Dev-AnimPhys (29E575DD-E0A3-4627-9D10-D276232CDCEA): 17
LogDevObjectVersion:   Dev-Anim (AF43A65D-7FD3-4947-9873-3E8ED9C1BB05): 2
LogDevObjectVersion:   Dev-ReflectionCapture (6B266CEC-1EC7-4B8F-A30B-E4D90942FC07): 1
LogDevObjectVersion:   Dev-Automation (0DF73D61-A23F-47EA-B727-89E90C41499A): 1
LogDevObjectVersion:   FortniteMain (601D1886-AC64-4F84-AA16-D3DE0DEAC7D6): 25
LogDevObjectVersion:   Dev-Enterprise (9DFFBCD6-494F-0158-E221-12823C92A888): 6
LogDevObjectVersion:   Dev-Niagara (F2AED0AC-9AFE-416F-8664-AA7FFA26D6FC): 1
LogDevObjectVersion:   Dev-Destruction (174F1F0B-B4C6-45A5-B13F-2EE8D0FB917D): 2
LogInit: Presizing for max 16777216 objects, including 0 objects not considered by GC, pre-allocating 0 bytes for permanent pool.
LogInit: Object subsystem initialized
LogConfig: Setting CVar [[con.DebugEarlyDefault:1]]
LogConfig: Setting CVar [[r.setres:1280x720]]
[2019.12.13-14.40.43:996][  0]LogConfig: Setting CVar [[r.VSync:0]]
[2019.12.13-14.40.43:996][  0]LogConfig: Setting CVar [[r.RHICmdBypass:0]]
[2019.12.13-14.40.43:996][  0]LogConfig: Applying CVar settings from Section [/Script/Engine.RendererSettings] File [C:/Users/Daniel/Desktop/UFinalExam/G1213Dani/Saved/Config/Windows/Engine.ini]
[2019.12.13-14.40.43:996][  0]LogConfig: Setting CVar [[r.GPUCrashDebugging:0]]
[2019.12.13-14.40.43:996][  0]LogConfig: Applying CVar settings from Section [/Script/Engine.RendererOverrideSettings] File [C:/Users/Daniel/Desktop/UFinalExam/G1213Dani/Saved/Config/Windows/Engine.ini]
[2019.12.13-14.40.43:996][  0]LogConfig: Applying CVar settings from Section [/Script/Engine.StreamingSettings] File [C:/Users/Daniel/Desktop/UFinalExam/G1213Dani/Saved/Config/Windows/Engine.ini]
[2019.12.13-14.40.43:996][  0]LogConfig: Setting CVar [[s.MinBulkDataSizeForAsyncLoading:131072]]
[2019.12.13-14.40.43:996][  0]LogConfig: Setting CVar [[s.AsyncLoadingThreadEnabled:0]]
[2019.12.13-14.40.43:996][  0]LogConfig: Setting CVar [[s.EventDrivenLoaderEnabled:1]]
[2019.12.13-14.40.43:996][  0]LogConfig: Setting CVar [[s.WarnIfTimeLimitExceeded:0]]
[2019.12.13-14.40.43:996][  0]LogConfig: Setting CVar [[s.TimeLimitExceededMultiplier:1.5]]
[2019.12.13-14.40.43:997][  0]LogConfig: Setting CVar [[s.TimeLimitExceededMinTime:0.005]]
[2019.12.13-14.40.43:997][  0]LogConfig: Setting CVar [[s.UseBackgroundLevelStreaming:1]]
[2019.12.13-14.40.43:997][  0]LogConfig: Setting CVar [[s.PriorityAsyncLoadingExtraTime:15.0]]
[2019.12.13-14.40.43:997][  0]LogConfig: Setting CVar [[s.LevelStreamingActorsUpdateTimeLimit:5.0]]
[2019.12.13-14.40.43:997][  0]LogConfig: Setting CVar [[s.PriorityLevelStreamingActorsUpdateExtraTime:5.0]]
[2019.12.13-14.40.43:997][  0]LogConfig: Setting CVar [[s.LevelStreamingComponentsRegistrationGranularity:10]]
[2019.12.13-14.40.43:997][  0]LogConfig: Setting CVar [[s.UnregisterComponentsTimeLimit:1.0]]
[2019.12.13-14.40.43:997][  0]LogConfig: Setting CVar [[s.LevelStreamingComponentsUnregistrationGranularity:5]]
[2019.12.13-14.40.43:997][  0]LogConfig: Applying CVar settings from Section [/Script/Engine.GarbageCollectionSettings] File [C:/Users/Daniel/Desktop/UFinalExam/G1213Dani/Saved/Config/Windows/Engine.ini]
[2019.12.13-14.40.43:997][  0]LogConfig: Setting CVar [[gc.MaxObjectsNotConsideredByGC:1]]
[2019.12.13-14.40.43:997][  0]LogConfig: Setting CVar [[gc.SizeOfPermanentObjectPool:0]]
[2019.12.13-14.40.43:998][  0]LogConfig: Setting CVar [[gc.FlushStreamingOnGC:0]]
[2019.12.13-14.40.43:998][  0]LogConfig: Setting CVar [[gc.NumRetriesBeforeForcingGC:10]]
[2019.12.13-14.40.43:998][  0]LogConfig: Setting CVar [[gc.AllowParallelGC:1]]
[2019.12.13-14.40.43:998][  0]LogConfig: Setting CVar [[gc.TimeBetweenPurgingPendingKillObjects:61.1]]
[2019.12.13-14.40.43:998][  0]LogConfig: Setting CVar [[gc.MaxObjectsInEditor:16777216]]
[2019.12.13-14.40.43:998][  0]LogConfig: Setting CVar [[gc.IncrementalBeginDestroyEnabled:1]]
[2019.12.13-14.40.43:998][  0]LogConfig: Setting CVar [[gc.CreateGCClusters:1]]
[2019.12.13-14.40.43:998][  0]LogConfig: Setting CVar [[gc.MinGCClusterSize:5]]
[2019.12.13-14.40.43:998][  0]LogConfig: Setting CVar [[gc.ActorClusteringEnabled:0]]
[2019.12.13-14.40.43:998][  0]LogConfig: Setting CVar [[gc.BlueprintClusteringEnabled:0]]
[2019.12.13-14.40.43:998][  0]LogConfig: Setting CVar [[gc.UseDisregardForGCOnDedicatedServers:0]]
[2019.12.13-14.40.43:999][  0]LogConfig: Applying CVar settings from Section [/Script/Engine.NetworkSettings] File [C:/Users/Daniel/Desktop/UFinalExam/G1213Dani/Saved/Config/Windows/Engine.ini]
[2019.12.13-14.40.43:999][  0]LogConfig: Applying CVar settings from Section [/Script/UnrealEd.CookerSettings] File [C:/Users/Daniel/Desktop/UFinalExam/G1213Dani/Saved/Config/Windows/Engine.ini]
[2019.12.13-14.40.44:006][  0]LogConfig: Applying CVar settings from Section [ViewDistanceQuality@3] File [C:/Users/Daniel/Desktop/UFinalExam/G1213Dani/Saved/Config/Windows/Scalability.ini]
[2019.12.13-14.40.44:007][  0]LogConfig: Setting CVar [[r.SkeletalMeshLODBias:0]]
[2019.12.13-14.40.44:007][  0]LogConfig: Setting CVar [[r.ViewDistanceScale:1.0]]
[2019.12.13-14.40.44:007][  0]LogConfig: Applying CVar settings from Section [AntiAliasingQuality@3] File [C:/Users/Daniel/Desktop/UFinalExam/G1213Dani/Saved/Config/Windows/Scalability.ini]
[2019.12.13-14.40.44:007][  0]LogConfig: Setting CVar [[r.PostProcessAAQuality:4]]
[2019.12.13-14.40.44:007][  0]LogConfig: Applying CVar settings from Section [ShadowQuality@3] File [C:/Users/Daniel/Desktop/UFinalExam/G1213Dani/Saved/Config/Windows/Scalability.ini]
[2019.12.13-14.40.44:007][  0]LogConfig: Setting CVar [[r.LightFunctionQuality:1]]
[2019.12.13-14.40.44:007][  0]LogConfig: Setting CVar [[r.ShadowQuality:5]]
[2019.12.13-14.40.44:007][  0]LogConfig: Setting CVar [[r.Shadow.CSM.MaxCascades:10]]
[2019.12.13-14.40.44:007][  0]LogConfig: Setting CVar [[r.Shadow.MaxResolution:2048]]
[2019.12.13-14.40.44:008][  0]LogConfig: Setting CVar [[r.Shadow.MaxCSMResolution:2048]]
[2019.12.13-14.40.44:008][  0]LogConfig: Setting CVar [[r.Shadow.RadiusThreshold:0.01]]
[2019.12.13-14.40.44:008][  0]LogConfig: Setting CVar [[r.Shadow.DistanceScale:1.0]]
[2019.12.13-14.40.44:008][  0]LogConfig: Setting CVar [[r.Shadow.CSM.TransitionScale:1.0]]
[2019.12.13-14.40.44:008][  0]LogConfig: Setting CVar [[r.Shadow.PreShadowResolutionFactor:1.0]]
[2019.12.13-14.40.44:009][  0]LogConfig: Setting CVar [[r.DistanceFieldShadowing:1]]
[2019.12.13-14.40.44:009][  0]LogConfig: Setting CVar [[r.DistanceFieldAO:1]]
[2019.12.13-14.40.44:009][  0]LogConfig: Setting CVar [[r.AOQuality:2]]
[2019.12.13-14.40.44:009][  0]LogConfig: Setting CVar [[r.VolumetricFog:1]]
[2019.12.13-14.40.44:009][  0]LogConfig: Setting CVar [[r.VolumetricFog.GridPixelSize:8]]
[2019.12.13-14.40.44:009][  0]LogConfig: Setting CVar [[r.VolumetricFog.GridSizeZ:128]]
[2019.12.13-14.40.44:010][  0]LogConfig: Setting CVar [[r.VolumetricFog.HistoryMissSupersampleCount:4]]
[2019.12.13-14.40.44:010][  0]LogConfig: Setting CVar [[r.LightMaxDrawDistanceScale:1]]
[2019.12.13-14.40.44:010][  0]LogConfig: Setting CVar [[r.CapsuleShadows:1]]
[2019.12.13-14.40.44:010][  0]LogConfig: Applying CVar settings from Section [PostProcessQuality@3] File [C:/Users/Daniel/Desktop/UFinalExam/G1213Dani/Saved/Config/Windows/Scalability.ini]
[2019.12.13-14.40.44:010][  0]LogConfig: Setting CVar [[r.MotionBlurQuality:4]]
[2019.12.13-14.40.44:011][  0]LogConfig: Setting CVar [[r.AmbientOcclusionMipLevelFactor:0.4]]
[2019.12.13-14.40.44:011][  0]LogConfig: Setting CVar [[r.AmbientOcclusionMaxQuality:100]]
[2019.12.13-14.40.44:012][  0]LogConfig: Setting CVar [[r.AmbientOcclusionLevels:-1]]
[2019.12.13-14.40.44:012][  0]LogConfig: Setting CVar [[r.AmbientOcclusionRadiusScale:1.0]]
[2019.12.13-14.40.44:013][  0]LogConfig: Setting CVar [[r.DepthOfFieldQuality:2]]
[2019.12.13-14.40.44:014][  0]LogConfig: Setting CVar [[r.RenderTargetPoolMin:400]]
[2019.12.13-14.40.44:014][  0]LogConfig: Setting CVar [[r.LensFlareQuality:2]]
[2019.12.13-14.40.44:014][  0]LogConfig: Setting CVar [[r.SceneColorFringeQuality:1]]
[2019.12.13-14.40.44:014][  0]LogConfig: Setting CVar [[r.EyeAdaptationQuality:2]]
[2019.12.13-14.40.44:015][  0]LogConfig: Setting CVar [[r.BloomQuality:5]]
[2019.12.13-14.40.44:015][  0]LogConfig: Setting CVar [[r.FastBlurThreshold:100]]
[2019.12.13-14.40.44:015][  0]LogConfig: Setting CVar [[r.Upscale.Quality:3]]
[2019.12.13-14.40.44:016][  0]LogConfig: Setting CVar [[r.Tonemapper.GrainQuantization:1]]
[2019.12.13-14.40.44:016][  0]LogConfig: Setting CVar [[r.LightShaftQuality:1]]
[2019.12.13-14.40.44:016][  0]LogConfig: Setting CVar [[r.Filter.SizeScale:1]]
[2019.12.13-14.40.44:016][  0]LogConfig: Setting CVar [[r.Tonemapper.Quality:5]]
[2019.12.13-14.40.44:016][  0]LogConfig: Setting CVar [[r.DOF.Gather.AccumulatorQuality:1        ; higher gathering accumulator quality]]
[2019.12.13-14.40.44:016][  0]LogConfig: Setting CVar [[r.DOF.Gather.PostfilterMethod:1          ; Median3x3 postfilering method]]
[2019.12.13-14.40.44:016][  0]LogConfig: Setting CVar [[r.DOF.Gather.EnableBokehSettings:0       ; no bokeh simulation when gathering]]
[2019.12.13-14.40.44:016][  0]LogConfig: Setting CVar [[r.DOF.Gather.RingCount:4                 ; medium number of samples when gathering]]
[2019.12.13-14.40.44:016][  0]LogConfig: Setting CVar [[r.DOF.Scatter.ForegroundCompositing:1    ; additive foreground scattering]]
[2019.12.13-14.40.44:016][  0]LogConfig: Setting CVar [[r.DOF.Scatter.BackgroundCompositing:2    ; additive background scattering]]
[2019.12.13-14.40.44:016][  0]LogConfig: Setting CVar [[r.DOF.Scatter.EnableBokehSettings:1      ; bokeh simulation when scattering]]
[2019.12.13-14.40.44:016][  0]LogConfig: Setting CVar [[r.DOF.Scatter.MaxSpriteRatio:0.1         ; only a maximum of 10% of scattered bokeh]]
[2019.12.13-14.40.44:016][  0]LogConfig: Setting CVar [[r.DOF.Recombine.Quality:1                ; cheap slight out of focus]]
[2019.12.13-14.40.44:017][  0]LogConfig: Setting CVar [[r.DOF.Recombine.EnableBokehSettings:0    ; no bokeh simulation on slight out of focus]]
[2019.12.13-14.40.44:017][  0]LogConfig: Setting CVar [[r.DOF.TemporalAAQuality:1                ; more stable temporal accumulation]]
[2019.12.13-14.40.44:017][  0]LogConfig: Setting CVar [[r.DOF.Kernel.MaxForegroundRadius:0.025]]
[2019.12.13-14.40.44:017][  0]LogConfig: Setting CVar [[r.DOF.Kernel.MaxBackgroundRadius:0.025]]
[2019.12.13-14.40.44:017][  0]LogConfig: Applying CVar settings from Section [TextureQuality@3] File [C:/Users/Daniel/Desktop/UFinalExam/G1213Dani/Saved/Config/Windows/Scalability.ini]
[2019.12.13-14.40.44:017][  0]LogConfig: Setting CVar [[r.Streaming.MipBias:0]]
[2019.12.13-14.40.44:017][  0]LogConfig: Setting CVar [[r.Streaming.AmortizeCPUToGPUCopy:0]]
[2019.12.13-14.40.44:017][  0]LogConfig: Setting CVar [[r.Streaming.MaxNumTexturesToStreamPerFrame:0]]
[2019.12.13-14.40.44:017][  0]LogConfig: Setting CVar [[r.Streaming.Boost:1]]
[2019.12.13-14.40.44:017][  0]LogConfig: Setting CVar [[r.MaxAnisotropy:8]]
[2019.12.13-14.40.44:017][  0]LogConfig: Setting CVar [[r.Streaming.LimitPoolSizeToVRAM:0]]
[2019.12.13-14.40.44:018][  0]LogConfig: Setting CVar [[r.Streaming.PoolSize:1000]]
[2019.12.13-14.40.44:018][  0]LogConfig: Setting CVar [[r.Streaming.MaxEffectiveScreenSize:0]]
[2019.12.13-14.40.44:018][  0]LogConfig: Applying CVar settings from Section [EffectsQuality@3] File [C:/Users/Daniel/Desktop/UFinalExam/G1213Dani/Saved/Config/Windows/Scalability.ini]
[2019.12.13-14.40.44:019][  0]LogConfig: Setting CVar [[r.TranslucencyLightingVolumeDim:64]]
[2019.12.13-14.40.44:020][  0]LogConfig: Setting CVar [[r.RefractionQuality:2]]
[2019.12.13-14.40.44:020][  0]LogConfig: Setting CVar [[r.SSR.Quality:3]]
[2019.12.13-14.40.44:020][  0]LogConfig: Setting CVar [[r.SceneColorFormat:4]]
[2019.12.13-14.40.44:020][  0]LogConfig: Setting CVar [[r.DetailMode:2]]
[2019.12.13-14.40.44:021][  0]LogConfig: Setting CVar [[r.TranslucencyVolumeBlur:1]]
[2019.12.13-14.40.44:021][  0]LogConfig: Setting CVar [[r.MaterialQualityLevel:1 ; High quality]]
[2019.12.13-14.40.44:021][  0]LogConfig: Setting CVar [[r.SSS.Scale:1]]
[2019.12.13-14.40.44:021][  0]LogConfig: Setting CVar [[r.SSS.SampleSet:2]]
[2019.12.13-14.40.44:021][  0]LogConfig: Setting CVar [[r.SSS.Quality:1]]
[2019.12.13-14.40.44:021][  0]LogConfig: Setting CVar [[r.SSS.HalfRes:1]]
[2019.12.13-14.40.44:021][  0]LogConfig: Setting CVar [[r.EmitterSpawnRateScale:1.0]]
[2019.12.13-14.40.44:021][  0]LogConfig: Setting CVar [[r.ParticleLightQuality:2]]
[2019.12.13-14.40.44:022][  0]LogConfig: Applying CVar settings from Section [FoliageQuality@3] File [C:/Users/Daniel/Desktop/UFinalExam/G1213Dani/Saved/Config/Windows/Scalability.ini]
[2019.12.13-14.40.44:022][  0]LogConfig: Setting CVar [[foliage.DensityScale:1.0]]
[2019.12.13-14.40.44:022][  0]LogConfig: Setting CVar [[grass.DensityScale:1.0]]
[2019.12.13-14.40.44:022][  0]LogInit: Selected Device Profile: [Windows]
[2019.12.13-14.40.44:023][  0]LogInit: Applying CVar settings loaded from the selected device profile: [Windows]
[2019.12.13-14.40.44:045][  0]LogHAL: Display: Platform has ~ 16 GB [17021747200 / 17179869184 / 16], which maps to Larger [LargestMinGB=32, LargerMinGB=12, DefaultMinGB=8, SmallerMinGB=6, SmallestMinGB=0)
[2019.12.13-14.40.44:046][  0]LogConfig: Setting CVar [[r.Vulkan.UseRealUBs:0		; Required until we fix HLR fall-out]]
[2019.12.13-14.40.44:046][  0]LogInit: Going up to parent DeviceProfile []
[2019.12.13-14.40.44:046][  0]LogConfig: Applying CVar settings from Section [ViewDistanceQuality@3] File [C:/Users/Daniel/Desktop/UFinalExam/G1213Dani/Saved/Config/Windows/Scalability.ini]
[2019.12.13-14.40.44:046][  0]LogConfig: Setting CVar [[r.SkeletalMeshLODBias:0]]
[2019.12.13-14.40.44:046][  0]LogConfig: Setting CVar [[r.ViewDistanceScale:1.0]]
[2019.12.13-14.40.44:046][  0]LogConfig: Applying CVar settings from Section [AntiAliasingQuality@3] File [C:/Users/Daniel/Desktop/UFinalExam/G1213Dani/Saved/Config/Windows/Scalability.ini]
[2019.12.13-14.40.44:047][  0]LogConfig: Setting CVar [[r.PostProcessAAQuality:4]]
[2019.12.13-14.40.44:047][  0]LogConfig: Applying CVar settings from Section [ShadowQuality@3] File [C:/Users/Daniel/Desktop/UFinalExam/G1213Dani/Saved/Config/Windows/Scalability.ini]
[2019.12.13-14.40.44:047][  0]LogConfig: Setting CVar [[r.LightFunctionQuality:1]]
[2019.12.13-14.40.44:047][  0]LogConfig: Setting CVar [[r.ShadowQuality:5]]
[2019.12.13-14.40.44:047][  0]LogConfig: Setting CVar [[r.Shadow.CSM.MaxCascades:10]]
[2019.12.13-14.40.44:047][  0]LogConfig: Setting CVar [[r.Shadow.MaxResolution:2048]]
[2019.12.13-14.40.44:047][  0]LogConfig: Setting CVar [[r.Shadow.MaxCSMResolution:2048]]
[2019.12.13-14.40.44:048][  0]LogConfig: Setting CVar [[r.Shadow.RadiusThreshold:0.01]]
[2019.12.13-14.40.44:048][  0]LogConfig: Setting CVar [[r.Shadow.DistanceScale:1.0]]
[2019.12.13-14.40.44:048][  0]LogConfig: Setting CVar [[r.Shadow.CSM.TransitionScale:1.0]]
[2019.12.13-14.40.44:048][  0]LogConfig: Setting CVar [[r.Shadow.PreShadowResolutionFactor:1.0]]
[2019.12.13-14.40.44:048][  0]LogConfig: Setting CVar [[r.DistanceFieldShadowing:1]]
[2019.12.13-14.40.44:048][  0]LogConfig: Setting CVar [[r.DistanceFieldAO:1]]
[2019.12.13-14.40.44:048][  0]LogConfig: Setting CVar [[r.AOQuality:2]]
[2019.12.13-14.40.44:048][  0]LogConfig: Setting CVar [[r.VolumetricFog:1]]
[2019.12.13-14.40.44:048][  0]LogConfig: Setting CVar [[r.VolumetricFog.GridPixelSize:8]]
[2019.12.13-14.40.44:048][  0]LogConfig: Setting CVar [[r.VolumetricFog.GridSizeZ:128]]
[2019.12.13-14.40.44:048][  0]LogConfig: Setting CVar [[r.VolumetricFog.HistoryMissSupersampleCount:4]]
[2019.12.13-14.40.44:049][  0]LogConfig: Setting CVar [[r.LightMaxDrawDistanceScale:1]]
[2019.12.13-14.40.44:049][  0]LogConfig: Setting CVar [[r.CapsuleShadows:1]]
[2019.12.13-14.40.44:049][  0]LogConfig: Applying CVar settings from Section [PostProcessQuality@3] File [C:/Users/Daniel/Desktop/UFinalExam/G1213Dani/Saved/Config/Windows/Scalability.ini]
[2019.12.13-14.40.44:049][  0]LogConfig: Setting CVar [[r.MotionBlurQuality:4]]
[2019.12.13-14.40.44:049][  0]LogConfig: Setting CVar [[r.AmbientOcclusionMipLevelFactor:0.4]]
[2019.12.13-14.40.44:049][  0]LogConfig: Setting CVar [[r.AmbientOcclusionMaxQuality:100]]
[2019.12.13-14.40.44:049][  0]LogConfig: Setting CVar [[r.AmbientOcclusionLevels:-1]]
[2019.12.13-14.40.44:049][  0]LogConfig: Setting CVar [[r.AmbientOcclusionRadiusScale:1.0]]
[2019.12.13-14.40.44:049][  0]LogConfig: Setting CVar [[r.DepthOfFieldQuality:2]]
[2019.12.13-14.40.44:049][  0]LogConfig: Setting CVar [[r.RenderTargetPoolMin:400]]
[2019.12.13-14.40.44:049][  0]LogConfig: Setting CVar [[r.LensFlareQuality:2]]
[2019.12.13-14.40.44:049][  0]LogConfig: Setting CVar [[r.SceneColorFringeQuality:1]]
[2019.12.13-14.40.44:049][  0]LogConfig: Setting CVar [[r.EyeAdaptationQuality:2]]
[2019.12.13-14.40.44:050][  0]LogConfig: Setting CVar [[r.BloomQuality:5]]
[2019.12.13-14.40.44:050][  0]LogConfig: Setting CVar [[r.FastBlurThreshold:100]]
[2019.12.13-14.40.44:050][  0]LogConfig: Setting CVar [[r.Upscale.Quality:3]]
[2019.12.13-14.40.44:050][  0]LogConfig: Setting CVar [[r.Tonemapper.GrainQuantization:1]]
[2019.12.13-14.40.44:050][  0]LogConfig: Setting CVar [[r.LightShaftQuality:1]]
[2019.12.13-14.40.44:050][  0]LogConfig: Setting CVar [[r.Filter.SizeScale:1]]
[2019.12.13-14.40.44:050][  0]LogConfig: Setting CVar [[r.Tonemapper.Quality:5]]
[2019.12.13-14.40.44:050][  0]LogConfig: Setting CVar [[r.DOF.Gather.AccumulatorQuality:1        ; higher gathering accumulator quality]]
[2019.12.13-14.40.44:051][  0]LogConfig: Setting CVar [[r.DOF.Gather.PostfilterMethod:1          ; Median3x3 postfilering method]]
[2019.12.13-14.40.44:051][  0]LogConfig: Setting CVar [[r.DOF.Gather.EnableBokehSettings:0       ; no bokeh simulation when gathering]]
[2019.12.13-14.40.44:051][  0]LogConfig: Setting CVar [[r.DOF.Gather.RingCount:4                 ; medium number of samples when gathering]]
[2019.12.13-14.40.44:051][  0]LogConfig: Setting CVar [[r.DOF.Scatter.ForegroundCompositing:1    ; additive foreground scattering]]
[2019.12.13-14.40.44:051][  0]LogConfig: Setting CVar [[r.DOF.Scatter.BackgroundCompositing:2    ; additive background scattering]]
[2019.12.13-14.40.44:051][  0]LogConfig: Setting CVar [[r.DOF.Scatter.EnableBokehSettings:1      ; bokeh simulation when scattering]]
[2019.12.13-14.40.44:052][  0]LogConfig: Setting CVar [[r.DOF.Scatter.MaxSpriteRatio:0.1         ; only a maximum of 10% of scattered bokeh]]
[2019.12.13-14.40.44:052][  0]LogConfig: Setting CVar [[r.DOF.Recombine.Quality:1                ; cheap slight out of focus]]
[2019.12.13-14.40.44:052][  0]LogConfig: Setting CVar [[r.DOF.Recombine.EnableBokehSettings:0    ; no bokeh simulation on slight out of focus]]
[2019.12.13-14.40.44:052][  0]LogConfig: Setting CVar [[r.DOF.TemporalAAQuality:1                ; more stable temporal accumulation]]
[2019.12.13-14.40.44:052][  0]LogConfig: Setting CVar [[r.DOF.Kernel.MaxForegroundRadius:0.025]]
[2019.12.13-14.40.44:052][  0]LogConfig: Setting CVar [[r.DOF.Kernel.MaxBackgroundRadius:0.025]]
[2019.12.13-14.40.44:052][  0]LogConfig: Applying CVar settings from Section [TextureQuality@3] File [C:/Users/Daniel/Desktop/UFinalExam/G1213Dani/Saved/Config/Windows/Scalability.ini]
[2019.12.13-14.40.44:052][  0]LogConfig: Setting CVar [[r.Streaming.MipBias:0]]
[2019.12.13-14.40.44:052][  0]LogConfig: Setting CVar [[r.Streaming.AmortizeCPUToGPUCopy:0]]
[2019.12.13-14.40.44:053][  0]LogConfig: Setting CVar [[r.Streaming.MaxNumTexturesToStreamPerFrame:0]]
[2019.12.13-14.40.44:053][  0]LogConfig: Setting CVar [[r.Streaming.Boost:1]]
[2019.12.13-14.40.44:053][  0]LogConfig: Setting CVar [[r.MaxAnisotropy:8]]
[2019.12.13-14.40.44:053][  0]LogConfig: Setting CVar [[r.Streaming.LimitPoolSizeToVRAM:0]]
[2019.12.13-14.40.44:053][  0]LogConfig: Setting CVar [[r.Streaming.PoolSize:1000]]
[2019.12.13-14.40.44:053][  0]LogConfig: Setting CVar [[r.Streaming.MaxEffectiveScreenSize:0]]
[2019.12.13-14.40.44:053][  0]LogConfig: Applying CVar settings from Section [EffectsQuality@3] File [C:/Users/Daniel/Desktop/UFinalExam/G1213Dani/Saved/Config/Windows/Scalability.ini]
[2019.12.13-14.40.44:053][  0]LogConfig: Setting CVar [[r.TranslucencyLightingVolumeDim:64]]
[2019.12.13-14.40.44:054][  0]LogConfig: Setting CVar [[r.RefractionQuality:2]]
[2019.12.13-14.40.44:054][  0]LogConfig: Setting CVar [[r.SSR.Quality:3]]
[2019.12.13-14.40.44:054][  0]LogConfig: Setting CVar [[r.SceneColorFormat:4]]
[2019.12.13-14.40.44:054][  0]LogConfig: Setting CVar [[r.DetailMode:2]]
[2019.12.13-14.40.44:054][  0]LogConfig: Setting CVar [[r.TranslucencyVolumeBlur:1]]
[2019.12.13-14.40.44:055][  0]LogConfig: Setting CVar [[r.MaterialQualityLevel:1 ; High quality]]
[2019.12.13-14.40.44:055][  0]LogConfig: Setting CVar [[r.SSS.Scale:1]]
[2019.12.13-14.40.44:055][  0]LogConfig: Setting CVar [[r.SSS.SampleSet:2]]
[2019.12.13-14.40.44:055][  0]LogConfig: Setting CVar [[r.SSS.Quality:1]]
[2019.12.13-14.40.44:055][  0]LogConfig: Setting CVar [[r.SSS.HalfRes:1]]
[2019.12.13-14.40.44:055][  0]LogConfig: Setting CVar [[r.EmitterSpawnRateScale:1.0]]
[2019.12.13-14.40.44:055][  0]LogConfig: Setting CVar [[r.ParticleLightQuality:2]]
[2019.12.13-14.40.44:056][  0]LogConfig: Applying CVar settings from Section [FoliageQuality@3] File [C:/Users/Daniel/Desktop/UFinalExam/G1213Dani/Saved/Config/Windows/Scalability.ini]
[2019.12.13-14.40.44:056][  0]LogConfig: Setting CVar [[foliage.DensityScale:1.0]]
[2019.12.13-14.40.44:056][  0]LogConfig: Setting CVar [[grass.DensityScale:1.0]]
[2019.12.13-14.40.44:056][  0]LogConfig: Applying CVar settings from Section [Startup] File [../../../Engine/Config/ConsoleVariables.ini]
[2019.12.13-14.40.44:057][  0]LogConfig: Setting CVar [[net.UseAdaptiveNetUpdateFrequency:0]]
[2019.12.13-14.40.44:057][  0]LogConfig: Setting CVar [[p.chaos.AllowCreatePhysxBodies:1]]
[2019.12.13-14.40.44:058][  0]LogConfig: Applying CVar settings from Section [ConsoleVariables] File [C:/Users/Daniel/Desktop/UFinalExam/G1213Dani/Saved/Config/Windows/Engine.ini]
[2019.12.13-14.40.44:058][  0]LogInit: Computer: DESKTOP-93J9VV0
[2019.12.13-14.40.44:058][  0]LogInit: User: Daniel
[2019.12.13-14.40.44:058][  0]LogInit: CPU Page size=4096, Cores=4
[2019.12.13-14.40.44:058][  0]LogInit: High frequency timer resolution =10.000000 MHz
[2019.12.13-14.40.44:059][  0]LogMemory: Memory total: Physical=15.9GB (16GB approx)
[2019.12.13-14.40.44:059][  0]LogMemory: Platform Memory Stats for Windows
[2019.12.13-14.40.44:059][  0]LogMemory: Process Physical Memory: 97.48 MB used, 97.48 MB peak
[2019.12.13-14.40.44:059][  0]LogMemory: Process Virtual Memory: 88.87 MB used, 88.87 MB peak
[2019.12.13-14.40.44:059][  0]LogMemory: Physical Memory: 13669.57 MB used,  2563.63 MB free, 16233.20 MB total
[2019.12.13-14.40.44:059][  0]LogMemory: Virtual Memory: 4643.21 MB used,  134213088.00 MB free, 134217728.00 MB total
[2019.12.13-14.40.44:360][  0]LogInit: Using OS detected language (en-US).
[2019.12.13-14.40.44:360][  0]LogInit: Using OS detected locale (en-US).
[2019.12.13-14.40.44:361][  0]LogTextLocalizationManager: No specific localization for 'en-US' exists, so the 'en' localization will be used.
[2019.12.13-14.40.44:596][  0]LogInit: Setting process to per monitor DPI aware
[2019.12.13-14.40.44:647][  0]LogSlate: New Slate User Created.  User Index 0, Is Virtual User: 0
[2019.12.13-14.40.44:647][  0]LogSlate: Slate User Registered.  User Index 0, Is Virtual User: 0
[2019.12.13-14.40.44:912][  0]LogHMD: Failed to initialize OpenVR with code 110
[2019.12.13-14.40.44:912][  0]LogD3D11RHI: D3D11 adapters:
[2019.12.13-14.40.45:008][  0]LogD3D11RHI:    0. 'NVIDIA GeForce GTX 960M' (Feature Level 11_0)
[2019.12.13-14.40.45:009][  0]LogD3D11RHI:       2010/0/8116 MB DedicatedVideo/DedicatedSystem/SharedSystem, Outputs:1, VendorId:0x10de
[2019.12.13-14.40.45:027][  0]LogD3D11RHI:    1. 'Intel(R) HD Graphics 530' (Feature Level 11_0)
[2019.12.13-14.40.45:027][  0]LogD3D11RHI:       128/0/8116 MB DedicatedVideo/DedicatedSystem/SharedSystem, Outputs:0, VendorId:0x8086
[2019.12.13-14.40.45:036][  0]LogD3D11RHI:    2. 'Microsoft Basic Render Driver' (Feature Level 11_0)
[2019.12.13-14.40.45:036][  0]LogD3D11RHI:       0/0/8116 MB DedicatedVideo/DedicatedSystem/SharedSystem, Outputs:0, VendorId:0x1414
[2019.12.13-14.40.45:036][  0]LogD3D11RHI: Chosen D3D11 Adapter: 0
[2019.12.13-14.40.45:090][  0]LogD3D11RHI: Creating new Direct3DDevice
[2019.12.13-14.40.45:090][  0]LogD3D11RHI:     GPU DeviceId: 0x139b (for the marketing name, search the web for "GPU Device Id")
[2019.12.13-14.40.45:090][  0]LogWindows: EnumDisplayDevices:
[2019.12.13-14.40.45:090][  0]LogWindows:    0. 'Intel(R) HD Graphics 530' (P:1 D:1)
[2019.12.13-14.40.45:091][  0]LogWindows:    1. 'Intel(R) HD Graphics 530' (P:0 D:0)
[2019.12.13-14.40.45:092][  0]LogWindows:    2. 'Intel(R) HD Graphics 530' (P:0 D:0)
[2019.12.13-14.40.45:092][  0]LogWindows: DebugString: PrimaryIsNotTheChoosenAdapter PrimaryIsNotTheChoosenAdapter PrimaryIsNotTheChoosenAdapter FoundDriverCount:0 
[2019.12.13-14.40.45:092][  0]LogD3D11RHI:     Adapter Name: NVIDIA GeForce GTX 960M
[2019.12.13-14.40.45:092][  0]LogD3D11RHI:   Driver Version: Unknown (internal:Unknown, unified:Unknown)
[2019.12.13-14.40.45:092][  0]LogD3D11RHI:      Driver Date: Unknown
[2019.12.13-14.40.45:092][  0]LogRHI: Texture pool is 1407 MB (70% of 2010 MB)
[2019.12.13-14.40.45:166][  0]LogD3D11RHI: Async texture creation enabled
[2019.12.13-14.40.45:171][  0]LogRendererCore: FGlobalReadBuffer::InitRHI
[2019.12.13-14.40.45:172][  0]LogRendererCore: FGlobalReadBuffer::InitRHI
[2019.12.13-14.40.45:172][  0]LogRendererCore: FGlobalReadBuffer::InitRHI
[2019.12.13-14.40.45:181][  0]LogD3D11RHI: GPU Timing Frequency: 1000.000000 (Debug: 2 1)
[2019.12.13-14.40.45:602][  0]LogTemp: Display: Module 'AllDesktopTargetPlatform' loaded TargetPlatform 'AllDesktop'
[2019.12.13-14.40.45:625][  0]LogTemp: Display: Module 'MacClientTargetPlatform' loaded TargetPlatform 'MacClient'
[2019.12.13-14.40.45:651][  0]LogTemp: Display: Module 'MacNoEditorTargetPlatform' loaded TargetPlatform 'MacNoEditor'
[2019.12.13-14.40.45:672][  0]LogTemp: Display: Module 'MacServerTargetPlatform' loaded TargetPlatform 'MacServer'
[2019.12.13-14.40.45:694][  0]LogTemp: Display: Module 'MacTargetPlatform' loaded TargetPlatform 'Mac'
[2019.12.13-14.40.45:714][  0]LogTemp: Display: Module 'WindowsClientTargetPlatform' loaded TargetPlatform 'WindowsClient'
[2019.12.13-14.40.45:736][  0]LogTemp: Display: Module 'WindowsNoEditorTargetPlatform' loaded TargetPlatform 'WindowsNoEditor'
[2019.12.13-14.40.45:758][  0]LogTemp: Display: Module 'WindowsServerTargetPlatform' loaded TargetPlatform 'WindowsServer'
[2019.12.13-14.40.45:771][  0]LogTemp: Display: Module 'WindowsTargetPlatform' loaded TargetPlatform 'Windows'
[2019.12.13-14.40.45:873][  0]LogTemp: Display: Module 'AndroidTargetPlatform' loaded TargetPlatform 'Android'
[2019.12.13-14.40.45:873][  0]LogTemp: Display: Module 'AndroidTargetPlatform' loaded TargetPlatform 'Android_ASTC'
[2019.12.13-14.40.45:873][  0]LogTemp: Display: Module 'AndroidTargetPlatform' loaded TargetPlatform 'Android_ATC'
[2019.12.13-14.40.45:873][  0]LogTemp: Display: Module 'AndroidTargetPlatform' loaded TargetPlatform 'Android_DXT'
[2019.12.13-14.40.45:873][  0]LogTemp: Display: Module 'AndroidTargetPlatform' loaded TargetPlatform 'Android_ETC1'
[2019.12.13-14.40.45:873][  0]LogTemp: Display: Module 'AndroidTargetPlatform' loaded TargetPlatform 'Android_ETC1a'
[2019.12.13-14.40.45:873][  0]LogTemp: Display: Module 'AndroidTargetPlatform' loaded TargetPlatform 'Android_ETC2'
[2019.12.13-14.40.45:873][  0]LogTemp: Display: Module 'AndroidTargetPlatform' loaded TargetPlatform 'Android_PVRTC'
[2019.12.13-14.40.45:874][  0]LogTemp: Display: Module 'AndroidTargetPlatform' loaded TargetPlatform 'AndroidClient'
[2019.12.13-14.40.45:874][  0]LogTemp: Display: Module 'AndroidTargetPlatform' loaded TargetPlatform 'Android_ASTCClient'
[2019.12.13-14.40.45:874][  0]LogTemp: Display: Module 'AndroidTargetPlatform' loaded TargetPlatform 'Android_ATCClient'
[2019.12.13-14.40.45:874][  0]LogTemp: Display: Module 'AndroidTargetPlatform' loaded TargetPlatform 'Android_DXTClient'
[2019.12.13-14.40.45:874][  0]LogTemp: Display: Module 'AndroidTargetPlatform' loaded TargetPlatform 'Android_ETC1Client'
[2019.12.13-14.40.45:874][  0]LogTemp: Display: Module 'AndroidTargetPlatform' loaded TargetPlatform 'Android_ETC1aClient'
[2019.12.13-14.40.45:874][  0]LogTemp: Display: Module 'AndroidTargetPlatform' loaded TargetPlatform 'Android_ETC2Client'
[2019.12.13-14.40.45:874][  0]LogTemp: Display: Module 'AndroidTargetPlatform' loaded TargetPlatform 'Android_PVRTCClient'
[2019.12.13-14.40.45:874][  0]LogTemp: Display: Module 'AndroidTargetPlatform' loaded TargetPlatform 'Android_Multi'
[2019.12.13-14.40.45:874][  0]LogTemp: Display: Module 'AndroidTargetPlatform' loaded TargetPlatform 'Android_MultiClient'
[2019.12.13-14.40.45:879][  0]LogTemp: Display: Module 'HTML5TargetPlatform' loaded TargetPlatform 'HTML5'
[2019.12.13-14.40.45:940][  0]LogTemp: Display: Module 'IOSTargetPlatform' loaded TargetPlatform 'IOSClient'
[2019.12.13-14.40.45:940][  0]LogTemp: Display: Module 'IOSTargetPlatform' loaded TargetPlatform 'IOS'
[2019.12.13-14.40.45:970][  0]LogTemp: Display: Module 'TVOSTargetPlatform' loaded TargetPlatform 'TVOSClient'
[2019.12.13-14.40.45:971][  0]LogTemp: Display: Module 'TVOSTargetPlatform' loaded TargetPlatform 'TVOS'
[2019.12.13-14.40.45:988][  0]LogTemp: Display: Module 'LinuxClientTargetPlatform' loaded TargetPlatform 'LinuxClient'
[2019.12.13-14.40.46:003][  0]LogTemp: Display: Module 'LinuxNoEditorTargetPlatform' loaded TargetPlatform 'LinuxNoEditor'
[2019.12.13-14.40.46:020][  0]LogTemp: Display: Module 'LinuxServerTargetPlatform' loaded TargetPlatform 'LinuxServer'
[2019.12.13-14.40.46:037][  0]LogTemp: Display: Module 'LinuxTargetPlatform' loaded TargetPlatform 'Linux'
[2019.12.13-14.40.46:094][  0]LogTemp: Display: Module 'LuminTargetPlatform' loaded TargetPlatform 'Lumin'
[2019.12.13-14.40.46:094][  0]LogTemp: Display: Module 'LuminTargetPlatform' loaded TargetPlatform 'LuminClient'
[2019.12.13-14.40.46:094][  0]LogTargetPlatformManager: Display: Building Assets For Windows
[2019.12.13-14.40.46:114][  0]LogAudioDebug: Display: Lib vorbis DLL was dynamically loaded.
[2019.12.13-14.40.46:216][  0]LogShaderCompilers: Guid format shader working directory is -13 characters bigger than the processId version (../../../../../../Users/Daniel/Desktop/UFinalExam/G1213Dani/Intermediate/Shaders/WorkingDirectory/16748/).
[2019.12.13-14.40.46:216][  0]LogShaderCompilers: Cleaned the shader compiler working directory 'C:/Users/Daniel/AppData/Local/Temp/UnrealShaderWorkingDir/35A1A5434280F1133B08FBBCF90ACC9C/'.
[2019.12.13-14.40.46:219][  0]LogXGEController: Cannot use XGE Controller as Incredibuild is not installed on this machine.
[2019.12.13-14.40.46:219][  0]LogShaderCompilers: Cannot use XGE Shader Compiler as Incredibuild is not installed on this machine.
[2019.12.13-14.40.46:220][  0]LogShaderCompilers: Display: Using Local Shader Compiler.
[2019.12.13-14.40.46:987][  0]LogDerivedDataCache: Display: Max Cache Size: 512 MB
[2019.12.13-14.40.47:061][  0]LogDerivedDataCache: Loaded boot cache 0.07s 75MB C:/Users/Daniel/AppData/Local/UnrealEngine/4.22/DerivedDataCache/Boot.ddc.
[2019.12.13-14.40.47:061][  0]LogDerivedDataCache: Display: Loaded Boot cache: C:/Users/Daniel/AppData/Local/UnrealEngine/4.22/DerivedDataCache/Boot.ddc
[2019.12.13-14.40.47:061][  0]LogDerivedDataCache: FDerivedDataBackendGraph:  Pak pak cache file ../../../../../../Users/Daniel/Desktop/UFinalExam/G1213Dani/DerivedDataCache/DDC.ddp not found, will not use a pak cache.
[2019.12.13-14.40.47:062][  0]LogDerivedDataCache: Unable to find inner node Pak for hierarchical cache Hierarchy.
[2019.12.13-14.40.47:062][  0]LogDerivedDataCache: FDerivedDataBackendGraph:  CompressedPak pak cache file ../../../../../../Users/Daniel/Desktop/UFinalExam/G1213Dani/DerivedDataCache/Compressed.ddp not found, will not use a pak cache.
[2019.12.13-14.40.47:062][  0]LogDerivedDataCache: Unable to find inner node CompressedPak for hierarchical cache Hierarchy.
[2019.12.13-14.40.47:078][  0]LogDerivedDataCache: Display: Pak cache opened for reading ../../../Engine/DerivedDataCache/Compressed.ddp.
[2019.12.13-14.40.47:083][  0]LogDerivedDataCache: Display: Pak cache opened for reading ../../../Enterprise/DerivedDataCache/Compressed.ddp.
[2019.12.13-14.40.47:097][  0]LogDerivedDataCache: Using Local data cache path C:/Users/Daniel/AppData/Local/UnrealEngine/Common/DerivedDataCache: Writable
[2019.12.13-14.40.47:097][  0]LogDerivedDataCache: Shared data cache path not found in *engine.ini, will not use an Shared cache.
[2019.12.13-14.40.47:097][  0]LogDerivedDataCache: Unable to find inner node Shared for hierarchical cache Hierarchy.
[2019.12.13-14.40.47:131][  0]LogMaterial: Verifying Global Shaders for PCD3D_SM5
[2019.12.13-14.40.47:133][  0]LogSlate: Using FreeType 2.6.0
[2019.12.13-14.40.47:134][  0]LogSlate: SlateFontServices - WITH_FREETYPE: 1, WITH_HARFBUZZ: 1
[2019.12.13-14.40.47:234][  0]LogAssetRegistry: FAssetRegistry took 0.0387 seconds to start up
[2019.12.13-14.40.47:664][  0]LogInit: Selected Device Profile: [Windows]
[2019.12.13-14.40.47:852][  0]LogMeshReduction: Using QuadricMeshReduction for automatic static mesh reduction
[2019.12.13-14.40.47:852][  0]LogMeshReduction: Using SimplygonMeshReduction for automatic skeletal mesh reduction
[2019.12.13-14.40.47:852][  0]LogMeshReduction: Using ProxyLODMeshReduction for automatic mesh merging
[2019.12.13-14.40.47:852][  0]LogMeshReduction: No distributed automatic mesh merging module available
[2019.12.13-14.40.47:852][  0]LogMeshMerging: No distributed automatic mesh merging module available
[2019.12.13-14.40.47:866][  0]LogNetVersion: G1213Dani 1.0.0, NetCL: 5660361, EngineNetVer: 10, GameNetVer: 0 (Checksum: 2260579722)
[2019.12.13-14.40.48:418][  0]LogPackageLocalizationCache: Processed 16 localized package path(s) for 1 prioritized culture(s) in 0.077249 seconds
[2019.12.13-14.40.48:426][  0]LogUObjectArray: 42205 objects as part of root set at end of initial load.
[2019.12.13-14.40.48:426][  0]LogUObjectAllocator: 7325032 out of 0 bytes used by permanent object pool.
[2019.12.13-14.40.48:426][  0]LogUObjectArray: CloseDisregardForGC: 0/0 objects in disregard for GC pool
[2019.12.13-14.40.49:507][  0]LogTcpMessaging: Initializing TcpMessaging bridge
[2019.12.13-14.40.49:526][  0]LogUdpMessaging: Initializing bridge on interface 0.0.0.0:0 to multicast group 230.0.0.1:6666.
[2019.12.13-14.40.49:870][  0]SourceControl: Source control is disabled
[2019.12.13-14.40.49:870][  0]SourceControl: Source control is disabled
[2019.12.13-14.40.49:874][  0]SourceControl: Source control is disabled
[2019.12.13-14.40.49:878][  0]SourceControl: Source control is disabled
[2019.12.13-14.40.50:113][  0]LogAndroidPermission: UAndroidPermissionCallbackProxy::GetInstance
[2019.12.13-14.40.50:298][  0]LogOcInput: OculusInput pre-init called
[2019.12.13-14.40.53:402][  0]LogWindows: Failed to load 'libalias_api.dll' (GetLastError=126)
[2019.12.13-14.40.53:402][  0]LogWindows: File 'libalias_api.dll' does not exist
[2019.12.13-14.40.53:404][  0]LogWindows: Failed to load 'libalias_api.dll' (GetLastError=126)
[2019.12.13-14.40.53:404][  0]LogWindows: File 'libalias_api.dll' does not exist
[2019.12.13-14.40.53:582][  0]LogEngine: Initializing Engine...
[2019.12.13-14.40.53:583][  0]LogHMD: Failed to initialize OpenVR with code 110
[2019.12.13-14.40.53:585][  0]LogStats: UGameplayTagsManager::InitializeManager -  0.000 s
[2019.12.13-14.40.53:837][  0]LogInit: Initializing FReadOnlyCVARCache
[2019.12.13-14.40.53:859][  0]LogAIModule: Creating AISystem for world Untitled
[2019.12.13-14.40.53:898][  0]LogInit: XAudio2 using 'Headphones (HD 4.50BTNC Stereo)' : 2 channels at 44.1 kHz using 16 bits per sample (channel mask 0x3)
[2019.12.13-14.40.53:926][  0]LogInit: FAudioDevice initialized.
[2019.12.13-14.40.53:926][  0]LogNetVersion: Set ProjectVersion to 1.0.0.0. Version Checksum will be recalculated on next use.
[2019.12.13-14.40.53:984][  0]LogDerivedDataCache: Saved boot cache 0.06s 75MB C:/Users/Daniel/AppData/Local/UnrealEngine/4.22/DerivedDataCache/Boot.ddc.
[2019.12.13-14.40.53:997][  0]LogInit: Texture streaming: Enabled
[2019.12.13-14.40.54:030][  0]LogEngineSessionManager: EngineSessionManager initialized
[2019.12.13-14.40.54:053][  0]LogInit: Transaction tracking system initialized
[2019.12.13-14.40.54:098][  0]BlueprintLog: New page: Editor Load
[2019.12.13-14.40.54:233][  0]LocalizationService: Localization service is disabled
[2019.12.13-14.40.54:648][  0]LogFileCache: Scanning file cache for directory 'C:/Users/Daniel/Desktop/UFinalExam/G1213Dani/Content/' took 0.02s
[2019.12.13-14.40.54:648][  0]LogCook: Display: Max memory allowance for cook 16384mb min free memory 0mb
[2019.12.13-14.40.54:648][  0]LogCook: Display: Mobile HDR setting 1
[2019.12.13-14.40.56:335][  0]SourceControl: Source control is disabled
[2019.12.13-14.40.56:335][  0]Cmd: MAP LOAD FILE="../../../../../../Users/Daniel/Desktop/UFinalExam/G1213Dani/Content/FirstPersonCPP/Maps/FirstPersonExampleMap.umap" TEMPLATE=0 SHOWPROGRESS=1 FEATURELEVEL=3
[2019.12.13-14.40.56:336][  0]LightingResults: New page: Lighting Build
[2019.12.13-14.40.56:340][  0]MapCheck: New page: Map Check
[2019.12.13-14.40.56:340][  0]LightingResults: New page: Lighting Build
[2019.12.13-14.40.56:371][  0]LogUObjectHash: Compacting FUObjectHashTables data took   2.30ms
[2019.12.13-14.40.56:494][  0]LogAIModule: Creating AISystem for world FirstPersonExampleMap
[2019.12.13-14.40.56:509][  0]LogEditorServer: Finished looking for orphan Actors (0.000 secs)
[2019.12.13-14.40.56:539][  0]LogUObjectHash: Compacting FUObjectHashTables data took   2.44ms
[2019.12.13-14.40.56:540][  0]Cmd: MAP CHECKDEP NOCLEARLOG
[2019.12.13-14.40.56:540][  0]MapCheck: Map check complete: 0 Error(s), 0 Warning(s), took 0.249ms to complete.
[2019.12.13-14.40.56:540][  0]LogFileHelpers: Loading map 'FirstPersonExampleMap' took 0.205
[2019.12.13-14.40.56:710][  0]LogSlate: Updating window title bar state: overlay mode, drag disabled, window buttons hidden, title bar hidden
[2019.12.13-14.40.56:722][  0]LogSlate: Updating window title bar state: overlay mode, drag disabled, window buttons hidden, title bar hidden
[2019.12.13-14.40.56:733][  0]LogSlate: Updating window title bar state: overlay mode, drag disabled, window buttons hidden, title bar hidden
[2019.12.13-14.40.56:743][  0]LogSlate: Updating window title bar state: overlay mode, drag disabled, window buttons hidden, title bar hidden
[2019.12.13-14.40.56:753][  0]LogCollectionManager: Loaded 0 collections in 0.002195 seconds
[2019.12.13-14.40.56:788][  0]LogFileCache: Scanning file cache for directory 'C:/Users/Daniel/Desktop/UFinalExam/G1213Dani/Saved/Collections/' took 0.01s
[2019.12.13-14.40.56:788][  0]LogFileCache: Scanning file cache for directory 'C:/Users/Daniel/Desktop/UFinalExam/G1213Dani/Content/Developers/Daniel/Collections/' took 0.01s
[2019.12.13-14.40.56:788][  0]LogFileCache: Scanning file cache for directory 'C:/Users/Daniel/Desktop/UFinalExam/G1213Dani/Content/Collections/' took 0.00s
[2019.12.13-14.40.56:788][  0]LogCollectionManager: Rebuilt the GUID cache for 0 collections in 0.000000 seconds
[2019.12.13-14.40.56:803][  0]LogContentBrowser: Native class hierarchy populated in 0.0141 seconds. Added 2872 classes and 728 folders.
[2019.12.13-14.40.56:810][  0]LogContentBrowser: Native class hierarchy updated for 'WidgetCarousel' in 0.0004 seconds. Added 0 classes and 0 folders.
[2019.12.13-14.40.56:811][  0]LogPakFile: Registered encryption key '00000000000000000000000000000000': 0 pak files mounted, 0 remain pending
[2019.12.13-14.40.56:812][  0]LogPakFile: Registered encryption key '00000000000000000000000000000000': 0 pak files mounted, 0 remain pending
[2019.12.13-14.40.56:813][  0]LogPakFile: Registered encryption key '00000000000000000000000000000000': 0 pak files mounted, 0 remain pending
[2019.12.13-14.40.56:814][  0]LogPakFile: Registered encryption key '00000000000000000000000000000000': 0 pak files mounted, 0 remain pending
[2019.12.13-14.40.56:815][  0]LogPakFile: Registered encryption key '00000000000000000000000000000000': 0 pak files mounted, 0 remain pending
[2019.12.13-14.40.56:816][  0]LogPakFile: Registered encryption key '00000000000000000000000000000000': 0 pak files mounted, 0 remain pending
[2019.12.13-14.40.56:816][  0]LogPakFile: Registered encryption key '00000000000000000000000000000000': 0 pak files mounted, 0 remain pending
[2019.12.13-14.40.56:817][  0]LogPakFile: Registered encryption key '00000000000000000000000000000000': 0 pak files mounted, 0 remain pending
[2019.12.13-14.40.56:818][  0]LogPakFile: Registered encryption key '00000000000000000000000000000000': 0 pak files mounted, 0 remain pending
[2019.12.13-14.40.56:819][  0]LogPakFile: Registered encryption key '00000000000000000000000000000000': 0 pak files mounted, 0 remain pending
[2019.12.13-14.40.56:820][  0]LogPakFile: Registered encryption key '00000000000000000000000000000000': 0 pak files mounted, 0 remain pending
[2019.12.13-14.40.56:820][  0]LogPakFile: Registered encryption key '00000000000000000000000000000000': 0 pak files mounted, 0 remain pending
[2019.12.13-14.40.56:821][  0]LogPakFile: Registered encryption key '00000000000000000000000000000000': 0 pak files mounted, 0 remain pending
[2019.12.13-14.40.56:822][  0]LogPakFile: Registered encryption key '00000000000000000000000000000000': 0 pak files mounted, 0 remain pending
[2019.12.13-14.40.56:823][  0]LogPakFile: Registered encryption key '00000000000000000000000000000000': 0 pak files mounted, 0 remain pending
[2019.12.13-14.40.56:824][  0]LogPakFile: Registered encryption key '00000000000000000000000000000000': 0 pak files mounted, 0 remain pending
[2019.12.13-14.40.56:824][  0]LogPakFile: Registered encryption key '00000000000000000000000000000000': 0 pak files mounted, 0 remain pending
[2019.12.13-14.40.56:825][  0]LogPakFile: Registered encryption key '00000000000000000000000000000000': 0 pak files mounted, 0 remain pending
[2019.12.13-14.40.56:826][  0]LogPakFile: Registered encryption key '00000000000000000000000000000000': 0 pak files mounted, 0 remain pending
[2019.12.13-14.40.56:827][  0]LogPakFile: Registered encryption key '00000000000000000000000000000000': 0 pak files mounted, 0 remain pending
[2019.12.13-14.40.56:827][  0]LogPakFile: Registered encryption key '00000000000000000000000000000000': 0 pak files mounted, 0 remain pending
[2019.12.13-14.40.56:828][  0]LogPakFile: Registered encryption key '00000000000000000000000000000000': 0 pak files mounted, 0 remain pending
[2019.12.13-14.40.56:829][  0]LogPakFile: Registered encryption key '00000000000000000000000000000000': 0 pak files mounted, 0 remain pending
[2019.12.13-14.40.56:829][  0]LogPakFile: Registered encryption key '00000000000000000000000000000000': 0 pak files mounted, 0 remain pending
[2019.12.13-14.40.56:830][  0]LogPakFile: Registered encryption key '00000000000000000000000000000000': 0 pak files mounted, 0 remain pending
[2019.12.13-14.40.56:831][  0]LogPakFile: Registered encryption key '00000000000000000000000000000000': 0 pak files mounted, 0 remain pending
[2019.12.13-14.40.56:832][  0]LogPakFile: Registered encryption key '00000000000000000000000000000000': 0 pak files mounted, 0 remain pending
[2019.12.13-14.40.56:832][  0]LogPakFile: Registered encryption key '00000000000000000000000000000000': 0 pak files mounted, 0 remain pending
[2019.12.13-14.40.56:861][  0]LogContentBrowser: Native class hierarchy updated for 'AddContentDialog' in 0.0005 seconds. Added 0 classes and 0 folders.
[2019.12.13-14.40.56:865][  0]LogContentBrowser: Native class hierarchy updated for 'SceneOutliner' in 0.0005 seconds. Added 1 classes and 0 folders.
[2019.12.13-14.40.56:965][  0]LogSlate: Took 0.000189 seconds to synchronously load lazily loaded font '../../../Engine/Content/Slate/Fonts/Roboto-Regular.ttf' (155K)
[2019.12.13-14.40.56:972][  0]LogSlate: Took 0.000202 seconds to synchronously load lazily loaded font '../../../Engine/Content/Slate/Fonts/Roboto-Bold.ttf' (160K)
[2019.12.13-14.40.56:978][  0]LogSlate: Took 0.000174 seconds to synchronously load lazily loaded font '../../../Engine/Content/Editor/Slate/Fonts/FontAwesome.ttf' (139K)
[2019.12.13-14.40.57:064][  0]LogRenderer: Reallocating scene render targets to support 924x488 Format 10 NumSamples 1 (Frame:1).
[2019.12.13-14.40.57:132][  0]LogSlate: Took 0.000107 seconds to synchronously load lazily loaded font '../../../Engine/Content/Slate/Fonts/Roboto-Light.ttf' (167K)
[2019.12.13-14.40.57:262][  0]LogContentBrowser: Native class hierarchy updated for 'HierarchicalLODOutliner' in 0.0006 seconds. Added 0 classes and 0 folders.
[2019.12.13-14.40.57:262][  0]LogLoad: (Engine Initialization) Total time: 15.81 seconds
[2019.12.13-14.40.57:262][  0]LogLoad: (Engine Initialization) Total Blueprint compile time: 0.00 seconds
[2019.12.13-14.40.57:408][  0]LogAssetRegistry: Asset discovery search completed in 10.2005 seconds
[2019.12.13-14.40.57:411][  0]LogCollectionManager: Rebuilt the object cache for 0 collections in 0.000000 seconds (found 0 objects)
[2019.12.13-14.40.57:411][  0]LogCollectionManager: Fixed up redirectors for 0 collections in 0.000175 seconds (updated 0 objects)
[2019.12.13-14.40.57:413][  0]LogContentStreaming: Texture pool size now 1000 MB
[2019.12.13-14.41.19:080][294]LogSlate: FSceneViewport::OnFocusLost() reason 0
[2019.12.13-14.41.24:373][602]LogTemp: Repeating last play command: Selected Viewport
[2019.12.13-14.41.24:406][602]LogBlueprintUserMessages: Early PlayInEditor Detection: Level '/Game/FirstPersonCPP/Maps/FirstPersonExampleMap.FirstPersonExampleMap:PersistentLevel' has LevelScriptBlueprint '/Game/FirstPersonCPP/Maps/FirstPersonExampleMap.FirstPersonExampleMap:PersistentLevel.FirstPersonExampleMap' with GeneratedClass '/Game/FirstPersonCPP/Maps/FirstPersonExampleMap.FirstPersonExampleMap_C' with ClassGeneratedBy '/Game/FirstPersonCPP/Maps/FirstPersonExampleMap.FirstPersonExampleMap:PersistentLevel.FirstPersonExampleMap'
[2019.12.13-14.41.24:407][602]LogPlayLevel: PlayLevel: No blueprints needed recompiling
[2019.12.13-14.41.24:411][602]PIE: New page: PIE session: FirstPersonExampleMap (Dec 13, 2019, 4:41:24 AM)
[2019.12.13-14.41.24:428][602]LogPlayLevel: Creating play world package: /Game/FirstPersonCPP/Maps/UEDPIE_0_FirstPersonExampleMap
[2019.12.13-14.41.24:445][602]LogPlayLevel: PIE: StaticDuplicateObject took: (0.015916s)
[2019.12.13-14.41.24:446][602]LogAIModule: Creating AISystem for world FirstPersonExampleMap
[2019.12.13-14.41.24:446][602]LogPlayLevel: PIE: World Init took: (0.001275s)
[2019.12.13-14.41.24:446][602]LogPlayLevel: PIE: Created PIE world by copying editor world from /Game/FirstPersonCPP/Maps/FirstPersonExampleMap.FirstPersonExampleMap to /Game/FirstPersonCPP/Maps/UEDPIE_0_FirstPersonExampleMap.FirstPersonExampleMap (0.018174s)
[2019.12.13-14.41.24:475][602]LogUObjectHash: Compacting FUObjectHashTables data took   1.40ms
[2019.12.13-14.41.24:492][602]LogInit: XAudio2 using 'Headphones (HD 4.50BTNC Stereo)' : 2 channels at 44.1 kHz using 16 bits per sample (channel mask 0x3)
[2019.12.13-14.41.24:508][602]LogInit: FAudioDevice initialized.
[2019.12.13-14.41.24:510][602]LogSlate: FSceneViewport::OnFocusLost() reason 2
[2019.12.13-14.41.24:561][602]LogLoad: Game class is 'G1213DaniGameMode'
[2019.12.13-14.41.24:566][602]LogWorld: Bringing World /Game/FirstPersonCPP/Maps/UEDPIE_0_FirstPersonExampleMap.FirstPersonExampleMap up for play (max tick rate 60) at 2019.12.13-09.41.24
[2019.12.13-14.41.24:568][602]LogWorld: Bringing up level for play took: 0.003516
[2019.12.13-14.41.24:596][602]LogContentBrowser: Native class hierarchy updated for 'MovieSceneCapture' in 0.0006 seconds. Added 20 classes and 0 folders.
[2019.12.13-14.41.24:599][602]PIE: Play in editor start time for /Game/FirstPersonCPP/Maps/UEDPIE_0_FirstPersonExampleMap -0.54
[2019.12.13-14.41.24:599][602]LogBlueprintUserMessages: Late PlayInEditor Detection: Level '/Game/FirstPersonCPP/Maps/FirstPersonExampleMap.FirstPersonExampleMap:PersistentLevel' has LevelScriptBlueprint '/Game/FirstPersonCPP/Maps/FirstPersonExampleMap.FirstPersonExampleMap:PersistentLevel.FirstPersonExampleMap' with GeneratedClass '/Game/FirstPersonCPP/Maps/FirstPersonExampleMap.FirstPersonExampleMap_C' with ClassGeneratedBy '/Game/FirstPersonCPP/Maps/FirstPersonExampleMap.FirstPersonExampleMap:PersistentLevel.FirstPersonExampleMap'
