Log file open, 12/13/19 10:20:45
LogWindows: Failed to load 'aqProf.dll' (GetLastError=126)
LogWindows: File 'aqProf.dll' does not exist
LogWindows: Failed to load 'VtuneApi.dll' (GetLastError=126)
LogWindows: File 'VtuneApi.dll' does not exist
LogWindows: Failed to load 'VtuneApi32e.dll' (GetLastError=126)
LogWindows: File 'VtuneApi32e.dll' does not exist
LogConsoleResponse: Display: Failed to find resolution value strings in scalability ini. Falling back to default.
LogInit: Display: Running engine for game: G1213Dani
LogPakFile: Registered encryption key '00000000000000000000000000000000': 0 pak files mounted, 0 remain pending
LogPlatformFile: Not using cached read wrapper
LogTaskGraph: Started task graph with 5 named threads and 23 total threads with 3 sets of task threads.
LogStats: Stats thread started at 0.289624
LogD3D11RHI: Loaded GFSDK_Aftermath_Lib.x64.dll
LogICUInternationalization: ICU TimeZone Detection - Raw Offset: -5:00, Platform Override: ''
LogPluginManager: Mounting plugin Paper2D
LogPluginManager: Mounting plugin AISupport
LogPluginManager: Mounting plugin LightPropagationVolume
LogPluginManager: Mounting plugin ActorLayerUtilities
LogPluginManager: Mounting plugin AnimationSharing
LogPluginManager: Mounting plugin CLionSourceCodeAccess
LogPluginManager: Mounting plugin CodeLiteSourceCodeAccess
LogPluginManager: Mounting plugin GitSourceControl
LogPluginManager: Mounting plugin KDevelopSourceCodeAccess
LogPluginManager: Mounting plugin NullSourceCodeAccess
LogPluginManager: Mounting plugin PerforceSourceControl
LogPluginManager: Mounting plugin SubversionSourceControl
LogPluginManager: Mounting plugin UObjectPlugin
LogPluginManager: Mounting plugin VisualStudioCodeSourceCodeAccess
LogPluginManager: Mounting plugin VisualStudioSourceCodeAccess
LogPluginManager: Mounting plugin XCodeSourceCodeAccess
LogPluginManager: Mounting plugin AssetManagerEditor
LogPluginManager: Mounting plugin CryptoKeys
LogPluginManager: Mounting plugin DataValidation
LogPluginManager: Mounting plugin EditorScriptingUtilities
LogPluginManager: Mounting plugin FacialAnimation
LogPluginManager: Mounting plugin GameplayTagsEditor
LogPluginManager: Mounting plugin GLTFImporter
LogPluginManager: Mounting plugin MacGraphicsSwitching
LogPluginManager: Mounting plugin MaterialAnalyzer
LogPluginManager: Mounting plugin MeshEditor
LogPluginManager: Mounting plugin MobileLauncherProfileWizard
LogPluginManager: Mounting plugin PluginBrowser
LogPluginManager: Mounting plugin SpeedTreeImporter
LogPluginManager: Mounting plugin DatasmithContent
LogPluginManager: Mounting plugin VariantManagerContent
LogPluginManager: Mounting plugin AlembicImporter
LogPluginManager: Mounting plugin AppleImageUtils
LogPluginManager: Mounting plugin AppleVision
LogPluginManager: Mounting plugin BackChannel
LogPluginManager: Mounting plugin BlastPlugin
LogPluginManager: Mounting plugin ChaosSolverPlugin
LogPluginManager: Mounting plugin CharacterAI
LogPluginManager: Mounting plugin GeometryCache
LogPluginManager: Mounting plugin GeometryCollectionPlugin
LogPluginManager: Mounting plugin HTML5Networking
LogPluginManager: Mounting plugin ProxyLODPlugin
LogPluginManager: Mounting plugin SkeletalReduction
LogPluginManager: Mounting plugin MagicLeap
LogPluginManager: Mounting plugin MagicLeapMedia
LogPluginManager: Mounting plugin AndroidMedia
LogPluginManager: Mounting plugin AvfMedia
LogPluginManager: Mounting plugin ImgMedia
LogPluginManager: Mounting plugin LinearTimecode
LogPluginManager: Mounting plugin MediaCompositing
LogPluginManager: Mounting plugin MediaPlayerEditor
LogPluginManager: Mounting plugin WebMMedia
LogPluginManager: Mounting plugin WmfMedia
LogPluginManager: Mounting plugin TcpMessaging
LogPluginManager: Mounting plugin UdpMessaging
LogPluginManager: Mounting plugin ActorSequence
LogPluginManager: Mounting plugin LevelSequenceEditor
LogPluginManager: Mounting plugin MatineeToLevelSequence
LogPluginManager: Mounting plugin NetcodeUnitTest
LogPluginManager: Mounting plugin NUTUnrealEngine4
LogPluginManager: Mounting plugin OnlineSubsystemGooglePlay
LogPluginManager: Mounting plugin OnlineSubsystemIOS
LogPluginManager: Mounting plugin OnlineSubsystem
LogPluginManager: Mounting plugin OnlineSubsystemNull
LogPluginManager: Mounting plugin OnlineSubsystemUtils
LogPluginManager: Mounting plugin LauncherChunkInstaller
LogPluginManager: Mounting plugin AndroidDeviceProfileSelector
LogPluginManager: Mounting plugin AndroidMoviePlayer
LogPluginManager: Mounting plugin AndroidPermission
LogPluginManager: Mounting plugin AppleMoviePlayer
LogPluginManager: Mounting plugin ArchVisCharacter
LogPluginManager: Mounting plugin AudioCapture
LogPluginManager: Mounting plugin CableComponent
LogPluginManager: Mounting plugin CustomMeshComponent
LogPluginManager: Mounting plugin EditableMesh
LogPluginManager: Mounting plugin ExampleDeviceProfileSelector
LogPluginManager: Mounting plugin Firebase
LogPluginManager: Mounting plugin GoogleCloudMessaging
LogPluginManager: Mounting plugin IOSDeviceProfileSelector
LogPluginManager: Mounting plugin LinuxDeviceProfileSelector
LogPluginManager: Mounting plugin LocationServicesBPLibrary
LogPluginManager: Mounting plugin MobilePatchingUtils
LogPluginManager: Mounting plugin OculusVR
LogPluginManager: Mounting plugin PhysXVehicles
LogPluginManager: Mounting plugin ProceduralMeshComponent
LogPluginManager: Mounting plugin RuntimePhysXCooking
LogPluginManager: Mounting plugin SignificanceManager
LogPluginManager: Mounting plugin SteamVR
LogPluginManager: Mounting plugin WebMMoviePlayer
LogPluginManager: Mounting plugin WindowsMoviePlayer
LogPluginManager: Mounting plugin DatasmithCADImporter
LogPluginManager: Mounting plugin DatasmithDataPrepEditor
LogPluginManager: Mounting plugin DatasmithFBXImporter
LogPluginManager: Mounting plugin DatasmithGLTFImporter
LogPluginManager: Mounting plugin DatasmithImporter
LogPluginManager: Mounting plugin MDLImporter
LogPluginManager: Mounting plugin StaticMeshEditorExtension
LogPluginManager: Mounting plugin VariantManager
LogInit: Using libcurl 7.55.1-DEV
LogInit:  - built for x86_64-pc-win32
LogInit:  - supports SSL with OpenSSL/1.1.1
LogInit:  - supports HTTP deflate (compression) using libz 1.2.8
LogInit:  - other features:
LogInit:      CURL_VERSION_SSL
LogInit:      CURL_VERSION_LIBZ
LogInit:      CURL_VERSION_IPV6
LogInit:      CURL_VERSION_ASYNCHDNS
LogInit:      CURL_VERSION_LARGEFILE
LogInit:      CURL_VERSION_IDN
LogInit:  CurlRequestOptions (configurable via config and command line):
LogInit:  - bVerifyPeer = true  - Libcurl will verify peer certificate
LogInit:  - bUseHttpProxy = false  - Libcurl will NOT use HTTP proxy
LogInit:  - bDontReuseConnections = false  - Libcurl will reuse connections
LogInit:  - MaxHostConnections = 16  - Libcurl will limit the number of connections to a host
LogInit:  - LocalHostAddr = Default
LogInit:  - BufferSize = 65536
LogInit: WinSock: version 1.1 (2.2), MaxSocks=32767, MaxUdp=65467
LogInit: Build: ++UE4+Release-4.22-CL-7053642
LogInit: Engine Version: 4.22.3-7053642+++UE4+Release-4.22
LogInit: Compatible Engine Version: 4.22.0-5660361+++UE4+Release-4.22
LogInit: Net CL: 5660361
LogInit: OS: Windows 10 (Release 1903) (), CPU: Intel(R) Core(TM) i7-6700HQ CPU @ 2.60GHz, GPU: Intel(R) HD Graphics 530
LogInit: Compiled (64-bit): Jun 18 2019 03:09:11
LogInit: Compiled with Visual C++: 19.16.27025.01
LogInit: Build Configuration: Development
LogInit: Branch Name: ++UE4+Release-4.22
LogInit: Command Line: 
LogInit: Base Directory: C:/Program Files/Epic Games/UE_4.22/Engine/Binaries/Win64/
LogInit: Installed Engine Build: 1
LogDevObjectVersion: Number of dev versions registered: 23
LogDevObjectVersion:   Dev-Blueprints (B0D832E4-1F89-4F0D-ACCF-7EB736FD4AA2): 10
LogDevObjectVersion:   Dev-Build (E1C64328-A22C-4D53-A36C-8E866417BD8C): 0
LogDevObjectVersion:   Dev-Core (375EC13C-06E4-48FB-B500-84F0262A717E): 3
LogDevObjectVersion:   Dev-Editor (E4B068ED-F494-42E9-A231-DA0B2E46BB41): 30
LogDevObjectVersion:   Dev-Framework (CFFC743F-43B0-4480-9391-14DF171D2073): 35
LogDevObjectVersion:   Dev-Mobile (B02B49B5-BB20-44E9-A304-32B752E40360): 2
LogDevObjectVersion:   Dev-Networking (A4E4105C-59A1-49B5-A7C5-40C4547EDFEE): 0
LogDevObjectVersion:   Dev-Online (39C831C9-5AE6-47DC-9A44-9C173E1C8E7C): 0
LogDevObjectVersion:   Dev-Physics (78F01B33-EBEA-4F98-B9B4-84EACCB95AA2): 0
LogDevObjectVersion:   Dev-Platform (6631380F-2D4D-43E0-8009-CF276956A95A): 0
LogDevObjectVersion:   Dev-Rendering (12F88B9F-8875-4AFC-A67C-D90C383ABD29): 28
LogDevObjectVersion:   Dev-Sequencer (7B5AE74C-D270-4C10-A958-57980B212A5A): 11
LogDevObjectVersion:   Dev-VR (D7296918-1DD6-4BDD-9DE2-64A83CC13884): 2
LogDevObjectVersion:   Dev-LoadTimes (C2A15278-BFE7-4AFE-6C17-90FF531DF755): 1
LogDevObjectVersion:   Private-Geometry (6EACA3D4-40EC-4CC1-B786-8BED09428FC5): 3
LogDevObjectVersion:   Dev-AnimPhys (29E575DD-E0A3-4627-9D10-D276232CDCEA): 17
LogDevObjectVersion:   Dev-Anim (AF43A65D-7FD3-4947-9873-3E8ED9C1BB05): 2
LogDevObjectVersion:   Dev-ReflectionCapture (6B266CEC-1EC7-4B8F-A30B-E4D90942FC07): 1
LogDevObjectVersion:   Dev-Automation (0DF73D61-A23F-47EA-B727-89E90C41499A): 1
LogDevObjectVersion:   FortniteMain (601D1886-AC64-4F84-AA16-D3DE0DEAC7D6): 25
LogDevObjectVersion:   Dev-Enterprise (9DFFBCD6-494F-0158-E221-12823C92A888): 6
LogDevObjectVersion:   Dev-Niagara (F2AED0AC-9AFE-416F-8664-AA7FFA26D6FC): 1
LogDevObjectVersion:   Dev-Destruction (174F1F0B-B4C6-45A5-B13F-2EE8D0FB917D): 2
LogInit: Presizing for max 16777216 objects, including 0 objects not considered by GC, pre-allocating 0 bytes for permanent pool.
LogInit: Object subsystem initialized
LogConfig: Setting CVar [[con.DebugEarlyDefault:1]]
LogConfig: Setting CVar [[r.setres:1280x720]]
[2019.12.13-15.20.46:418][  0]LogConfig: Setting CVar [[r.VSync:0]]
[2019.12.13-15.20.46:418][  0]LogConfig: Setting CVar [[r.RHICmdBypass:0]]
[2019.12.13-15.20.46:418][  0]LogConfig: Applying CVar settings from Section [/Script/Engine.RendererSettings] File [C:/Users/Daniel/Desktop/UFinalExam/G1213Dani/Saved/Config/Windows/Engine.ini]
[2019.12.13-15.20.46:418][  0]LogConfig: Setting CVar [[r.GPUCrashDebugging:0]]
[2019.12.13-15.20.46:418][  0]LogConfig: Applying CVar settings from Section [/Script/Engine.RendererOverrideSettings] File [C:/Users/Daniel/Desktop/UFinalExam/G1213Dani/Saved/Config/Windows/Engine.ini]
[2019.12.13-15.20.46:418][  0]LogConfig: Applying CVar settings from Section [/Script/Engine.StreamingSettings] File [C:/Users/Daniel/Desktop/UFinalExam/G1213Dani/Saved/Config/Windows/Engine.ini]
[2019.12.13-15.20.46:419][  0]LogConfig: Setting CVar [[s.MinBulkDataSizeForAsyncLoading:131072]]
[2019.12.13-15.20.46:419][  0]LogConfig: Setting CVar [[s.AsyncLoadingThreadEnabled:0]]
[2019.12.13-15.20.46:419][  0]LogConfig: Setting CVar [[s.EventDrivenLoaderEnabled:1]]
[2019.12.13-15.20.46:419][  0]LogConfig: Setting CVar [[s.WarnIfTimeLimitExceeded:0]]
[2019.12.13-15.20.46:419][  0]LogConfig: Setting CVar [[s.TimeLimitExceededMultiplier:1.5]]
[2019.12.13-15.20.46:419][  0]LogConfig: Setting CVar [[s.TimeLimitExceededMinTime:0.005]]
[2019.12.13-15.20.46:419][  0]LogConfig: Setting CVar [[s.UseBackgroundLevelStreaming:1]]
[2019.12.13-15.20.46:419][  0]LogConfig: Setting CVar [[s.PriorityAsyncLoadingExtraTime:15.0]]
[2019.12.13-15.20.46:419][  0]LogConfig: Setting CVar [[s.LevelStreamingActorsUpdateTimeLimit:5.0]]
[2019.12.13-15.20.46:419][  0]LogConfig: Setting CVar [[s.PriorityLevelStreamingActorsUpdateExtraTime:5.0]]
[2019.12.13-15.20.46:419][  0]LogConfig: Setting CVar [[s.LevelStreamingComponentsRegistrationGranularity:10]]
[2019.12.13-15.20.46:419][  0]LogConfig: Setting CVar [[s.UnregisterComponentsTimeLimit:1.0]]
[2019.12.13-15.20.46:419][  0]LogConfig: Setting CVar [[s.LevelStreamingComponentsUnregistrationGranularity:5]]
[2019.12.13-15.20.46:419][  0]LogConfig: Applying CVar settings from Section [/Script/Engine.GarbageCollectionSettings] File [C:/Users/Daniel/Desktop/UFinalExam/G1213Dani/Saved/Config/Windows/Engine.ini]
[2019.12.13-15.20.46:419][  0]LogConfig: Setting CVar [[gc.MaxObjectsNotConsideredByGC:1]]
[2019.12.13-15.20.46:419][  0]LogConfig: Setting CVar [[gc.SizeOfPermanentObjectPool:0]]
[2019.12.13-15.20.46:419][  0]LogConfig: Setting CVar [[gc.FlushStreamingOnGC:0]]
[2019.12.13-15.20.46:419][  0]LogConfig: Setting CVar [[gc.NumRetriesBeforeForcingGC:10]]
[2019.12.13-15.20.46:419][  0]LogConfig: Setting CVar [[gc.AllowParallelGC:1]]
[2019.12.13-15.20.46:419][  0]LogConfig: Setting CVar [[gc.TimeBetweenPurgingPendingKillObjects:61.1]]
[2019.12.13-15.20.46:419][  0]LogConfig: Setting CVar [[gc.MaxObjectsInEditor:16777216]]
[2019.12.13-15.20.46:419][  0]LogConfig: Setting CVar [[gc.IncrementalBeginDestroyEnabled:1]]
[2019.12.13-15.20.46:419][  0]LogConfig: Setting CVar [[gc.CreateGCClusters:1]]
[2019.12.13-15.20.46:419][  0]LogConfig: Setting CVar [[gc.MinGCClusterSize:5]]
[2019.12.13-15.20.46:419][  0]LogConfig: Setting CVar [[gc.ActorClusteringEnabled:0]]
[2019.12.13-15.20.46:419][  0]LogConfig: Setting CVar [[gc.BlueprintClusteringEnabled:0]]
[2019.12.13-15.20.46:419][  0]LogConfig: Setting CVar [[gc.UseDisregardForGCOnDedicatedServers:0]]
[2019.12.13-15.20.46:419][  0]LogConfig: Applying CVar settings from Section [/Script/Engine.NetworkSettings] File [C:/Users/Daniel/Desktop/UFinalExam/G1213Dani/Saved/Config/Windows/Engine.ini]
[2019.12.13-15.20.46:419][  0]LogConfig: Applying CVar settings from Section [/Script/UnrealEd.CookerSettings] File [C:/Users/Daniel/Desktop/UFinalExam/G1213Dani/Saved/Config/Windows/Engine.ini]
[2019.12.13-15.20.46:422][  0]LogConfig: Applying CVar settings from Section [ViewDistanceQuality@3] File [C:/Users/Daniel/Desktop/UFinalExam/G1213Dani/Saved/Config/Windows/Scalability.ini]
[2019.12.13-15.20.46:422][  0]LogConfig: Setting CVar [[r.SkeletalMeshLODBias:0]]
[2019.12.13-15.20.46:422][  0]LogConfig: Setting CVar [[r.ViewDistanceScale:1.0]]
[2019.12.13-15.20.46:422][  0]LogConfig: Applying CVar settings from Section [AntiAliasingQuality@3] File [C:/Users/Daniel/Desktop/UFinalExam/G1213Dani/Saved/Config/Windows/Scalability.ini]
[2019.12.13-15.20.46:422][  0]LogConfig: Setting CVar [[r.PostProcessAAQuality:4]]
[2019.12.13-15.20.46:423][  0]LogConfig: Applying CVar settings from Section [ShadowQuality@3] File [C:/Users/Daniel/Desktop/UFinalExam/G1213Dani/Saved/Config/Windows/Scalability.ini]
[2019.12.13-15.20.46:423][  0]LogConfig: Setting CVar [[r.LightFunctionQuality:1]]
[2019.12.13-15.20.46:423][  0]LogConfig: Setting CVar [[r.ShadowQuality:5]]
[2019.12.13-15.20.46:423][  0]LogConfig: Setting CVar [[r.Shadow.CSM.MaxCascades:10]]
[2019.12.13-15.20.46:423][  0]LogConfig: Setting CVar [[r.Shadow.MaxResolution:2048]]
[2019.12.13-15.20.46:423][  0]LogConfig: Setting CVar [[r.Shadow.MaxCSMResolution:2048]]
[2019.12.13-15.20.46:423][  0]LogConfig: Setting CVar [[r.Shadow.RadiusThreshold:0.01]]
[2019.12.13-15.20.46:423][  0]LogConfig: Setting CVar [[r.Shadow.DistanceScale:1.0]]
[2019.12.13-15.20.46:423][  0]LogConfig: Setting CVar [[r.Shadow.CSM.TransitionScale:1.0]]
[2019.12.13-15.20.46:423][  0]LogConfig: Setting CVar [[r.Shadow.PreShadowResolutionFactor:1.0]]
[2019.12.13-15.20.46:423][  0]LogConfig: Setting CVar [[r.DistanceFieldShadowing:1]]
[2019.12.13-15.20.46:423][  0]LogConfig: Setting CVar [[r.DistanceFieldAO:1]]
[2019.12.13-15.20.46:423][  0]LogConfig: Setting CVar [[r.AOQuality:2]]
[2019.12.13-15.20.46:423][  0]LogConfig: Setting CVar [[r.VolumetricFog:1]]
[2019.12.13-15.20.46:423][  0]LogConfig: Setting CVar [[r.VolumetricFog.GridPixelSize:8]]
[2019.12.13-15.20.46:423][  0]LogConfig: Setting CVar [[r.VolumetricFog.GridSizeZ:128]]
[2019.12.13-15.20.46:423][  0]LogConfig: Setting CVar [[r.VolumetricFog.HistoryMissSupersampleCount:4]]
[2019.12.13-15.20.46:423][  0]LogConfig: Setting CVar [[r.LightMaxDrawDistanceScale:1]]
[2019.12.13-15.20.46:423][  0]LogConfig: Setting CVar [[r.CapsuleShadows:1]]
[2019.12.13-15.20.46:423][  0]LogConfig: Applying CVar settings from Section [PostProcessQuality@3] File [C:/Users/Daniel/Desktop/UFinalExam/G1213Dani/Saved/Config/Windows/Scalability.ini]
[2019.12.13-15.20.46:423][  0]LogConfig: Setting CVar [[r.MotionBlurQuality:4]]
[2019.12.13-15.20.46:423][  0]LogConfig: Setting CVar [[r.AmbientOcclusionMipLevelFactor:0.4]]
[2019.12.13-15.20.46:423][  0]LogConfig: Setting CVar [[r.AmbientOcclusionMaxQuality:100]]
[2019.12.13-15.20.46:423][  0]LogConfig: Setting CVar [[r.AmbientOcclusionLevels:-1]]
[2019.12.13-15.20.46:423][  0]LogConfig: Setting CVar [[r.AmbientOcclusionRadiusScale:1.0]]
[2019.12.13-15.20.46:423][  0]LogConfig: Setting CVar [[r.DepthOfFieldQuality:2]]
[2019.12.13-15.20.46:423][  0]LogConfig: Setting CVar [[r.RenderTargetPoolMin:400]]
[2019.12.13-15.20.46:423][  0]LogConfig: Setting CVar [[r.LensFlareQuality:2]]
[2019.12.13-15.20.46:423][  0]LogConfig: Setting CVar [[r.SceneColorFringeQuality:1]]
[2019.12.13-15.20.46:423][  0]LogConfig: Setting CVar [[r.EyeAdaptationQuality:2]]
[2019.12.13-15.20.46:423][  0]LogConfig: Setting CVar [[r.BloomQuality:5]]
[2019.12.13-15.20.46:423][  0]LogConfig: Setting CVar [[r.FastBlurThreshold:100]]
[2019.12.13-15.20.46:423][  0]LogConfig: Setting CVar [[r.Upscale.Quality:3]]
[2019.12.13-15.20.46:423][  0]LogConfig: Setting CVar [[r.Tonemapper.GrainQuantization:1]]
[2019.12.13-15.20.46:423][  0]LogConfig: Setting CVar [[r.LightShaftQuality:1]]
[2019.12.13-15.20.46:423][  0]LogConfig: Setting CVar [[r.Filter.SizeScale:1]]
[2019.12.13-15.20.46:423][  0]LogConfig: Setting CVar [[r.Tonemapper.Quality:5]]
[2019.12.13-15.20.46:423][  0]LogConfig: Setting CVar [[r.DOF.Gather.AccumulatorQuality:1        ; higher gathering accumulator quality]]
[2019.12.13-15.20.46:423][  0]LogConfig: Setting CVar [[r.DOF.Gather.PostfilterMethod:1          ; Median3x3 postfilering method]]
[2019.12.13-15.20.46:424][  0]LogConfig: Setting CVar [[r.DOF.Gather.EnableBokehSettings:0       ; no bokeh simulation when gathering]]
[2019.12.13-15.20.46:424][  0]LogConfig: Setting CVar [[r.DOF.Gather.RingCount:4                 ; medium number of samples when gathering]]
[2019.12.13-15.20.46:424][  0]LogConfig: Setting CVar [[r.DOF.Scatter.ForegroundCompositing:1    ; additive foreground scattering]]
[2019.12.13-15.20.46:424][  0]LogConfig: Setting CVar [[r.DOF.Scatter.BackgroundCompositing:2    ; additive background scattering]]
[2019.12.13-15.20.46:424][  0]LogConfig: Setting CVar [[r.DOF.Scatter.EnableBokehSettings:1      ; bokeh simulation when scattering]]
[2019.12.13-15.20.46:424][  0]LogConfig: Setting CVar [[r.DOF.Scatter.MaxSpriteRatio:0.1         ; only a maximum of 10% of scattered bokeh]]
[2019.12.13-15.20.46:424][  0]LogConfig: Setting CVar [[r.DOF.Recombine.Quality:1                ; cheap slight out of focus]]
[2019.12.13-15.20.46:424][  0]LogConfig: Setting CVar [[r.DOF.Recombine.EnableBokehSettings:0    ; no bokeh simulation on slight out of focus]]
[2019.12.13-15.20.46:424][  0]LogConfig: Setting CVar [[r.DOF.TemporalAAQuality:1                ; more stable temporal accumulation]]
[2019.12.13-15.20.46:424][  0]LogConfig: Setting CVar [[r.DOF.Kernel.MaxForegroundRadius:0.025]]
[2019.12.13-15.20.46:424][  0]LogConfig: Setting CVar [[r.DOF.Kernel.MaxBackgroundRadius:0.025]]
[2019.12.13-15.20.46:424][  0]LogConfig: Applying CVar settings from Section [TextureQuality@3] File [C:/Users/Daniel/Desktop/UFinalExam/G1213Dani/Saved/Config/Windows/Scalability.ini]
[2019.12.13-15.20.46:424][  0]LogConfig: Setting CVar [[r.Streaming.MipBias:0]]
[2019.12.13-15.20.46:424][  0]LogConfig: Setting CVar [[r.Streaming.AmortizeCPUToGPUCopy:0]]
[2019.12.13-15.20.46:424][  0]LogConfig: Setting CVar [[r.Streaming.MaxNumTexturesToStreamPerFrame:0]]
[2019.12.13-15.20.46:424][  0]LogConfig: Setting CVar [[r.Streaming.Boost:1]]
[2019.12.13-15.20.46:424][  0]LogConfig: Setting CVar [[r.MaxAnisotropy:8]]
[2019.12.13-15.20.46:424][  0]LogConfig: Setting CVar [[r.Streaming.LimitPoolSizeToVRAM:0]]
[2019.12.13-15.20.46:424][  0]LogConfig: Setting CVar [[r.Streaming.PoolSize:1000]]
[2019.12.13-15.20.46:424][  0]LogConfig: Setting CVar [[r.Streaming.MaxEffectiveScreenSize:0]]
[2019.12.13-15.20.46:424][  0]LogConfig: Applying CVar settings from Section [EffectsQuality@3] File [C:/Users/Daniel/Desktop/UFinalExam/G1213Dani/Saved/Config/Windows/Scalability.ini]
[2019.12.13-15.20.46:424][  0]LogConfig: Setting CVar [[r.TranslucencyLightingVolumeDim:64]]
[2019.12.13-15.20.46:424][  0]LogConfig: Setting CVar [[r.RefractionQuality:2]]
[2019.12.13-15.20.46:424][  0]LogConfig: Setting CVar [[r.SSR.Quality:3]]
[2019.12.13-15.20.46:424][  0]LogConfig: Setting CVar [[r.SceneColorFormat:4]]
[2019.12.13-15.20.46:424][  0]LogConfig: Setting CVar [[r.DetailMode:2]]
[2019.12.13-15.20.46:424][  0]LogConfig: Setting CVar [[r.TranslucencyVolumeBlur:1]]
[2019.12.13-15.20.46:424][  0]LogConfig: Setting CVar [[r.MaterialQualityLevel:1 ; High quality]]
[2019.12.13-15.20.46:424][  0]LogConfig: Setting CVar [[r.SSS.Scale:1]]
[2019.12.13-15.20.46:424][  0]LogConfig: Setting CVar [[r.SSS.SampleSet:2]]
[2019.12.13-15.20.46:424][  0]LogConfig: Setting CVar [[r.SSS.Quality:1]]
[2019.12.13-15.20.46:424][  0]LogConfig: Setting CVar [[r.SSS.HalfRes:1]]
[2019.12.13-15.20.46:424][  0]LogConfig: Setting CVar [[r.EmitterSpawnRateScale:1.0]]
[2019.12.13-15.20.46:425][  0]LogConfig: Setting CVar [[r.ParticleLightQuality:2]]
[2019.12.13-15.20.46:425][  0]LogConfig: Applying CVar settings from Section [FoliageQuality@3] File [C:/Users/Daniel/Desktop/UFinalExam/G1213Dani/Saved/Config/Windows/Scalability.ini]
[2019.12.13-15.20.46:425][  0]LogConfig: Setting CVar [[foliage.DensityScale:1.0]]
[2019.12.13-15.20.46:425][  0]LogConfig: Setting CVar [[grass.DensityScale:1.0]]
[2019.12.13-15.20.46:425][  0]LogInit: Selected Device Profile: [Windows]
[2019.12.13-15.20.46:425][  0]LogInit: Applying CVar settings loaded from the selected device profile: [Windows]
[2019.12.13-15.20.46:452][  0]LogHAL: Display: Platform has ~ 16 GB [17021747200 / 17179869184 / 16], which maps to Larger [LargestMinGB=32, LargerMinGB=12, DefaultMinGB=8, SmallerMinGB=6, SmallestMinGB=0)
[2019.12.13-15.20.46:452][  0]LogConfig: Setting CVar [[r.Vulkan.UseRealUBs:0		; Required until we fix HLR fall-out]]
[2019.12.13-15.20.46:452][  0]LogInit: Going up to parent DeviceProfile []
[2019.12.13-15.20.46:452][  0]LogConfig: Applying CVar settings from Section [ViewDistanceQuality@3] File [C:/Users/Daniel/Desktop/UFinalExam/G1213Dani/Saved/Config/Windows/Scalability.ini]
[2019.12.13-15.20.46:452][  0]LogConfig: Setting CVar [[r.SkeletalMeshLODBias:0]]
[2019.12.13-15.20.46:452][  0]LogConfig: Setting CVar [[r.ViewDistanceScale:1.0]]
[2019.12.13-15.20.46:452][  0]LogConfig: Applying CVar settings from Section [AntiAliasingQuality@3] File [C:/Users/Daniel/Desktop/UFinalExam/G1213Dani/Saved/Config/Windows/Scalability.ini]
[2019.12.13-15.20.46:452][  0]LogConfig: Setting CVar [[r.PostProcessAAQuality:4]]
[2019.12.13-15.20.46:452][  0]LogConfig: Applying CVar settings from Section [ShadowQuality@3] File [C:/Users/Daniel/Desktop/UFinalExam/G1213Dani/Saved/Config/Windows/Scalability.ini]
[2019.12.13-15.20.46:452][  0]LogConfig: Setting CVar [[r.LightFunctionQuality:1]]
[2019.12.13-15.20.46:452][  0]LogConfig: Setting CVar [[r.ShadowQuality:5]]
[2019.12.13-15.20.46:452][  0]LogConfig: Setting CVar [[r.Shadow.CSM.MaxCascades:10]]
[2019.12.13-15.20.46:452][  0]LogConfig: Setting CVar [[r.Shadow.MaxResolution:2048]]
[2019.12.13-15.20.46:452][  0]LogConfig: Setting CVar [[r.Shadow.MaxCSMResolution:2048]]
[2019.12.13-15.20.46:452][  0]LogConfig: Setting CVar [[r.Shadow.RadiusThreshold:0.01]]
[2019.12.13-15.20.46:452][  0]LogConfig: Setting CVar [[r.Shadow.DistanceScale:1.0]]
[2019.12.13-15.20.46:452][  0]LogConfig: Setting CVar [[r.Shadow.CSM.TransitionScale:1.0]]
[2019.12.13-15.20.46:452][  0]LogConfig: Setting CVar [[r.Shadow.PreShadowResolutionFactor:1.0]]
[2019.12.13-15.20.46:452][  0]LogConfig: Setting CVar [[r.DistanceFieldShadowing:1]]
[2019.12.13-15.20.46:452][  0]LogConfig: Setting CVar [[r.DistanceFieldAO:1]]
[2019.12.13-15.20.46:452][  0]LogConfig: Setting CVar [[r.AOQuality:2]]
[2019.12.13-15.20.46:452][  0]LogConfig: Setting CVar [[r.VolumetricFog:1]]
[2019.12.13-15.20.46:452][  0]LogConfig: Setting CVar [[r.VolumetricFog.GridPixelSize:8]]
[2019.12.13-15.20.46:452][  0]LogConfig: Setting CVar [[r.VolumetricFog.GridSizeZ:128]]
[2019.12.13-15.20.46:452][  0]LogConfig: Setting CVar [[r.VolumetricFog.HistoryMissSupersampleCount:4]]
[2019.12.13-15.20.46:452][  0]LogConfig: Setting CVar [[r.LightMaxDrawDistanceScale:1]]
[2019.12.13-15.20.46:452][  0]LogConfig: Setting CVar [[r.CapsuleShadows:1]]
[2019.12.13-15.20.46:452][  0]LogConfig: Applying CVar settings from Section [PostProcessQuality@3] File [C:/Users/Daniel/Desktop/UFinalExam/G1213Dani/Saved/Config/Windows/Scalability.ini]
[2019.12.13-15.20.46:453][  0]LogConfig: Setting CVar [[r.MotionBlurQuality:4]]
[2019.12.13-15.20.46:453][  0]LogConfig: Setting CVar [[r.AmbientOcclusionMipLevelFactor:0.4]]
[2019.12.13-15.20.46:453][  0]LogConfig: Setting CVar [[r.AmbientOcclusionMaxQuality:100]]
[2019.12.13-15.20.46:453][  0]LogConfig: Setting CVar [[r.AmbientOcclusionLevels:-1]]
[2019.12.13-15.20.46:453][  0]LogConfig: Setting CVar [[r.AmbientOcclusionRadiusScale:1.0]]
[2019.12.13-15.20.46:453][  0]LogConfig: Setting CVar [[r.DepthOfFieldQuality:2]]
[2019.12.13-15.20.46:453][  0]LogConfig: Setting CVar [[r.RenderTargetPoolMin:400]]
[2019.12.13-15.20.46:453][  0]LogConfig: Setting CVar [[r.LensFlareQuality:2]]
[2019.12.13-15.20.46:453][  0]LogConfig: Setting CVar [[r.SceneColorFringeQuality:1]]
[2019.12.13-15.20.46:453][  0]LogConfig: Setting CVar [[r.EyeAdaptationQuality:2]]
[2019.12.13-15.20.46:453][  0]LogConfig: Setting CVar [[r.BloomQuality:5]]
[2019.12.13-15.20.46:453][  0]LogConfig: Setting CVar [[r.FastBlurThreshold:100]]
[2019.12.13-15.20.46:453][  0]LogConfig: Setting CVar [[r.Upscale.Quality:3]]
[2019.12.13-15.20.46:453][  0]LogConfig: Setting CVar [[r.Tonemapper.GrainQuantization:1]]
[2019.12.13-15.20.46:453][  0]LogConfig: Setting CVar [[r.LightShaftQuality:1]]
[2019.12.13-15.20.46:453][  0]LogConfig: Setting CVar [[r.Filter.SizeScale:1]]
[2019.12.13-15.20.46:453][  0]LogConfig: Setting CVar [[r.Tonemapper.Quality:5]]
[2019.12.13-15.20.46:453][  0]LogConfig: Setting CVar [[r.DOF.Gather.AccumulatorQuality:1        ; higher gathering accumulator quality]]
[2019.12.13-15.20.46:453][  0]LogConfig: Setting CVar [[r.DOF.Gather.PostfilterMethod:1          ; Median3x3 postfilering method]]
[2019.12.13-15.20.46:453][  0]LogConfig: Setting CVar [[r.DOF.Gather.EnableBokehSettings:0       ; no bokeh simulation when gathering]]
[2019.12.13-15.20.46:453][  0]LogConfig: Setting CVar [[r.DOF.Gather.RingCount:4                 ; medium number of samples when gathering]]
[2019.12.13-15.20.46:453][  0]LogConfig: Setting CVar [[r.DOF.Scatter.ForegroundCompositing:1    ; additive foreground scattering]]
[2019.12.13-15.20.46:453][  0]LogConfig: Setting CVar [[r.DOF.Scatter.BackgroundCompositing:2    ; additive background scattering]]
[2019.12.13-15.20.46:453][  0]LogConfig: Setting CVar [[r.DOF.Scatter.EnableBokehSettings:1      ; bokeh simulation when scattering]]
[2019.12.13-15.20.46:453][  0]LogConfig: Setting CVar [[r.DOF.Scatter.MaxSpriteRatio:0.1         ; only a maximum of 10% of scattered bokeh]]
[2019.12.13-15.20.46:453][  0]LogConfig: Setting CVar [[r.DOF.Recombine.Quality:1                ; cheap slight out of focus]]
[2019.12.13-15.20.46:453][  0]LogConfig: Setting CVar [[r.DOF.Recombine.EnableBokehSettings:0    ; no bokeh simulation on slight out of focus]]
[2019.12.13-15.20.46:453][  0]LogConfig: Setting CVar [[r.DOF.TemporalAAQuality:1                ; more stable temporal accumulation]]
[2019.12.13-15.20.46:453][  0]LogConfig: Setting CVar [[r.DOF.Kernel.MaxForegroundRadius:0.025]]
[2019.12.13-15.20.46:453][  0]LogConfig: Setting CVar [[r.DOF.Kernel.MaxBackgroundRadius:0.025]]
[2019.12.13-15.20.46:453][  0]LogConfig: Applying CVar settings from Section [TextureQuality@3] File [C:/Users/Daniel/Desktop/UFinalExam/G1213Dani/Saved/Config/Windows/Scalability.ini]
[2019.12.13-15.20.46:453][  0]LogConfig: Setting CVar [[r.Streaming.MipBias:0]]
[2019.12.13-15.20.46:453][  0]LogConfig: Setting CVar [[r.Streaming.AmortizeCPUToGPUCopy:0]]
[2019.12.13-15.20.46:453][  0]LogConfig: Setting CVar [[r.Streaming.MaxNumTexturesToStreamPerFrame:0]]
[2019.12.13-15.20.46:453][  0]LogConfig: Setting CVar [[r.Streaming.Boost:1]]
[2019.12.13-15.20.46:453][  0]LogConfig: Setting CVar [[r.MaxAnisotropy:8]]
[2019.12.13-15.20.46:454][  0]LogConfig: Setting CVar [[r.Streaming.LimitPoolSizeToVRAM:0]]
[2019.12.13-15.20.46:454][  0]LogConfig: Setting CVar [[r.Streaming.PoolSize:1000]]
[2019.12.13-15.20.46:454][  0]LogConfig: Setting CVar [[r.Streaming.MaxEffectiveScreenSize:0]]
[2019.12.13-15.20.46:454][  0]LogConfig: Applying CVar settings from Section [EffectsQuality@3] File [C:/Users/Daniel/Desktop/UFinalExam/G1213Dani/Saved/Config/Windows/Scalability.ini]
[2019.12.13-15.20.46:454][  0]LogConfig: Setting CVar [[r.TranslucencyLightingVolumeDim:64]]
[2019.12.13-15.20.46:454][  0]LogConfig: Setting CVar [[r.RefractionQuality:2]]
[2019.12.13-15.20.46:454][  0]LogConfig: Setting CVar [[r.SSR.Quality:3]]
[2019.12.13-15.20.46:454][  0]LogConfig: Setting CVar [[r.SceneColorFormat:4]]
[2019.12.13-15.20.46:454][  0]LogConfig: Setting CVar [[r.DetailMode:2]]
[2019.12.13-15.20.46:454][  0]LogConfig: Setting CVar [[r.TranslucencyVolumeBlur:1]]
[2019.12.13-15.20.46:454][  0]LogConfig: Setting CVar [[r.MaterialQualityLevel:1 ; High quality]]
[2019.12.13-15.20.46:454][  0]LogConfig: Setting CVar [[r.SSS.Scale:1]]
[2019.12.13-15.20.46:454][  0]LogConfig: Setting CVar [[r.SSS.SampleSet:2]]
[2019.12.13-15.20.46:454][  0]LogConfig: Setting CVar [[r.SSS.Quality:1]]
[2019.12.13-15.20.46:454][  0]LogConfig: Setting CVar [[r.SSS.HalfRes:1]]
[2019.12.13-15.20.46:454][  0]LogConfig: Setting CVar [[r.EmitterSpawnRateScale:1.0]]
[2019.12.13-15.20.46:454][  0]LogConfig: Setting CVar [[r.ParticleLightQuality:2]]
[2019.12.13-15.20.46:454][  0]LogConfig: Applying CVar settings from Section [FoliageQuality@3] File [C:/Users/Daniel/Desktop/UFinalExam/G1213Dani/Saved/Config/Windows/Scalability.ini]
[2019.12.13-15.20.46:454][  0]LogConfig: Setting CVar [[foliage.DensityScale:1.0]]
[2019.12.13-15.20.46:454][  0]LogConfig: Setting CVar [[grass.DensityScale:1.0]]
[2019.12.13-15.20.46:454][  0]LogConfig: Applying CVar settings from Section [Startup] File [../../../Engine/Config/ConsoleVariables.ini]
[2019.12.13-15.20.46:454][  0]LogConfig: Setting CVar [[net.UseAdaptiveNetUpdateFrequency:0]]
[2019.12.13-15.20.46:454][  0]LogConfig: Setting CVar [[p.chaos.AllowCreatePhysxBodies:1]]
[2019.12.13-15.20.46:454][  0]LogConfig: Applying CVar settings from Section [ConsoleVariables] File [C:/Users/Daniel/Desktop/UFinalExam/G1213Dani/Saved/Config/Windows/Engine.ini]
[2019.12.13-15.20.46:454][  0]LogInit: Computer: DESKTOP-93J9VV0
[2019.12.13-15.20.46:454][  0]LogInit: User: Daniel
[2019.12.13-15.20.46:454][  0]LogInit: CPU Page size=4096, Cores=4
[2019.12.13-15.20.46:454][  0]LogInit: High frequency timer resolution =10.000000 MHz
[2019.12.13-15.20.46:455][  0]LogMemory: Memory total: Physical=15.9GB (16GB approx)
[2019.12.13-15.20.46:455][  0]LogMemory: Platform Memory Stats for Windows
[2019.12.13-15.20.46:455][  0]LogMemory: Process Physical Memory: 97.53 MB used, 97.53 MB peak
[2019.12.13-15.20.46:455][  0]LogMemory: Process Virtual Memory: 88.95 MB used, 88.95 MB peak
[2019.12.13-15.20.46:455][  0]LogMemory: Physical Memory: 13136.14 MB used,  3097.07 MB free, 16233.20 MB total
[2019.12.13-15.20.46:455][  0]LogMemory: Virtual Memory: 4642.21 MB used,  134213088.00 MB free, 134217728.00 MB total
[2019.12.13-15.20.46:474][  0]LogInit: Using OS detected language (en-US).
[2019.12.13-15.20.46:474][  0]LogInit: Using OS detected locale (en-US).
[2019.12.13-15.20.46:475][  0]LogTextLocalizationManager: No specific localization for 'en-US' exists, so the 'en' localization will be used.
[2019.12.13-15.20.46:743][  0]LogInit: Setting process to per monitor DPI aware
[2019.12.13-15.20.46:791][  0]LogSlate: New Slate User Created.  User Index 0, Is Virtual User: 0
[2019.12.13-15.20.46:791][  0]LogSlate: Slate User Registered.  User Index 0, Is Virtual User: 0
[2019.12.13-15.20.47:119][  0]LogHMD: Failed to initialize OpenVR with code 110
[2019.12.13-15.20.47:119][  0]LogD3D11RHI: D3D11 adapters:
[2019.12.13-15.20.47:254][  0]LogD3D11RHI:    0. 'NVIDIA GeForce GTX 960M' (Feature Level 11_0)
[2019.12.13-15.20.47:254][  0]LogD3D11RHI:       2010/0/8116 MB DedicatedVideo/DedicatedSystem/SharedSystem, Outputs:1, VendorId:0x10de
[2019.12.13-15.20.47:263][  0]LogD3D11RHI:    1. 'Intel(R) HD Graphics 530' (Feature Level 11_0)
[2019.12.13-15.20.47:263][  0]LogD3D11RHI:       128/0/8116 MB DedicatedVideo/DedicatedSystem/SharedSystem, Outputs:0, VendorId:0x8086
[2019.12.13-15.20.47:266][  0]LogD3D11RHI:    2. 'Microsoft Basic Render Driver' (Feature Level 11_0)
[2019.12.13-15.20.47:266][  0]LogD3D11RHI:       0/0/8116 MB DedicatedVideo/DedicatedSystem/SharedSystem, Outputs:0, VendorId:0x1414
[2019.12.13-15.20.47:266][  0]LogD3D11RHI: Chosen D3D11 Adapter: 0
[2019.12.13-15.20.47:324][  0]LogD3D11RHI: Creating new Direct3DDevice
[2019.12.13-15.20.47:325][  0]LogD3D11RHI:     GPU DeviceId: 0x139b (for the marketing name, search the web for "GPU Device Id")
[2019.12.13-15.20.47:325][  0]LogWindows: EnumDisplayDevices:
[2019.12.13-15.20.47:325][  0]LogWindows:    0. 'Intel(R) HD Graphics 530' (P:1 D:1)
[2019.12.13-15.20.47:325][  0]LogWindows:    1. 'Intel(R) HD Graphics 530' (P:0 D:0)
[2019.12.13-15.20.47:326][  0]LogWindows:    2. 'Intel(R) HD Graphics 530' (P:0 D:0)
[2019.12.13-15.20.47:326][  0]LogWindows: DebugString: PrimaryIsNotTheChoosenAdapter PrimaryIsNotTheChoosenAdapter PrimaryIsNotTheChoosenAdapter FoundDriverCount:0 
[2019.12.13-15.20.47:326][  0]LogD3D11RHI:     Adapter Name: NVIDIA GeForce GTX 960M
[2019.12.13-15.20.47:326][  0]LogD3D11RHI:   Driver Version: Unknown (internal:Unknown, unified:Unknown)
[2019.12.13-15.20.47:326][  0]LogD3D11RHI:      Driver Date: Unknown
[2019.12.13-15.20.47:326][  0]LogRHI: Texture pool is 1407 MB (70% of 2010 MB)
[2019.12.13-15.20.47:406][  0]LogD3D11RHI: Async texture creation enabled
[2019.12.13-15.20.47:413][  0]LogRendererCore: FGlobalReadBuffer::InitRHI
[2019.12.13-15.20.47:413][  0]LogRendererCore: FGlobalReadBuffer::InitRHI
[2019.12.13-15.20.47:413][  0]LogRendererCore: FGlobalReadBuffer::InitRHI
[2019.12.13-15.20.47:423][  0]LogD3D11RHI: GPU Timing Frequency: 1000.000000 (Debug: 2 1)
[2019.12.13-15.20.48:081][  0]LogTemp: Display: Module 'AllDesktopTargetPlatform' loaded TargetPlatform 'AllDesktop'
[2019.12.13-15.20.48:109][  0]LogTemp: Display: Module 'MacClientTargetPlatform' loaded TargetPlatform 'MacClient'
[2019.12.13-15.20.48:134][  0]LogTemp: Display: Module 'MacNoEditorTargetPlatform' loaded TargetPlatform 'MacNoEditor'
[2019.12.13-15.20.48:160][  0]LogTemp: Display: Module 'MacServerTargetPlatform' loaded TargetPlatform 'MacServer'
[2019.12.13-15.20.48:186][  0]LogTemp: Display: Module 'MacTargetPlatform' loaded TargetPlatform 'Mac'
[2019.12.13-15.20.48:210][  0]LogTemp: Display: Module 'WindowsClientTargetPlatform' loaded TargetPlatform 'WindowsClient'
[2019.12.13-15.20.48:238][  0]LogTemp: Display: Module 'WindowsNoEditorTargetPlatform' loaded TargetPlatform 'WindowsNoEditor'
[2019.12.13-15.20.48:264][  0]LogTemp: Display: Module 'WindowsServerTargetPlatform' loaded TargetPlatform 'WindowsServer'
[2019.12.13-15.20.48:277][  0]LogTemp: Display: Module 'WindowsTargetPlatform' loaded TargetPlatform 'Windows'
[2019.12.13-15.20.48:434][  0]LogTemp: Display: Module 'AndroidTargetPlatform' loaded TargetPlatform 'Android'
[2019.12.13-15.20.48:434][  0]LogTemp: Display: Module 'AndroidTargetPlatform' loaded TargetPlatform 'Android_ASTC'
[2019.12.13-15.20.48:434][  0]LogTemp: Display: Module 'AndroidTargetPlatform' loaded TargetPlatform 'Android_ATC'
[2019.12.13-15.20.48:434][  0]LogTemp: Display: Module 'AndroidTargetPlatform' loaded TargetPlatform 'Android_DXT'
[2019.12.13-15.20.48:434][  0]LogTemp: Display: Module 'AndroidTargetPlatform' loaded TargetPlatform 'Android_ETC1'
[2019.12.13-15.20.48:434][  0]LogTemp: Display: Module 'AndroidTargetPlatform' loaded TargetPlatform 'Android_ETC1a'
[2019.12.13-15.20.48:434][  0]LogTemp: Display: Module 'AndroidTargetPlatform' loaded TargetPlatform 'Android_ETC2'
[2019.12.13-15.20.48:434][  0]LogTemp: Display: Module 'AndroidTargetPlatform' loaded TargetPlatform 'Android_PVRTC'
[2019.12.13-15.20.48:434][  0]LogTemp: Display: Module 'AndroidTargetPlatform' loaded TargetPlatform 'AndroidClient'
[2019.12.13-15.20.48:434][  0]LogTemp: Display: Module 'AndroidTargetPlatform' loaded TargetPlatform 'Android_ASTCClient'
[2019.12.13-15.20.48:434][  0]LogTemp: Display: Module 'AndroidTargetPlatform' loaded TargetPlatform 'Android_ATCClient'
[2019.12.13-15.20.48:434][  0]LogTemp: Display: Module 'AndroidTargetPlatform' loaded TargetPlatform 'Android_DXTClient'
[2019.12.13-15.20.48:434][  0]LogTemp: Display: Module 'AndroidTargetPlatform' loaded TargetPlatform 'Android_ETC1Client'
[2019.12.13-15.20.48:434][  0]LogTemp: Display: Module 'AndroidTargetPlatform' loaded TargetPlatform 'Android_ETC1aClient'
[2019.12.13-15.20.48:434][  0]LogTemp: Display: Module 'AndroidTargetPlatform' loaded TargetPlatform 'Android_ETC2Client'
[2019.12.13-15.20.48:434][  0]LogTemp: Display: Module 'AndroidTargetPlatform' loaded TargetPlatform 'Android_PVRTCClient'
[2019.12.13-15.20.48:434][  0]LogTemp: Display: Module 'AndroidTargetPlatform' loaded TargetPlatform 'Android_Multi'
[2019.12.13-15.20.48:434][  0]LogTemp: Display: Module 'AndroidTargetPlatform' loaded TargetPlatform 'Android_MultiClient'
[2019.12.13-15.20.48:436][  0]LogTemp: Display: Module 'HTML5TargetPlatform' loaded TargetPlatform 'HTML5'
[2019.12.13-15.20.48:500][  0]LogTemp: Display: Module 'IOSTargetPlatform' loaded TargetPlatform 'IOSClient'
[2019.12.13-15.20.48:500][  0]LogTemp: Display: Module 'IOSTargetPlatform' loaded TargetPlatform 'IOS'
[2019.12.13-15.20.48:540][  0]LogTemp: Display: Module 'TVOSTargetPlatform' loaded TargetPlatform 'TVOSClient'
[2019.12.13-15.20.48:540][  0]LogTemp: Display: Module 'TVOSTargetPlatform' loaded TargetPlatform 'TVOS'
[2019.12.13-15.20.48:562][  0]LogTemp: Display: Module 'LinuxClientTargetPlatform' loaded TargetPlatform 'LinuxClient'
[2019.12.13-15.20.48:588][  0]LogTemp: Display: Module 'LinuxNoEditorTargetPlatform' loaded TargetPlatform 'LinuxNoEditor'
[2019.12.13-15.20.48:610][  0]LogTemp: Display: Module 'LinuxServerTargetPlatform' loaded TargetPlatform 'LinuxServer'
[2019.12.13-15.20.48:634][  0]LogTemp: Display: Module 'LinuxTargetPlatform' loaded TargetPlatform 'Linux'
[2019.12.13-15.20.48:715][  0]LogTemp: Display: Module 'LuminTargetPlatform' loaded TargetPlatform 'Lumin'
[2019.12.13-15.20.48:715][  0]LogTemp: Display: Module 'LuminTargetPlatform' loaded TargetPlatform 'LuminClient'
[2019.12.13-15.20.48:715][  0]LogTargetPlatformManager: Display: Building Assets For Windows
[2019.12.13-15.20.48:729][  0]LogAudioDebug: Display: Lib vorbis DLL was dynamically loaded.
[2019.12.13-15.20.48:805][  0]LogShaderCompilers: Guid format shader working directory is -13 characters bigger than the processId version (../../../../../../Users/Daniel/Desktop/UFinalExam/G1213Dani/Intermediate/Shaders/WorkingDirectory/19216/).
[2019.12.13-15.20.48:805][  0]LogShaderCompilers: Cleaned the shader compiler working directory 'C:/Users/Daniel/AppData/Local/Temp/UnrealShaderWorkingDir/CDB240D54ADB4737817C16A3303D2E09/'.
[2019.12.13-15.20.48:808][  0]LogXGEController: Cannot use XGE Controller as Incredibuild is not installed on this machine.
[2019.12.13-15.20.48:808][  0]LogShaderCompilers: Cannot use XGE Shader Compiler as Incredibuild is not installed on this machine.
[2019.12.13-15.20.48:808][  0]LogShaderCompilers: Display: Using Local Shader Compiler.
[2019.12.13-15.20.49:574][  0]LogDerivedDataCache: Display: Max Cache Size: 512 MB
[2019.12.13-15.20.49:635][  0]LogDerivedDataCache: Loaded boot cache 0.06s 75MB C:/Users/Daniel/AppData/Local/UnrealEngine/4.22/DerivedDataCache/Boot.ddc.
[2019.12.13-15.20.49:635][  0]LogDerivedDataCache: Display: Loaded Boot cache: C:/Users/Daniel/AppData/Local/UnrealEngine/4.22/DerivedDataCache/Boot.ddc
[2019.12.13-15.20.49:635][  0]LogDerivedDataCache: FDerivedDataBackendGraph:  Pak pak cache file ../../../../../../Users/Daniel/Desktop/UFinalExam/G1213Dani/DerivedDataCache/DDC.ddp not found, will not use a pak cache.
[2019.12.13-15.20.49:635][  0]LogDerivedDataCache: Unable to find inner node Pak for hierarchical cache Hierarchy.
[2019.12.13-15.20.49:636][  0]LogDerivedDataCache: FDerivedDataBackendGraph:  CompressedPak pak cache file ../../../../../../Users/Daniel/Desktop/UFinalExam/G1213Dani/DerivedDataCache/Compressed.ddp not found, will not use a pak cache.
[2019.12.13-15.20.49:636][  0]LogDerivedDataCache: Unable to find inner node CompressedPak for hierarchical cache Hierarchy.
[2019.12.13-15.20.49:651][  0]LogDerivedDataCache: Display: Pak cache opened for reading ../../../Engine/DerivedDataCache/Compressed.ddp.
[2019.12.13-15.20.49:655][  0]LogDerivedDataCache: Display: Pak cache opened for reading ../../../Enterprise/DerivedDataCache/Compressed.ddp.
[2019.12.13-15.20.49:668][  0]LogDerivedDataCache: Using Local data cache path C:/Users/Daniel/AppData/Local/UnrealEngine/Common/DerivedDataCache: Writable
[2019.12.13-15.20.49:668][  0]LogDerivedDataCache: Shared data cache path not found in *engine.ini, will not use an Shared cache.
[2019.12.13-15.20.49:668][  0]LogDerivedDataCache: Unable to find inner node Shared for hierarchical cache Hierarchy.
[2019.12.13-15.20.49:703][  0]LogMaterial: Verifying Global Shaders for PCD3D_SM5
[2019.12.13-15.20.49:704][  0]LogSlate: Using FreeType 2.6.0
[2019.12.13-15.20.49:705][  0]LogSlate: SlateFontServices - WITH_FREETYPE: 1, WITH_HARFBUZZ: 1
[2019.12.13-15.20.49:824][  0]LogAssetRegistry: FAssetRegistry took 0.0449 seconds to start up
[2019.12.13-15.20.50:312][  0]LogInit: Selected Device Profile: [Windows]
[2019.12.13-15.20.50:540][  0]LogMeshReduction: Using QuadricMeshReduction for automatic static mesh reduction
[2019.12.13-15.20.50:541][  0]LogMeshReduction: Using SimplygonMeshReduction for automatic skeletal mesh reduction
[2019.12.13-15.20.50:541][  0]LogMeshReduction: Using ProxyLODMeshReduction for automatic mesh merging
[2019.12.13-15.20.50:541][  0]LogMeshReduction: No distributed automatic mesh merging module available
[2019.12.13-15.20.50:541][  0]LogMeshMerging: No distributed automatic mesh merging module available
[2019.12.13-15.20.50:570][  0]LogNetVersion: G1213Dani 1.0.0, NetCL: 5660361, EngineNetVer: 10, GameNetVer: 0 (Checksum: 2260579722)
[2019.12.13-15.20.51:212][  0]LogPackageLocalizationCache: Processed 16 localized package path(s) for 1 prioritized culture(s) in 0.090639 seconds
[2019.12.13-15.20.51:219][  0]LogUObjectArray: 42205 objects as part of root set at end of initial load.
[2019.12.13-15.20.51:219][  0]LogUObjectAllocator: 7325032 out of 0 bytes used by permanent object pool.
[2019.12.13-15.20.51:219][  0]LogUObjectArray: CloseDisregardForGC: 0/0 objects in disregard for GC pool
[2019.12.13-15.20.52:292][  0]LogTcpMessaging: Initializing TcpMessaging bridge
[2019.12.13-15.20.52:305][  0]LogUdpMessaging: Initializing bridge on interface 0.0.0.0:0 to multicast group 230.0.0.1:6666.
[2019.12.13-15.20.52:629][  0]SourceControl: Source control is disabled
[2019.12.13-15.20.52:629][  0]SourceControl: Source control is disabled
[2019.12.13-15.20.52:631][  0]SourceControl: Source control is disabled
[2019.12.13-15.20.52:632][  0]SourceControl: Source control is disabled
[2019.12.13-15.20.52:805][  0]LogAndroidPermission: UAndroidPermissionCallbackProxy::GetInstance
[2019.12.13-15.20.52:964][  0]LogOcInput: OculusInput pre-init called
[2019.12.13-15.20.55:820][  0]LogWindows: Failed to load 'libalias_api.dll' (GetLastError=126)
[2019.12.13-15.20.55:820][  0]LogWindows: File 'libalias_api.dll' does not exist
[2019.12.13-15.20.55:820][  0]LogWindows: Failed to load 'libalias_api.dll' (GetLastError=126)
[2019.12.13-15.20.55:820][  0]LogWindows: File 'libalias_api.dll' does not exist
[2019.12.13-15.20.55:977][  0]LogEngine: Initializing Engine...
[2019.12.13-15.20.55:978][  0]LogHMD: Failed to initialize OpenVR with code 110
[2019.12.13-15.20.55:979][  0]LogStats: UGameplayTagsManager::InitializeManager -  0.000 s
[2019.12.13-15.20.56:297][  0]LogInit: Initializing FReadOnlyCVARCache
[2019.12.13-15.20.56:313][  0]LogAIModule: Creating AISystem for world Untitled
[2019.12.13-15.20.56:339][  0]LogInit: XAudio2 using 'Headphones (HD 4.50BTNC Stereo)' : 2 channels at 44.1 kHz using 16 bits per sample (channel mask 0x3)
[2019.12.13-15.20.56:359][  0]LogInit: FAudioDevice initialized.
[2019.12.13-15.20.56:359][  0]LogNetVersion: Set ProjectVersion to 1.0.0.0. Version Checksum will be recalculated on next use.
[2019.12.13-15.20.56:408][  0]LogDerivedDataCache: Saved boot cache 0.05s 75MB C:/Users/Daniel/AppData/Local/UnrealEngine/4.22/DerivedDataCache/Boot.ddc.
[2019.12.13-15.20.56:420][  0]LogInit: Texture streaming: Enabled
[2019.12.13-15.20.56:444][  0]LogEngineSessionManager: EngineSessionManager initialized
[2019.12.13-15.20.56:472][  0]LogInit: Transaction tracking system initialized
[2019.12.13-15.20.56:511][  0]BlueprintLog: New page: Editor Load
[2019.12.13-15.20.56:626][  0]LocalizationService: Localization service is disabled
[2019.12.13-15.20.57:006][  0]LogFileCache: Scanning file cache for directory 'C:/Users/Daniel/Desktop/UFinalExam/G1213Dani/Content/' took 0.02s
[2019.12.13-15.20.57:006][  0]LogCook: Display: Max memory allowance for cook 16384mb min free memory 0mb
[2019.12.13-15.20.57:006][  0]LogCook: Display: Mobile HDR setting 1
[2019.12.13-15.20.58:637][  0]SourceControl: Source control is disabled
[2019.12.13-15.20.58:637][  0]Cmd: MAP LOAD FILE="../../../../../../Users/Daniel/Desktop/UFinalExam/G1213Dani/Content/FirstPersonCPP/Maps/FirstPersonExampleMap.umap" TEMPLATE=0 SHOWPROGRESS=1 FEATURELEVEL=3
[2019.12.13-15.20.58:637][  0]LightingResults: New page: Lighting Build
[2019.12.13-15.20.58:641][  0]MapCheck: New page: Map Check
[2019.12.13-15.20.58:641][  0]LightingResults: New page: Lighting Build
[2019.12.13-15.20.58:671][  0]LogUObjectHash: Compacting FUObjectHashTables data took   2.86ms
[2019.12.13-15.20.58:848][  0]LogAIModule: Creating AISystem for world FirstPersonExampleMap
[2019.12.13-15.20.58:857][  0]LogEditorServer: Finished looking for orphan Actors (0.000 secs)
[2019.12.13-15.20.58:890][  0]LogUObjectHash: Compacting FUObjectHashTables data took   2.58ms
[2019.12.13-15.20.58:890][  0]Cmd: MAP CHECKDEP NOCLEARLOG
[2019.12.13-15.20.58:891][  0]MapCheck: Map check complete: 0 Error(s), 0 Warning(s), took 0.167ms to complete.
[2019.12.13-15.20.58:891][  0]LogFileHelpers: Loading map 'FirstPersonExampleMap' took 0.255
[2019.12.13-15.20.59:042][  0]LogSlate: Updating window title bar state: overlay mode, drag disabled, window buttons hidden, title bar hidden
[2019.12.13-15.20.59:052][  0]LogSlate: Updating window title bar state: overlay mode, drag disabled, window buttons hidden, title bar hidden
[2019.12.13-15.20.59:062][  0]LogSlate: Updating window title bar state: overlay mode, drag disabled, window buttons hidden, title bar hidden
[2019.12.13-15.20.59:072][  0]LogSlate: Updating window title bar state: overlay mode, drag disabled, window buttons hidden, title bar hidden
[2019.12.13-15.20.59:086][  0]LogCollectionManager: Loaded 0 collections in 0.002786 seconds
[2019.12.13-15.20.59:104][  0]LogFileCache: Scanning file cache for directory 'C:/Users/Daniel/Desktop/UFinalExam/G1213Dani/Saved/Collections/' took 0.01s
[2019.12.13-15.20.59:104][  0]LogFileCache: Scanning file cache for directory 'C:/Users/Daniel/Desktop/UFinalExam/G1213Dani/Content/Developers/Daniel/Collections/' took 0.00s
[2019.12.13-15.20.59:104][  0]LogFileCache: Scanning file cache for directory 'C:/Users/Daniel/Desktop/UFinalExam/G1213Dani/Content/Collections/' took 0.00s
[2019.12.13-15.20.59:104][  0]LogCollectionManager: Rebuilt the GUID cache for 0 collections in 0.000000 seconds
[2019.12.13-15.20.59:115][  0]LogContentBrowser: Native class hierarchy populated in 0.0110 seconds. Added 2874 classes and 728 folders.
[2019.12.13-15.20.59:123][  0]LogContentBrowser: Native class hierarchy updated for 'WidgetCarousel' in 0.0004 seconds. Added 0 classes and 0 folders.
[2019.12.13-15.20.59:132][  0]LogPakFile: Registered encryption key '00000000000000000000000000000000': 0 pak files mounted, 0 remain pending
[2019.12.13-15.20.59:139][  0]LogPakFile: Registered encryption key '00000000000000000000000000000000': 0 pak files mounted, 0 remain pending
[2019.12.13-15.20.59:156][  0]LogPakFile: Registered encryption key '00000000000000000000000000000000': 0 pak files mounted, 0 remain pending
[2019.12.13-15.20.59:164][  0]LogPakFile: Registered encryption key '00000000000000000000000000000000': 0 pak files mounted, 0 remain pending
[2019.12.13-15.20.59:171][  0]LogPakFile: Registered encryption key '00000000000000000000000000000000': 0 pak files mounted, 0 remain pending
[2019.12.13-15.20.59:179][  0]LogPakFile: Registered encryption key '00000000000000000000000000000000': 0 pak files mounted, 0 remain pending
[2019.12.13-15.20.59:186][  0]LogPakFile: Registered encryption key '00000000000000000000000000000000': 0 pak files mounted, 0 remain pending
[2019.12.13-15.20.59:193][  0]LogPakFile: Registered encryption key '00000000000000000000000000000000': 0 pak files mounted, 0 remain pending
[2019.12.13-15.20.59:200][  0]LogPakFile: Registered encryption key '00000000000000000000000000000000': 0 pak files mounted, 0 remain pending
[2019.12.13-15.20.59:207][  0]LogPakFile: Registered encryption key '00000000000000000000000000000000': 0 pak files mounted, 0 remain pending
[2019.12.13-15.20.59:214][  0]LogPakFile: Registered encryption key '00000000000000000000000000000000': 0 pak files mounted, 0 remain pending
[2019.12.13-15.20.59:220][  0]LogPakFile: Registered encryption key '00000000000000000000000000000000': 0 pak files mounted, 0 remain pending
[2019.12.13-15.20.59:229][  0]LogPakFile: Registered encryption key '00000000000000000000000000000000': 0 pak files mounted, 0 remain pending
[2019.12.13-15.20.59:236][  0]LogPakFile: Registered encryption key '00000000000000000000000000000000': 0 pak files mounted, 0 remain pending
[2019.12.13-15.20.59:243][  0]LogPakFile: Registered encryption key '00000000000000000000000000000000': 0 pak files mounted, 0 remain pending
[2019.12.13-15.20.59:248][  0]LogPakFile: Registered encryption key '00000000000000000000000000000000': 0 pak files mounted, 0 remain pending
[2019.12.13-15.20.59:287][  0]LogPakFile: Registered encryption key '00000000000000000000000000000000': 0 pak files mounted, 0 remain pending
[2019.12.13-15.20.59:295][  0]LogPakFile: Registered encryption key '00000000000000000000000000000000': 0 pak files mounted, 0 remain pending
[2019.12.13-15.20.59:303][  0]LogPakFile: Registered encryption key '00000000000000000000000000000000': 0 pak files mounted, 0 remain pending
[2019.12.13-15.20.59:312][  0]LogPakFile: Registered encryption key '00000000000000000000000000000000': 0 pak files mounted, 0 remain pending
[2019.12.13-15.20.59:320][  0]LogPakFile: Registered encryption key '00000000000000000000000000000000': 0 pak files mounted, 0 remain pending
[2019.12.13-15.20.59:327][  0]LogPakFile: Registered encryption key '00000000000000000000000000000000': 0 pak files mounted, 0 remain pending
[2019.12.13-15.20.59:334][  0]LogPakFile: Registered encryption key '00000000000000000000000000000000': 0 pak files mounted, 0 remain pending
[2019.12.13-15.20.59:340][  0]LogPakFile: Registered encryption key '00000000000000000000000000000000': 0 pak files mounted, 0 remain pending
[2019.12.13-15.20.59:347][  0]LogPakFile: Registered encryption key '00000000000000000000000000000000': 0 pak files mounted, 0 remain pending
[2019.12.13-15.20.59:355][  0]LogPakFile: Registered encryption key '00000000000000000000000000000000': 0 pak files mounted, 0 remain pending
[2019.12.13-15.20.59:362][  0]LogPakFile: Registered encryption key '00000000000000000000000000000000': 0 pak files mounted, 0 remain pending
[2019.12.13-15.20.59:371][  0]LogPakFile: Registered encryption key '00000000000000000000000000000000': 0 pak files mounted, 0 remain pending
[2019.12.13-15.20.59:569][  0]LogContentBrowser: Native class hierarchy updated for 'AddContentDialog' in 0.0004 seconds. Added 0 classes and 0 folders.
[2019.12.13-15.20.59:574][  0]LogContentBrowser: Native class hierarchy updated for 'SceneOutliner' in 0.0006 seconds. Added 1 classes and 0 folders.
[2019.12.13-15.20.59:714][  0]LogSlate: Took 0.000175 seconds to synchronously load lazily loaded font '../../../Engine/Content/Slate/Fonts/Roboto-Regular.ttf' (155K)
[2019.12.13-15.20.59:719][  0]LogSlate: Took 0.000290 seconds to synchronously load lazily loaded font '../../../Engine/Content/Slate/Fonts/Roboto-Bold.ttf' (160K)
[2019.12.13-15.20.59:732][  0]LogSlate: Took 0.007029 seconds to synchronously load lazily loaded font '../../../Engine/Content/Editor/Slate/Fonts/FontAwesome.ttf' (139K)
[2019.12.13-15.20.59:858][  0]LogRenderer: Reallocating scene render targets to support 924x488 Format 10 NumSamples 1 (Frame:1).
[2019.12.13-15.20.59:957][  0]LogSlate: Took 0.010834 seconds to synchronously load lazily loaded font '../../../Engine/Content/Slate/Fonts/Roboto-Light.ttf' (167K)
[2019.12.13-15.21.00:128][  0]LogContentBrowser: Native class hierarchy updated for 'HierarchicalLODOutliner' in 0.0004 seconds. Added 0 classes and 0 folders.
[2019.12.13-15.21.00:128][  0]LogLoad: (Engine Initialization) Total time: 15.73 seconds
[2019.12.13-15.21.00:128][  0]LogLoad: (Engine Initialization) Total Blueprint compile time: 0.00 seconds
[2019.12.13-15.21.00:425][  0]LogHotReload: New module detected: UE4Editor-G1213Dani-0005.dll
[2019.12.13-15.21.00:428][  0]LogContentStreaming: Texture pool size now 1000 MB
[2019.12.13-15.21.00:476][  1]LogHotReload: Starting Hot-Reload from IDE
[2019.12.13-15.21.00:482][  1]LogSlate: Took 0.000159 seconds to synchronously load lazily loaded font '../../../Engine/Content/Slate/Fonts/Roboto-Light.ttf' (167K)
[2019.12.13-15.21.00:539][  1]LogUObjectHash: Compacting FUObjectHashTables data took   0.70ms
[2019.12.13-15.21.00:589][  1]LogContentBrowser: Native class hierarchy updated for 'G1213Dani' in 0.0005 seconds. Added 10 classes and 2 folders.
[2019.12.13-15.21.00:591][  1]Display: HotReload successful (1 functions remapped  0 scriptstructs remapped)
[2019.12.13-15.21.00:718][  1]LogUObjectHash: Compacting FUObjectHashTables data took   1.42ms
[2019.12.13-15.21.00:735][  1]LogContentBrowser: Native class hierarchy populated in 0.0119 seconds. Added 2874 classes and 728 folders.
[2019.12.13-15.21.00:988][  1]Display: HotReload took  0.5s.
[2019.12.13-15.21.02:273][  1]LogAssetRegistry: Asset discovery search completed in 12.4715 seconds
[2019.12.13-15.21.02:280][  1]LogCollectionManager: Rebuilt the object cache for 0 collections in 0.000001 seconds (found 0 objects)
[2019.12.13-15.21.02:280][  1]LogCollectionManager: Fixed up redirectors for 0 collections in 0.000119 seconds (updated 0 objects)
[2019.12.13-15.24.08:887][558]LogHotReload: New module detected: UE4Editor-G1213Dani-0804.dll
[2019.12.13-15.24.09:931][562]LogHotReload: Starting Hot-Reload from IDE
[2019.12.13-15.24.10:083][562]LogUObjectHash: Compacting FUObjectHashTables data took   0.88ms
[2019.12.13-15.24.10:109][562]LogClass: Could not find existing class Cubemon in package /Script/G1213Dani for HotReload, assuming new class
[2019.12.13-15.24.10:136][562]LogHotReload: Re-instancing Cubemon after hot-reload.
[2019.12.13-15.24.10:288][562]LogContentBrowser: Native class hierarchy updated for 'G1213Dani' in 0.0009 seconds. Added 10 classes and 2 folders.
[2019.12.13-15.24.10:292][562]Display: HotReload successful (1 functions remapped  0 scriptstructs remapped)
[2019.12.13-15.24.10:365][562]LogUObjectHash: Compacting FUObjectHashTables data took   2.26ms
[2019.12.13-15.24.10:393][562]LogContentBrowser: Native class hierarchy populated in 0.0176 seconds. Added 2874 classes and 728 folders.
[2019.12.13-15.24.10:404][562]Display: HotReload took  0.5s.
[2019.12.13-15.29.12:517][594]LogUObjectHash: Compacting FUObjectHashTables data took   0.89ms
[2019.12.13-15.29.12:628][594]LogSlate: Window 'G1213Dani - Unreal Editor' being destroyed
[2019.12.13-15.29.12:838][595]Cmd: QUIT_EDITOR
[2019.12.13-15.29.12:862][595]LogWindowsTextInputMethodSystem: Display: IME system now deactivated.
[2019.12.13-15.29.12:883][595]LogExit: Preparing to exit.
[2019.12.13-15.29.13:604][595]LogExit: Editor shut down
[2019.12.13-15.29.13:604][595]LogExit: Transaction tracking system shut down
[2019.12.13-15.29.13:878][595]LogExit: Object subsystem successfully closed.
[2019.12.13-15.29.13:909][595]LogShaderCompilers: Display: Shaders left to compile 0
[2019.12.13-15.29.13:914][595]LogD3D11RHI: Shutdown
[2019.12.13-15.29.13:914][595]LogD3D11RHI: CleanupD3DDevice
[2019.12.13-15.29.13:916][595]LogRendererCore: FGlobalReadBuffer::ReleaseRHI
[2019.12.13-15.29.13:916][595]LogRendererCore: FGlobalDynamicReadBuffer::Cleanup()
[2019.12.13-15.29.13:916][595]LogRendererCore: FGlobalReadBuffer::ReleaseRHI
[2019.12.13-15.29.13:916][595]LogRendererCore: FGlobalDynamicReadBuffer::Cleanup()
[2019.12.13-15.29.13:916][595]LogRendererCore: FGlobalReadBuffer::ReleaseRHI
[2019.12.13-15.29.13:916][595]LogRendererCore: FGlobalDynamicReadBuffer::Cleanup()
[2019.12.13-15.29.14:062][595]LogD3D11RHI: ~FD3D11DynamicRHI
[2019.12.13-15.29.14:113][595]LogModuleManager: Shutting down and abandoning module G1213Dani (688)
[2019.12.13-15.29.14:113][595]LogModuleManager: Shutting down and abandoning module HierarchicalLODOutliner (686)
[2019.12.13-15.29.14:113][595]LogModuleManager: Shutting down and abandoning module SceneOutliner (684)
[2019.12.13-15.29.14:113][595]LogModuleManager: Shutting down and abandoning module AddContentDialog (682)
[2019.12.13-15.29.14:114][595]LogModuleManager: Shutting down and abandoning module WidgetCarousel (681)
[2019.12.13-15.29.14:114][595]LogModuleManager: Shutting down and abandoning module EditorWidgets (678)
[2019.12.13-15.29.14:114][595]LogModuleManager: Shutting down and abandoning module CollectionManager (676)
[2019.12.13-15.29.14:115][595]LogModuleManager: Shutting down and abandoning module StatsViewer (674)
[2019.12.13-15.29.14:115][595]LogModuleManager: Shutting down and abandoning module FoliageEdit (672)
[2019.12.13-15.29.14:115][595]LogModuleManager: Shutting down and abandoning module LandscapeEditor (670)
[2019.12.13-15.29.14:116][595]LogModuleManager: Shutting down and abandoning module MeshPaintMode (668)
[2019.12.13-15.29.14:116][595]LogModuleManager: Shutting down and abandoning module SceneDepthPickerMode (666)
[2019.12.13-15.29.14:116][595]LogModuleManager: Shutting down and abandoning module ActorPickerMode (664)
[2019.12.13-15.29.14:116][595]LogModuleManager: Shutting down and abandoning module GeometryMode (662)
[2019.12.13-15.29.14:116][595]LogModuleManager: Shutting down and abandoning module TextureAlignMode (660)
[2019.12.13-15.29.14:116][595]LogModuleManager: Shutting down and abandoning module BspMode (658)
[2019.12.13-15.29.14:116][595]LogModuleManager: Shutting down and abandoning module PIEPreviewDeviceProfileSelector (656)
[2019.12.13-15.29.14:117][595]LogModuleManager: Shutting down and abandoning module SequenceRecorderSections (654)
[2019.12.13-15.29.14:117][595]LogModuleManager: Shutting down and abandoning module AutomationWorker (652)
[2019.12.13-15.29.14:118][595]LogModuleManager: Shutting down and abandoning module DatasmithFBXImporter (650)
[2019.12.13-15.29.14:118][595]LogModuleManager: Shutting down and abandoning module DatasmithDeltaGenImporter (648)
[2019.12.13-15.29.14:118][595]LogModuleManager: Shutting down and abandoning module DatasmithVREDImporter (646)
[2019.12.13-15.29.14:118][595]LogModuleManager: Shutting down and abandoning module OculusMR (644)
[2019.12.13-15.29.14:118][595]LogModuleManager: Shutting down and abandoning module AudioCaptureEditor (642)
[2019.12.13-15.29.14:118][595]LogModuleManager: Shutting down and abandoning module MatineeToLevelSequence (640)
[2019.12.13-15.29.14:118][595]LogModuleManager: Shutting down and abandoning module LevelSequenceEditor (638)
[2019.12.13-15.29.14:119][595]LogModuleManager: Shutting down and abandoning module PlacementMode (637)
[2019.12.13-15.29.14:119][595]LogModuleManager: Shutting down and abandoning module MaterialEditor (636)
[2019.12.13-15.29.14:120][595]LogModuleManager: Shutting down and abandoning module ActorSequenceEditor (632)
[2019.12.13-15.29.14:120][595]LogModuleManager: Shutting down and abandoning module WmfMediaFactory (630)
[2019.12.13-15.29.14:120][595]LogModuleManager: Shutting down and abandoning module WmfMediaEditor (628)
[2019.12.13-15.29.14:120][595]LogModuleManager: Shutting down and abandoning module WebMMediaFactory (626)
[2019.12.13-15.29.14:120][595]LogModuleManager: Shutting down and abandoning module WebMMediaEditor (624)
[2019.12.13-15.29.14:120][595]LogModuleManager: Shutting down and abandoning module WebMMedia (622)
[2019.12.13-15.29.14:120][595]LogModuleManager: Shutting down and abandoning module MediaPlayerEditor (620)
[2019.12.13-15.29.14:121][595]LogModuleManager: Shutting down and abandoning module MediaCompositingEditor (618)
[2019.12.13-15.29.14:121][595]LogModuleManager: Shutting down and abandoning module SequenceRecorder (617)
[2019.12.13-15.29.14:121][595]LogModuleManager: Shutting down and abandoning module OpenExrWrapper (614)
[2019.12.13-15.29.14:121][595]LogModuleManager: Shutting down and abandoning module ImgMediaFactory (612)
[2019.12.13-15.29.14:121][595]LogModuleManager: Shutting down and abandoning module ImgMediaEditor (610)
[2019.12.13-15.29.14:121][595]LogModuleManager: Shutting down and abandoning module AvfMediaFactory (608)
[2019.12.13-15.29.14:121][595]LogModuleManager: Shutting down and abandoning module AvfMediaEditor (606)
[2019.12.13-15.29.14:121][595]LogModuleManager: Shutting down and abandoning module AndroidMediaFactory (604)
[2019.12.13-15.29.14:121][595]LogModuleManager: Shutting down and abandoning module AndroidMediaEditor (602)
[2019.12.13-15.29.14:121][595]LogModuleManager: Shutting down and abandoning module MagicLeapCameraPreviewFactory (600)
[2019.12.13-15.29.14:121][595]LogModuleManager: Shutting down and abandoning module MagicLeapMediaCodecFactory (598)
[2019.12.13-15.29.14:121][595]LogModuleManager: Shutting down and abandoning module MagicLeapMediaFactory (596)
[2019.12.13-15.29.14:121][595]LogModuleManager: Shutting down and abandoning module MagicLeapMediaEditor (594)
[2019.12.13-15.29.14:121][595]LogModuleManager: Shutting down and abandoning module CharacterAI (592)
[2019.12.13-15.29.14:122][595]LogModuleManager: Shutting down and abandoning module SmartSnapping (590)
[2019.12.13-15.29.14:122][595]LogModuleManager: Shutting down and abandoning module SessionServices (588)
[2019.12.13-15.29.14:122][595]LogModuleManager: Shutting down and abandoning module MeshPaint (586)
[2019.12.13-15.29.14:122][595]LogModuleManager: Shutting down and abandoning module ViewportSnapping (584)
[2019.12.13-15.29.14:122][595]LogModuleManager: Shutting down and abandoning module ViewportInteraction (582)
[2019.12.13-15.29.14:122][595]LogModuleManager: Shutting down and abandoning module ClothPainter (580)
[2019.12.13-15.29.14:122][595]LogModuleManager: Shutting down and abandoning module SkeletalMeshEditor (579)
[2019.12.13-15.29.14:123][595]LogModuleManager: Shutting down and abandoning module LogVisualizer (576)
[2019.12.13-15.29.14:124][595]LogModuleManager: Shutting down and abandoning module IntroTutorials (574)
[2019.12.13-15.29.14:124][595]LogModuleManager: Shutting down and abandoning module GameProjectGeneration (573)
[2019.12.13-15.29.14:125][595]LogModuleManager: Shutting down and abandoning module LuminPlatformEditor (570)
[2019.12.13-15.29.14:125][595]LogModuleManager: Shutting down and abandoning module IOSPlatformEditor (568)
[2019.12.13-15.29.14:125][595]LogModuleManager: Shutting down and abandoning module HTML5PlatformEditor (566)
[2019.12.13-15.29.14:125][595]LogModuleManager: Shutting down and abandoning module AndroidPlatformEditor (564)
[2019.12.13-15.29.14:126][595]LogModuleManager: Shutting down and abandoning module AndroidDeviceDetection (563)
[2019.12.13-15.29.15:002][595]LogModuleManager: Shutting down and abandoning module WindowsPlatformEditor (560)
[2019.12.13-15.29.15:002][595]LogModuleManager: Shutting down and abandoning module LuminRuntimeSettings (558)
[2019.12.13-15.29.15:002][595]LogModuleManager: Shutting down and abandoning module IOSRuntimeSettings (556)
[2019.12.13-15.29.15:003][595]LogModuleManager: Shutting down and abandoning module AndroidRuntimeSettings (554)
[2019.12.13-15.29.15:003][595]LogModuleManager: Shutting down and abandoning module TimeManagementEditor (552)
[2019.12.13-15.29.15:003][595]LogModuleManager: Shutting down and abandoning module InputBindingEditor (550)
[2019.12.13-15.29.15:005][595]LogModuleManager: Shutting down and abandoning module MergeActors (548)
[2019.12.13-15.29.15:005][595]LogModuleManager: Shutting down and abandoning module LocalizationDashboard (546)
[2019.12.13-15.29.15:005][595]LogModuleManager: Shutting down and abandoning module LocalizationService (545)
[2019.12.13-15.29.15:006][595]LogModuleManager: Shutting down and abandoning module HardwareTargeting (542)
[2019.12.13-15.29.15:006][595]LogModuleManager: Shutting down and abandoning module DeviceProfileEditor (540)
[2019.12.13-15.29.15:006][595]LogModuleManager: Shutting down and abandoning module UndoHistory (538)
[2019.12.13-15.29.15:006][595]LogModuleManager: Shutting down and abandoning module XmlParser (536)
[2019.12.13-15.29.15:006][595]LogModuleManager: Shutting down and abandoning module Blutility (534)
[2019.12.13-15.29.15:006][595]LogModuleManager: Shutting down and abandoning module ProjectSettingsViewer (532)
[2019.12.13-15.29.15:007][595]LogModuleManager: Shutting down and abandoning module ProjectTargetPlatformEditor (531)
[2019.12.13-15.29.15:007][595]LogModuleManager: Shutting down and abandoning module EditorSettingsViewer (528)
[2019.12.13-15.29.15:007][595]LogModuleManager: Shutting down and abandoning module SettingsEditor (526)
[2019.12.13-15.29.15:007][595]LogModuleManager: Shutting down and abandoning module ProjectLauncher (524)
[2019.12.13-15.29.15:007][595]LogModuleManager: Shutting down and abandoning module SessionFrontend (522)
[2019.12.13-15.29.15:008][595]LogModuleManager: Shutting down and abandoning module ProfilerClient (520)
[2019.12.13-15.29.15:008][595]LogModuleManager: Shutting down and abandoning module DeviceManager (518)
[2019.12.13-15.29.15:008][595]LogModuleManager: Shutting down and abandoning module TargetDeviceServices (517)
[2019.12.13-15.29.15:073][595]LogModuleManager: Shutting down and abandoning module AutomationController (514)
[2019.12.13-15.29.15:074][595]LogModuleManager: Shutting down and abandoning module AutomationWindow (512)
[2019.12.13-15.29.15:074][595]LogModuleManager: Shutting down and abandoning module Layers (510)
[2019.12.13-15.29.15:076][595]LogModuleManager: Shutting down and abandoning module ComponentVisualizers (508)
[2019.12.13-15.29.15:076][595]LogModuleManager: Shutting down and abandoning module DetailCustomizations (506)
[2019.12.13-15.29.15:076][595]LogModuleManager: Shutting down and abandoning module PackagesDialog (504)
[2019.12.13-15.29.15:076][595]LogModuleManager: Shutting down and abandoning module AnimationBlueprintEditor (502)
[2019.12.13-15.29.15:077][595]LogModuleManager: Shutting down and abandoning module Persona (500)
[2019.12.13-15.29.15:078][595]LogModuleManager: Shutting down and abandoning module AnimGraph (499)
[2019.12.13-15.29.15:078][595]LogModuleManager: Shutting down and abandoning module Kismet (496)
[2019.12.13-15.29.15:078][595]LogModuleManager: Shutting down and abandoning module GraphEditor (494)
[2019.12.13-15.29.15:078][595]LogModuleManager: Shutting down and abandoning module ClassViewer (492)
[2019.12.13-15.29.15:078][595]LogModuleManager: Shutting down and abandoning module Toolbox (490)
[2019.12.13-15.29.15:078][595]LogModuleManager: Shutting down and abandoning module DesktopPlatform (489)
[2019.12.13-15.29.15:079][595]LogModuleManager: Shutting down and abandoning module ModuleUI (486)
[2019.12.13-15.29.15:079][595]LogModuleManager: Shutting down and abandoning module MovieSceneTools (484)
[2019.12.13-15.29.15:079][595]LogModuleManager: Shutting down and abandoning module OutputLog (482)
[2019.12.13-15.29.15:079][595]LogModuleManager: Shutting down and abandoning module GammaUI (480)
[2019.12.13-15.29.15:079][595]LogModuleManager: Shutting down and abandoning module Documentation (478)
[2019.12.13-15.29.15:080][595]LogModuleManager: Shutting down and abandoning module LiveCoding (476)
[2019.12.13-15.29.15:080][595]LogModuleManager: Shutting down and abandoning module LevelSequence (474)
[2019.12.13-15.29.15:080][595]LogModuleManager: Shutting down and abandoning module MovieSceneTracks (472)
[2019.12.13-15.29.15:080][595]LogModuleManager: Shutting down and abandoning module MovieScene (470)
[2019.12.13-15.29.15:080][595]LogModuleManager: Shutting down and abandoning module StreamingPauseRendering (468)
[2019.12.13-15.29.15:081][595]LogModuleManager: Shutting down and abandoning module LauncherPlatform (466)
[2019.12.13-15.29.15:081][595]LogModuleManager: Shutting down and abandoning module AnalyticsET (464)
[2019.12.13-15.29.15:081][595]LogModuleManager: Shutting down and abandoning module PortalServices (462)
[2019.12.13-15.29.15:081][595]LogModuleManager: Shutting down and abandoning module PortalRpc (460)
[2019.12.13-15.29.15:081][595]LogModuleManager: Shutting down and abandoning module MessagingRpc (458)
[2019.12.13-15.29.15:081][595]LogModuleManager: Shutting down and abandoning module AIModule (456)
[2019.12.13-15.29.15:081][595]LogModuleManager: Shutting down and abandoning module GameplayDebugger (455)
[2019.12.13-15.29.15:081][595]LogModuleManager: Shutting down and abandoning module AITestSuite (453)
[2019.12.13-15.29.15:081][595]LogModuleManager: Shutting down and abandoning module NavigationSystem (451)
[2019.12.13-15.29.15:081][595]LogModuleManager: Shutting down and abandoning module ImageWriteQueue (448)
[2019.12.13-15.29.15:086][595]LogModuleManager: Shutting down and abandoning module ProfilerService (446)
[2019.12.13-15.29.15:130][595]LogModuleManager: Shutting down and abandoning module TaskGraph (444)
[2019.12.13-15.29.15:130][595]LogModuleManager: Shutting down and abandoning module DatasmithCADImporter (442)
[2019.12.13-15.29.15:137][595]LogModuleManager: Shutting down and abandoning module VariantManager (440)
[2019.12.13-15.29.15:138][595]LogModuleManager: Shutting down and abandoning module StaticMeshEditorExtension (438)
[2019.12.13-15.29.15:138][595]LogModuleManager: Shutting down and abandoning module StaticMeshEditor (437)
[2019.12.13-15.29.15:139][595]LogModuleManager: Shutting down and abandoning module AdvancedPreviewScene (436)
[2019.12.13-15.29.15:139][595]LogModuleManager: Shutting down and abandoning module MeshProcessingLibrary (433)
[2019.12.13-15.29.15:140][595]LogModuleManager: Shutting down and abandoning module MDLImporter (430)
[2019.12.13-15.29.15:140][595]LogModuleManager: Shutting down and abandoning module DatasmithGLTFImporter (428)
[2019.12.13-15.29.15:140][595]LogModuleManager: Shutting down and abandoning module DatasmithImporter (427)
[2019.12.13-15.29.15:143][595]LogModuleManager: Shutting down and abandoning module DatasmithDataPrepLibraries (424)
[2019.12.13-15.29.15:143][595]LogModuleManager: Shutting down and abandoning module DatasmithDataPrepEditor (422)
[2019.12.13-15.29.15:146][595]LogModuleManager: Shutting down and abandoning module SteamVRController (420)
[2019.12.13-15.29.15:146][595]LogModuleManager: Shutting down and abandoning module ProceduralMeshComponentEditor (418)
[2019.12.13-15.29.15:146][595]LogModuleManager: Shutting down and abandoning module ProceduralMeshComponent (416)
[2019.12.13-15.29.15:146][595]LogModuleManager: Shutting down and abandoning module OculusEditor (414)
[2019.12.13-15.29.15:147][595]LogModuleManager: Shutting down and abandoning module OculusInput (412)
[2019.12.13-15.29.15:147][595]LogModuleManager: Shutting down and abandoning module MobilePatchingUtils (410)
[2019.12.13-15.29.15:147][595]LogModuleManager: Shutting down and abandoning module EditableMesh (408)
[2019.12.13-15.29.15:147][595]LogModuleManager: Shutting down and abandoning module CustomMeshComponent (406)
[2019.12.13-15.29.15:147][595]LogModuleManager: Shutting down and abandoning module CableComponent (404)
[2019.12.13-15.29.15:148][595]LogModuleManager: Shutting down and abandoning module AudioCapture (402)
[2019.12.13-15.29.15:148][595]LogModuleManager: Shutting down and abandoning module ArchVisCharacter (400)
[2019.12.13-15.29.15:148][595]LogModuleManager: Shutting down and abandoning module AndroidPermission (398)
[2019.12.13-15.29.15:148][595]LogModuleManager: Shutting down and abandoning module NUTUnrealEngine4 (396)
[2019.12.13-15.29.15:148][595]LogModuleManager: Shutting down and abandoning module NetcodeUnitTest (394)
[2019.12.13-15.29.15:149][595]LogModuleManager: Shutting down and abandoning module MediaCompositing (392)
[2019.12.13-15.29.15:149][595]LogModuleManager: Shutting down and abandoning module LinearTimecode (390)
[2019.12.13-15.29.15:149][595]LogModuleManager: Shutting down and abandoning module ImgMedia (388)
[2019.12.13-15.29.15:149][595]LogModuleManager: Shutting down and abandoning module MagicLeapHelperVulkan (386)
[2019.12.13-15.29.15:149][595]LogModuleManager: Shutting down and abandoning module MagicLeapHelperOpenGL (384)
[2019.12.13-15.29.15:149][595]LogModuleManager: Shutting down and abandoning module MagicLeapAudio (382)
[2019.12.13-15.29.15:149][595]LogModuleManager: Shutting down and abandoning module HTML5Networking (380)
[2019.12.13-15.29.15:149][595]LogModuleManager: Shutting down and abandoning module GeometryCollectionEditor (378)
[2019.12.13-15.29.15:149][595]LogModuleManager: Shutting down and abandoning module GeometryCollectionExampleCore (376)
[2019.12.13-15.29.15:149][595]LogModuleManager: Shutting down and abandoning module GeometryCacheTracks (374)
[2019.12.13-15.29.15:150][595]LogModuleManager: Shutting down and abandoning module GeometryCacheSequencer (372)
[2019.12.13-15.29.15:150][595]LogModuleManager: Shutting down and abandoning module ChaosSolverEditor (370)
[2019.12.13-15.29.15:150][595]LogModuleManager: Shutting down and abandoning module BlastAuthoring (368)
[2019.12.13-15.29.15:150][595]LogModuleManager: Shutting down and abandoning module BackChannel (366)
[2019.12.13-15.29.15:150][595]LogModuleManager: Shutting down and abandoning module AppleVision (364)
[2019.12.13-15.29.15:150][595]LogModuleManager: Shutting down and abandoning module AppleImageUtilsBlueprintSupport (362)
[2019.12.13-15.29.15:150][595]LogModuleManager: Shutting down and abandoning module AppleImageUtils (360)
[2019.12.13-15.29.15:150][595]LogModuleManager: Shutting down and abandoning module AlembicImporter (358)
[2019.12.13-15.29.15:150][595]LogModuleManager: Shutting down and abandoning module AlembicLibrary (357)
[2019.12.13-15.29.15:150][595]LogModuleManager: Shutting down and abandoning module GeometryCache (356)
[2019.12.13-15.29.15:150][595]LogModuleManager: Shutting down and abandoning module GeometryCacheEd (355)
[2019.12.13-15.29.15:150][595]LogModuleManager: Shutting down and abandoning module VariantManagerContent (350)
[2019.12.13-15.29.15:150][595]LogModuleManager: Shutting down and abandoning module DatasmithContentEditor (348)
[2019.12.13-15.29.15:150][595]LogModuleManager: Shutting down and abandoning module SpeedTreeImporter (346)
[2019.12.13-15.29.15:150][595]LogModuleManager: Shutting down and abandoning module PluginBrowser (344)
[2019.12.13-15.29.15:151][595]LogModuleManager: Shutting down and abandoning module MobileLauncherProfileWizard (342)
[2019.12.13-15.29.15:151][595]LogModuleManager: Shutting down and abandoning module PolygonModeling (340)
[2019.12.13-15.29.15:151][595]LogModuleManager: Shutting down and abandoning module MeshEditor (338)
[2019.12.13-15.29.15:151][595]LogModuleManager: Shutting down and abandoning module MaterialAnalyzer (336)
[2019.12.13-15.29.15:152][595]LogModuleManager: Shutting down and abandoning module GLTFImporter (334)
[2019.12.13-15.29.15:152][595]LogModuleManager: Shutting down and abandoning module EditorScriptingUtilities (332)
[2019.12.13-15.29.15:152][595]LogModuleManager: Shutting down and abandoning module CryptoKeysOpenSSL (330)
[2019.12.13-15.29.15:152][595]LogModuleManager: Shutting down and abandoning module CryptoKeys (328)
[2019.12.13-15.29.15:152][595]LogModuleManager: Shutting down and abandoning module VisualStudioSourceCodeAccess (326)
[2019.12.13-15.29.15:152][595]LogModuleManager: Shutting down and abandoning module VisualStudioCodeSourceCodeAccess (324)
[2019.12.13-15.29.15:152][595]LogModuleManager: Shutting down and abandoning module UObjectPlugin (322)
[2019.12.13-15.29.15:152][595]LogModuleManager: Shutting down and abandoning module SubversionSourceControl (320)
[2019.12.13-15.29.15:152][595]LogModuleManager: Shutting down and abandoning module PerforceSourceControl (318)
[2019.12.13-15.29.15:153][595]LogModuleManager: Shutting down and abandoning module GitSourceControl (316)
[2019.12.13-15.29.15:153][595]LogModuleManager: Shutting down and abandoning module SourceControl (315)
[2019.12.13-15.29.15:154][595]LogModuleManager: Shutting down and abandoning module CLionSourceCodeAccess (312)
[2019.12.13-15.29.15:154][595]LogModuleManager: Shutting down and abandoning module AnimationSharingEd (310)
[2019.12.13-15.29.15:154][595]LogModuleManager: Shutting down and abandoning module ActorLayerUtilitiesEditor (308)
[2019.12.13-15.29.15:154][595]LogModuleManager: Shutting down and abandoning module ActorLayerUtilities (306)
[2019.12.13-15.29.15:154][595]LogModuleManager: Shutting down and abandoning module LightPropagationVolumeEditor (304)
[2019.12.13-15.29.15:154][595]LogModuleManager: Shutting down and abandoning module PaperTiledImporter (302)
[2019.12.13-15.29.15:154][595]LogModuleManager: Shutting down and abandoning module PaperSpriteSheetImporter (300)
[2019.12.13-15.29.15:154][595]LogModuleManager: Shutting down and abandoning module Paper2DEditor (298)
[2019.12.13-15.29.15:155][595]LogModuleManager: Shutting down and abandoning module SignificanceManager (294)
[2019.12.13-15.29.15:155][595]LogModuleManager: Shutting down and abandoning module RuntimePhysXCooking (292)
[2019.12.13-15.29.15:155][595]LogModuleManager: Shutting down and abandoning module PhysXVehiclesEditor (290)
[2019.12.13-15.29.15:155][595]LogModuleManager: Shutting down and abandoning module PhysXVehicles (288)
[2019.12.13-15.29.15:155][595]LogModuleManager: Shutting down and abandoning module LocationServicesBPLibrary (286)
[2019.12.13-15.29.15:155][595]LogModuleManager: Shutting down and abandoning module ActorSequence (284)
[2019.12.13-15.29.15:155][595]LogModuleManager: Shutting down and abandoning module UdpMessaging (282)
[2019.12.13-15.29.15:256][595]LogModuleManager: Shutting down and abandoning module TcpMessaging (280)
[2019.12.13-15.29.15:357][595]LogModuleManager: Shutting down and abandoning module MagicLeapIdentity (278)
[2019.12.13-15.29.15:357][595]LogModuleManager: Shutting down and abandoning module MagicLeapSecureStorage (276)
[2019.12.13-15.29.15:357][595]LogModuleManager: Shutting down and abandoning module MagicLeapHandTracking (274)
[2019.12.13-15.29.15:358][595]LogModuleManager: Shutting down and abandoning module MagicLeapEyeTracker (272)
[2019.12.13-15.29.15:358][595]LogModuleManager: Shutting down and abandoning module MagicLeapController (270)
[2019.12.13-15.29.15:358][595]LogSlate: Slate User Destroyed.  User Index 0, Is Virtual User: 0
[2019.12.13-15.29.15:358][595]LogModuleManager: Shutting down and abandoning module MagicLeapAR (268)
[2019.12.13-15.29.15:358][595]LogModuleManager: Shutting down and abandoning module AugmentedReality (267)
[2019.12.13-15.29.15:358][595]LogModuleManager: Shutting down and abandoning module GameplayTagsEditor (264)
[2019.12.13-15.29.15:359][595]LogModuleManager: Shutting down and abandoning module FacialAnimationEditor (262)
[2019.12.13-15.29.15:359][595]LogModuleManager: Shutting down and abandoning module FacialAnimation (260)
[2019.12.13-15.29.15:359][595]LogModuleManager: Shutting down and abandoning module DataValidation (258)
[2019.12.13-15.29.15:359][595]LogModuleManager: Shutting down and abandoning module AssetManagerEditor (256)
[2019.12.13-15.29.15:360][595]LogModuleManager: Shutting down and abandoning module LevelEditor (255)
[2019.12.13-15.29.15:361][595]LogModuleManager: Shutting down and abandoning module PixelInspectorModule (254)
[2019.12.13-15.29.15:362][595]LogModuleManager: Shutting down and abandoning module CommonMenuExtensions (252)
[2019.12.13-15.29.15:362][595]LogModuleManager: Shutting down and abandoning module MainFrame (250)
[2019.12.13-15.29.15:362][595]LogModuleManager: Shutting down and abandoning module HotReload (249)
[2019.12.13-15.29.15:362][595]LogModuleManager: Shutting down and abandoning module ContentBrowser (245)
[2019.12.13-15.29.15:363][595]LogModuleManager: Shutting down and abandoning module TreeMap (243)
[2019.12.13-15.29.15:364][595]LogModuleManager: Shutting down and abandoning module AnimationSharing (240)
[2019.12.13-15.29.15:364][595]LogModuleManager: Shutting down and abandoning module LightPropagationVolumeRuntime (238)
[2019.12.13-15.29.15:364][595]LogModuleManager: Shutting down and abandoning module AISupportModule (236)
[2019.12.13-15.29.15:364][595]LogModuleManager: Shutting down and abandoning module Paper2D (234)
[2019.12.13-15.29.15:364][595]LogModuleManager: Shutting down and abandoning module WindowsMoviePlayer (232)
[2019.12.13-15.29.15:364][595]LogModuleManager: Shutting down and abandoning module WebMMoviePlayer (230)
[2019.12.13-15.29.15:365][595]LogModuleManager: Shutting down and abandoning module PacketHandler (228)
[2019.12.13-15.29.15:365][595]LogModuleManager: Shutting down and abandoning module ClothingSystemEditor (226)
[2019.12.13-15.29.15:365][595]LogModuleManager: Shutting down and abandoning module ClothingSystemRuntime (224)
[2019.12.13-15.29.15:366][595]LogModuleManager: Shutting down and abandoning module MediaAssets (222)
[2019.12.13-15.29.15:366][595]LogModuleManager: Shutting down and abandoning module Overlay (220)
[2019.12.13-15.29.15:366][595]LogModuleManager: Shutting down and abandoning module OverlayEditor (219)
[2019.12.13-15.29.15:366][595]LogModuleManager: Shutting down and abandoning module VREditor (216)
[2019.12.13-15.29.15:367][595]LogModuleManager: Shutting down and abandoning module StringTableEditor (214)
[2019.12.13-15.29.15:367][595]LogModuleManager: Shutting down and abandoning module GameplayTasksEditor (212)
[2019.12.13-15.29.15:367][595]LogModuleManager: Shutting down and abandoning module BehaviorTreeEditor (210)
[2019.12.13-15.29.15:370][595]LogModuleManager: Shutting down and abandoning module FunctionalTesting (208)
[2019.12.13-15.29.15:370][595]LogModuleManager: Shutting down and abandoning module CollisionAnalyzer (206)
[2019.12.13-15.29.15:372][595]LogModuleManager: Shutting down and abandoning module WorkspaceMenuStructure (205)
[2019.12.13-15.29.15:372][595]LogModuleManager: Shutting down and abandoning module UMG (202)
[2019.12.13-15.29.15:372][595]LogModuleManager: Shutting down and abandoning module UMGEditor (201)
[2019.12.13-15.29.15:372][595]LogModuleManager: Shutting down and abandoning module Sequencer (200)
[2019.12.13-15.29.15:373][595]LogModuleManager: Shutting down and abandoning module MessageLog (197)
[2019.12.13-15.29.15:373][595]LogModuleManager: Shutting down and abandoning module SlateReflector (192)
[2019.12.13-15.29.15:376][595]LogModuleManager: Shutting down and abandoning module Slate (190)
[2019.12.13-15.29.15:376][595]LogModuleManager: Shutting down and abandoning module EditorStyle (188)
[2019.12.13-15.29.15:378][595]LogModuleManager: Shutting down and abandoning module UnrealEd (186)
[2019.12.13-15.29.15:378][595]LogModuleManager: Shutting down and abandoning module MRMesh (184)
[2019.12.13-15.29.15:378][595]LogModuleManager: Shutting down and abandoning module SourceCodeAccess (182)
[2019.12.13-15.29.15:378][595]LogModuleManager: Shutting down and abandoning module HeadMountedDisplay (180)
[2019.12.13-15.29.15:378][595]LogModuleManager: Shutting down and abandoning module XAudio2 (178)
[2019.12.13-15.29.15:378][595]LogModuleManager: Shutting down and abandoning module Networking (176)
[2019.12.13-15.29.15:378][595]LogModuleManager: Shutting down and abandoning module Core (174)
[2019.12.13-15.29.15:378][595]LogModuleManager: Shutting down and abandoning module KismetCompiler (172)
[2019.12.13-15.29.15:379][595]LogModuleManager: Shutting down and abandoning module MeshUtilities (170)
[2019.12.13-15.29.15:379][595]LogModuleManager: Shutting down and abandoning module MeshMergeUtilities (169)
[2019.12.13-15.29.15:379][595]LogModuleManager: Shutting down and abandoning module MeshReductionInterface (168)
[2019.12.13-15.29.15:379][595]LogModuleManager: Shutting down and abandoning module SkeletalMeshReduction (167)
[2019.12.13-15.29.15:379][595]LogModuleManager: Shutting down and abandoning module ProxyLODMeshReduction (165)
[2019.12.13-15.29.15:380][595]LogModuleManager: Shutting down and abandoning module QuadricMeshReduction (163)
[2019.12.13-15.29.15:380][595]LogModuleManager: Shutting down and abandoning module MaterialBaking (159)
[2019.12.13-15.29.15:380][595]LogModuleManager: Shutting down and abandoning module DerivedDataCache (154)
[2019.12.13-15.29.15:432][595]LogDerivedDataCache: Shutdown
[2019.12.13-15.29.15:432][595]LogModuleManager: Shutting down and abandoning module XGEController (152)
[2019.12.13-15.29.15:432][595]LogModuleManager: Shutting down and abandoning module TargetPlatform (150)
[2019.12.13-15.29.15:433][595]LogModuleManager: Shutting down and abandoning module VulkanShaderFormat (149)
[2019.12.13-15.29.15:433][595]LogModuleManager: Shutting down and abandoning module ShaderFormatVectorVM (147)
[2019.12.13-15.29.15:433][595]LogModuleManager: Shutting down and abandoning module ShaderFormatOpenGL (145)
[2019.12.13-15.29.15:434][595]LogModuleManager: Shutting down and abandoning module ShaderFormatD3D (143)
[2019.12.13-15.29.15:434][595]LogModuleManager: Shutting down and abandoning module MetalShaderFormat (141)
[2019.12.13-15.29.15:434][595]LogModuleManager: Shutting down and abandoning module TextureFormatUncompressed (139)
[2019.12.13-15.29.15:434][595]LogModuleManager: Shutting down and abandoning module TextureFormatPVR (137)
[2019.12.13-15.29.15:434][595]LogModuleManager: Shutting down and abandoning module TextureFormatDXT (135)
[2019.12.13-15.29.15:434][595]LogModuleManager: Shutting down and abandoning module TextureFormatIntelISPCTexComp (133)
[2019.12.13-15.29.15:435][595]LogModuleManager: Shutting down and abandoning module TextureFormatASTC (131)
[2019.12.13-15.29.15:435][595]LogModuleManager: Shutting down and abandoning module ImageWrapper (130)
[2019.12.13-15.29.15:435][595]LogModuleManager: Shutting down and abandoning module TextureFormatAndroid (127)
[2019.12.13-15.29.15:435][595]LogModuleManager: Shutting down and abandoning module AudioFormatOpus (125)
[2019.12.13-15.29.15:435][595]LogModuleManager: Shutting down and abandoning module AudioFormatOgg (123)
[2019.12.13-15.29.15:435][595]LogModuleManager: Shutting down and abandoning module AudioFormatADPCM (121)
[2019.12.13-15.29.15:436][595]LogModuleManager: Shutting down and abandoning module LuminTargetPlatform (119)
[2019.12.13-15.29.15:437][595]LogModuleManager: Shutting down and abandoning module LinuxTargetPlatform (117)
[2019.12.13-15.29.15:437][595]LogModuleManager: Shutting down and abandoning module LinuxServerTargetPlatform (115)
[2019.12.13-15.29.15:438][595]LogModuleManager: Shutting down and abandoning module LinuxNoEditorTargetPlatform (113)
[2019.12.13-15.29.15:438][595]LogModuleManager: Shutting down and abandoning module LinuxClientTargetPlatform (111)
[2019.12.13-15.29.15:438][595]LogModuleManager: Shutting down and abandoning module TVOSTargetPlatform (109)
[2019.12.13-15.29.15:439][595]LogModuleManager: Shutting down and abandoning module Messaging (107)
[2019.12.13-15.29.15:439][595]LogModuleManager: Shutting down and abandoning module IOSTargetPlatform (105)
[2019.12.13-15.29.15:440][595]LogModuleManager: Shutting down and abandoning module HTML5TargetPlatform (103)
[2019.12.13-15.29.15:440][595]LogModuleManager: Shutting down and abandoning module AndroidTargetPlatform (101)
[2019.12.13-15.29.15:447][595]LogModuleManager: Shutting down and abandoning module WindowsTargetPlatform (99)
[2019.12.13-15.29.15:447][595]LogModuleManager: Shutting down and abandoning module WindowsServerTargetPlatform (97)
[2019.12.13-15.29.15:447][595]LogModuleManager: Shutting down and abandoning module WindowsNoEditorTargetPlatform (95)
[2019.12.13-15.29.15:447][595]LogModuleManager: Shutting down and abandoning module WindowsClientTargetPlatform (93)
[2019.12.13-15.29.15:447][595]LogModuleManager: Shutting down and abandoning module MacTargetPlatform (91)
[2019.12.13-15.29.15:447][595]LogModuleManager: Shutting down and abandoning module MacServerTargetPlatform (89)
[2019.12.13-15.29.15:447][595]LogModuleManager: Shutting down and abandoning module MacNoEditorTargetPlatform (87)
[2019.12.13-15.29.15:447][595]LogModuleManager: Shutting down and abandoning module MacClientTargetPlatform (85)
[2019.12.13-15.29.15:447][595]LogModuleManager: Shutting down and abandoning module AllDesktopTargetPlatform (83)
[2019.12.13-15.29.15:447][595]LogModuleManager: Shutting down and abandoning module InputCore (80)
[2019.12.13-15.29.15:447][595]LogModuleManager: Shutting down and abandoning module Settings (78)
[2019.12.13-15.29.15:447][595]LogModuleManager: Shutting down and abandoning module DirectoryWatcher (76)
[2019.12.13-15.29.15:447][595]LogModuleManager: Shutting down and abandoning module PhysXCooking (74)
[2019.12.13-15.29.15:447][595]LogModuleManager: Shutting down and abandoning module SteamVR (72)
[2019.12.13-15.29.15:448][595]LogHMD: Freeing OpenVRDLLHandle.
[2019.12.13-15.29.15:448][595]LogModuleManager: Shutting down and abandoning module OculusHMD (70)
[2019.12.13-15.29.15:449][595]LogModuleManager: Shutting down and abandoning module ExampleDeviceProfileSelector (68)
[2019.12.13-15.29.15:449][595]LogModuleManager: Shutting down and abandoning module LauncherChunkInstaller (66)
[2019.12.13-15.29.15:449][595]LogModuleManager: Shutting down and abandoning module OnlineBlueprintSupport (64)
[2019.12.13-15.29.15:449][595]LogModuleManager: Shutting down and abandoning module OnlineSubsystem (60)
[2019.12.13-15.29.15:450][595]LogModuleManager: Shutting down and abandoning module XMPP (55)
[2019.12.13-15.29.15:450][595]LogModuleManager: Shutting down and abandoning module WebSockets (54)
[2019.12.13-15.29.15:475][595]LogModuleManager: Shutting down and abandoning module HTTP (51)
[2019.12.13-15.29.15:475][595]LogHttp: Display: Http module shutting down, but needs to wait on 1 outstanding Http requests:
[2019.12.13-15.29.15:475][595]LogHttp: Display: 	verb=[POST] url=[https://datarouter.ol.epicgames.com/datarouter/api/v1/public/data?SessionID=%7BADE447B7-495F-0ED5-DB61-D8B843768946%7D&AppID=UEEditor.Rocket.Release&AppVersion=4.22.3-7053642%2B%2B%2BUE4%2BRelease-4.22&UserID=47eb8eee4803ec18c68ad0a829e663be%7Cc14d96ddae4a4581af4d8f489644b118%7C7077a565-0b30-4896-8a1b-db4c6b6658fc&AppEnvironment=datacollector-binary&UploadType=eteventstream] status=Processing
[2019.12.13-15.29.15:505][595]LogModuleManager: Shutting down and abandoning module SSL (50)
[2019.12.13-15.29.15:507][595]LogModuleManager: Shutting down and abandoning module WmfMedia (46)
[2019.12.13-15.29.15:509][595]LogModuleManager: Shutting down and abandoning module Media (45)
[2019.12.13-15.29.15:516][595]LogModuleManager: Shutting down and abandoning module MagicLeap (42)
[2019.12.13-15.29.15:516][595]LogModuleManager: Shutting down and abandoning module DatasmithContent (40)
[2019.12.13-15.29.15:517][595]LogModuleManager: Shutting down and abandoning module AnimationModifiers (38)
[2019.12.13-15.29.15:517][595]LogModuleManager: Shutting down and abandoning module PropertyEditor (37)
[2019.12.13-15.29.15:518][595]LogModuleManager: Shutting down and abandoning module AudioEditor (34)
[2019.12.13-15.29.15:520][595]LogModuleManager: Shutting down and abandoning module TextureCompressor (32)
[2019.12.13-15.29.15:520][595]LogModuleManager: Shutting down and abandoning module RenderCore (30)
[2019.12.13-15.29.15:520][595]LogModuleManager: Shutting down and abandoning module Landscape (28)
[2019.12.13-15.29.15:520][595]LogModuleManager: Shutting down and abandoning module SlateRHIRenderer (26)
[2019.12.13-15.29.15:521][595]LogModuleManager: Shutting down and abandoning module OpenGLDrv (24)
[2019.12.13-15.29.15:522][595]LogModuleManager: Shutting down and abandoning module D3D11RHI (22)
[2019.12.13-15.29.15:522][595]LogModuleManager: Shutting down and abandoning module AnimGraphRuntime (20)
[2019.12.13-15.29.15:522][595]LogModuleManager: Shutting down and abandoning module Renderer (18)
[2019.12.13-15.29.15:522][595]LogModuleManager: Shutting down and abandoning module Engine (16)
[2019.12.13-15.29.15:522][595]LogModuleManager: Shutting down and abandoning module CoreUObject (14)
[2019.12.13-15.29.15:522][595]LogModuleManager: Shutting down and abandoning module NetworkFile (12)
[2019.12.13-15.29.15:522][595]LogModuleManager: Shutting down and abandoning module CookedIterativeFile (10)
[2019.12.13-15.29.15:522][595]LogModuleManager: Shutting down and abandoning module StreamingFile (8)
[2019.12.13-15.29.15:522][595]LogModuleManager: Shutting down and abandoning module SandboxFile (6)
[2019.12.13-15.29.15:523][595]LogModuleManager: Shutting down and abandoning module PakFile (4)
[2019.12.13-15.29.15:523][595]LogModuleManager: Shutting down and abandoning module RSA (3)
[2019.12.13-15.29.15:534][595]LogExit: Exiting.
[2019.12.13-15.29.15:537][595]Log file closed, 12/13/19 10:29:15
