Log file open, 12/13/19 09:29:51
LogWindows: Failed to load 'aqProf.dll' (GetLastError=126)
LogWindows: File 'aqProf.dll' does not exist
LogWindows: Failed to load 'VtuneApi.dll' (GetLastError=126)
LogWindows: File 'VtuneApi.dll' does not exist
LogWindows: Failed to load 'VtuneApi32e.dll' (GetLastError=126)
LogWindows: File 'VtuneApi32e.dll' does not exist
LogConsoleResponse: Display: Failed to find resolution value strings in scalability ini. Falling back to default.
LogInit: Display: Running engine for game: G1213Dani
LogPakFile: Registered encryption key '00000000000000000000000000000000': 0 pak files mounted, 0 remain pending
LogPlatformFile: Not using cached read wrapper
LogTaskGraph: Started task graph with 5 named threads and 23 total threads with 3 sets of task threads.
LogStats: Stats thread started at 0.289559
LogD3D11RHI: Loaded GFSDK_Aftermath_Lib.x64.dll
LogICUInternationalization: ICU TimeZone Detection - Raw Offset: -5:00, Platform Override: ''
LogPluginManager: Mounting plugin Paper2D
LogPluginManager: Mounting plugin AISupport
LogPluginManager: Mounting plugin LightPropagationVolume
LogPluginManager: Mounting plugin ActorLayerUtilities
LogPluginManager: Mounting plugin AnimationSharing
LogPluginManager: Mounting plugin CLionSourceCodeAccess
LogPluginManager: Mounting plugin CodeLiteSourceCodeAccess
LogPluginManager: Mounting plugin GitSourceControl
LogPluginManager: Mounting plugin KDevelopSourceCodeAccess
LogPluginManager: Mounting plugin NullSourceCodeAccess
LogPluginManager: Mounting plugin PerforceSourceControl
LogPluginManager: Mounting plugin SubversionSourceControl
LogPluginManager: Mounting plugin UObjectPlugin
LogPluginManager: Mounting plugin VisualStudioCodeSourceCodeAccess
LogPluginManager: Mounting plugin VisualStudioSourceCodeAccess
LogPluginManager: Mounting plugin XCodeSourceCodeAccess
LogPluginManager: Mounting plugin AssetManagerEditor
LogPluginManager: Mounting plugin CryptoKeys
LogPluginManager: Mounting plugin DataValidation
LogPluginManager: Mounting plugin EditorScriptingUtilities
LogPluginManager: Mounting plugin FacialAnimation
LogPluginManager: Mounting plugin GameplayTagsEditor
LogPluginManager: Mounting plugin GLTFImporter
LogPluginManager: Mounting plugin MacGraphicsSwitching
LogPluginManager: Mounting plugin MaterialAnalyzer
LogPluginManager: Mounting plugin MeshEditor
LogPluginManager: Mounting plugin MobileLauncherProfileWizard
LogPluginManager: Mounting plugin PluginBrowser
LogPluginManager: Mounting plugin SpeedTreeImporter
LogPluginManager: Mounting plugin DatasmithContent
LogPluginManager: Mounting plugin VariantManagerContent
LogPluginManager: Mounting plugin AlembicImporter
LogPluginManager: Mounting plugin AppleImageUtils
LogPluginManager: Mounting plugin AppleVision
LogPluginManager: Mounting plugin BackChannel
LogPluginManager: Mounting plugin BlastPlugin
LogPluginManager: Mounting plugin ChaosSolverPlugin
LogPluginManager: Mounting plugin CharacterAI
LogPluginManager: Mounting plugin GeometryCache
LogPluginManager: Mounting plugin GeometryCollectionPlugin
LogPluginManager: Mounting plugin HTML5Networking
LogPluginManager: Mounting plugin ProxyLODPlugin
LogPluginManager: Mounting plugin SkeletalReduction
LogPluginManager: Mounting plugin MagicLeap
LogPluginManager: Mounting plugin MagicLeapMedia
LogPluginManager: Mounting plugin AndroidMedia
LogPluginManager: Mounting plugin AvfMedia
LogPluginManager: Mounting plugin ImgMedia
LogPluginManager: Mounting plugin LinearTimecode
LogPluginManager: Mounting plugin MediaCompositing
LogPluginManager: Mounting plugin MediaPlayerEditor
LogPluginManager: Mounting plugin WebMMedia
LogPluginManager: Mounting plugin WmfMedia
LogPluginManager: Mounting plugin TcpMessaging
LogPluginManager: Mounting plugin UdpMessaging
LogPluginManager: Mounting plugin ActorSequence
LogPluginManager: Mounting plugin LevelSequenceEditor
LogPluginManager: Mounting plugin MatineeToLevelSequence
LogPluginManager: Mounting plugin NetcodeUnitTest
LogPluginManager: Mounting plugin NUTUnrealEngine4
LogPluginManager: Mounting plugin OnlineSubsystemGooglePlay
LogPluginManager: Mounting plugin OnlineSubsystemIOS
LogPluginManager: Mounting plugin OnlineSubsystem
LogPluginManager: Mounting plugin OnlineSubsystemNull
LogPluginManager: Mounting plugin OnlineSubsystemUtils
LogPluginManager: Mounting plugin LauncherChunkInstaller
LogPluginManager: Mounting plugin AndroidDeviceProfileSelector
LogPluginManager: Mounting plugin AndroidMoviePlayer
LogPluginManager: Mounting plugin AndroidPermission
LogPluginManager: Mounting plugin AppleMoviePlayer
LogPluginManager: Mounting plugin ArchVisCharacter
LogPluginManager: Mounting plugin AudioCapture
LogPluginManager: Mounting plugin CableComponent
LogPluginManager: Mounting plugin CustomMeshComponent
LogPluginManager: Mounting plugin EditableMesh
LogPluginManager: Mounting plugin ExampleDeviceProfileSelector
LogPluginManager: Mounting plugin Firebase
LogPluginManager: Mounting plugin GoogleCloudMessaging
LogPluginManager: Mounting plugin IOSDeviceProfileSelector
LogPluginManager: Mounting plugin LinuxDeviceProfileSelector
LogPluginManager: Mounting plugin LocationServicesBPLibrary
LogPluginManager: Mounting plugin MobilePatchingUtils
LogPluginManager: Mounting plugin OculusVR
LogPluginManager: Mounting plugin PhysXVehicles
LogPluginManager: Mounting plugin ProceduralMeshComponent
LogPluginManager: Mounting plugin RuntimePhysXCooking
LogPluginManager: Mounting plugin SignificanceManager
LogPluginManager: Mounting plugin SteamVR
LogPluginManager: Mounting plugin WebMMoviePlayer
LogPluginManager: Mounting plugin WindowsMoviePlayer
LogPluginManager: Mounting plugin DatasmithCADImporter
LogPluginManager: Mounting plugin DatasmithDataPrepEditor
LogPluginManager: Mounting plugin DatasmithFBXImporter
LogPluginManager: Mounting plugin DatasmithGLTFImporter
LogPluginManager: Mounting plugin DatasmithImporter
LogPluginManager: Mounting plugin MDLImporter
LogPluginManager: Mounting plugin StaticMeshEditorExtension
LogPluginManager: Mounting plugin VariantManager
LogInit: Using libcurl 7.55.1-DEV
LogInit:  - built for x86_64-pc-win32
LogInit:  - supports SSL with OpenSSL/1.1.1
LogInit:  - supports HTTP deflate (compression) using libz 1.2.8
LogInit:  - other features:
LogInit:      CURL_VERSION_SSL
LogInit:      CURL_VERSION_LIBZ
LogInit:      CURL_VERSION_IPV6
LogInit:      CURL_VERSION_ASYNCHDNS
LogInit:      CURL_VERSION_LARGEFILE
LogInit:      CURL_VERSION_IDN
LogInit:  CurlRequestOptions (configurable via config and command line):
LogInit:  - bVerifyPeer = true  - Libcurl will verify peer certificate
LogInit:  - bUseHttpProxy = false  - Libcurl will NOT use HTTP proxy
LogInit:  - bDontReuseConnections = false  - Libcurl will reuse connections
LogInit:  - MaxHostConnections = 16  - Libcurl will limit the number of connections to a host
LogInit:  - LocalHostAddr = Default
LogInit:  - BufferSize = 65536
LogInit: WinSock: version 1.1 (2.2), MaxSocks=32767, MaxUdp=65467
LogInit: Build: ++UE4+Release-4.22-CL-7053642
LogInit: Engine Version: 4.22.3-7053642+++UE4+Release-4.22
LogInit: Compatible Engine Version: 4.22.0-5660361+++UE4+Release-4.22
LogInit: Net CL: 5660361
LogInit: OS: Windows 10 (Release 1903) (), CPU: Intel(R) Core(TM) i7-6700HQ CPU @ 2.60GHz, GPU: Intel(R) HD Graphics 530
LogInit: Compiled (64-bit): Jun 18 2019 03:09:11
LogInit: Compiled with Visual C++: 19.16.27025.01
LogInit: Build Configuration: Development
LogInit: Branch Name: ++UE4+Release-4.22
LogInit: Command Line: 
LogInit: Base Directory: C:/Program Files/Epic Games/UE_4.22/Engine/Binaries/Win64/
LogInit: Installed Engine Build: 1
LogDevObjectVersion: Number of dev versions registered: 23
LogDevObjectVersion:   Dev-Blueprints (B0D832E4-1F89-4F0D-ACCF-7EB736FD4AA2): 10
LogDevObjectVersion:   Dev-Build (E1C64328-A22C-4D53-A36C-8E866417BD8C): 0
LogDevObjectVersion:   Dev-Core (375EC13C-06E4-48FB-B500-84F0262A717E): 3
LogDevObjectVersion:   Dev-Editor (E4B068ED-F494-42E9-A231-DA0B2E46BB41): 30
LogDevObjectVersion:   Dev-Framework (CFFC743F-43B0-4480-9391-14DF171D2073): 35
LogDevObjectVersion:   Dev-Mobile (B02B49B5-BB20-44E9-A304-32B752E40360): 2
LogDevObjectVersion:   Dev-Networking (A4E4105C-59A1-49B5-A7C5-40C4547EDFEE): 0
LogDevObjectVersion:   Dev-Online (39C831C9-5AE6-47DC-9A44-9C173E1C8E7C): 0
LogDevObjectVersion:   Dev-Physics (78F01B33-EBEA-4F98-B9B4-84EACCB95AA2): 0
LogDevObjectVersion:   Dev-Platform (6631380F-2D4D-43E0-8009-CF276956A95A): 0
LogDevObjectVersion:   Dev-Rendering (12F88B9F-8875-4AFC-A67C-D90C383ABD29): 28
LogDevObjectVersion:   Dev-Sequencer (7B5AE74C-D270-4C10-A958-57980B212A5A): 11
LogDevObjectVersion:   Dev-VR (D7296918-1DD6-4BDD-9DE2-64A83CC13884): 2
LogDevObjectVersion:   Dev-LoadTimes (C2A15278-BFE7-4AFE-6C17-90FF531DF755): 1
LogDevObjectVersion:   Private-Geometry (6EACA3D4-40EC-4CC1-B786-8BED09428FC5): 3
LogDevObjectVersion:   Dev-AnimPhys (29E575DD-E0A3-4627-9D10-D276232CDCEA): 17
LogDevObjectVersion:   Dev-Anim (AF43A65D-7FD3-4947-9873-3E8ED9C1BB05): 2
LogDevObjectVersion:   Dev-ReflectionCapture (6B266CEC-1EC7-4B8F-A30B-E4D90942FC07): 1
LogDevObjectVersion:   Dev-Automation (0DF73D61-A23F-47EA-B727-89E90C41499A): 1
LogDevObjectVersion:   FortniteMain (601D1886-AC64-4F84-AA16-D3DE0DEAC7D6): 25
LogDevObjectVersion:   Dev-Enterprise (9DFFBCD6-494F-0158-E221-12823C92A888): 6
LogDevObjectVersion:   Dev-Niagara (F2AED0AC-9AFE-416F-8664-AA7FFA26D6FC): 1
LogDevObjectVersion:   Dev-Destruction (174F1F0B-B4C6-45A5-B13F-2EE8D0FB917D): 2
LogInit: Presizing for max 16777216 objects, including 0 objects not considered by GC, pre-allocating 0 bytes for permanent pool.
LogInit: Object subsystem initialized
LogConfig: Setting CVar [[con.DebugEarlyDefault:1]]
LogConfig: Setting CVar [[r.setres:1280x720]]
[2019.12.13-14.29.52:003][  0]LogConfig: Setting CVar [[r.VSync:0]]
[2019.12.13-14.29.52:003][  0]LogConfig: Setting CVar [[r.RHICmdBypass:0]]
[2019.12.13-14.29.52:003][  0]LogConfig: Applying CVar settings from Section [/Script/Engine.RendererSettings] File [C:/Users/Daniel/Desktop/UFinalExam/G1213Dani/Saved/Config/Windows/Engine.ini]
[2019.12.13-14.29.52:003][  0]LogConfig: Setting CVar [[r.GPUCrashDebugging:0]]
[2019.12.13-14.29.52:003][  0]LogConfig: Applying CVar settings from Section [/Script/Engine.RendererOverrideSettings] File [C:/Users/Daniel/Desktop/UFinalExam/G1213Dani/Saved/Config/Windows/Engine.ini]
[2019.12.13-14.29.52:003][  0]LogConfig: Applying CVar settings from Section [/Script/Engine.StreamingSettings] File [C:/Users/Daniel/Desktop/UFinalExam/G1213Dani/Saved/Config/Windows/Engine.ini]
[2019.12.13-14.29.52:003][  0]LogConfig: Setting CVar [[s.MinBulkDataSizeForAsyncLoading:131072]]
[2019.12.13-14.29.52:003][  0]LogConfig: Setting CVar [[s.AsyncLoadingThreadEnabled:0]]
[2019.12.13-14.29.52:003][  0]LogConfig: Setting CVar [[s.EventDrivenLoaderEnabled:1]]
[2019.12.13-14.29.52:003][  0]LogConfig: Setting CVar [[s.WarnIfTimeLimitExceeded:0]]
[2019.12.13-14.29.52:003][  0]LogConfig: Setting CVar [[s.TimeLimitExceededMultiplier:1.5]]
[2019.12.13-14.29.52:003][  0]LogConfig: Setting CVar [[s.TimeLimitExceededMinTime:0.005]]
[2019.12.13-14.29.52:003][  0]LogConfig: Setting CVar [[s.UseBackgroundLevelStreaming:1]]
[2019.12.13-14.29.52:003][  0]LogConfig: Setting CVar [[s.PriorityAsyncLoadingExtraTime:15.0]]
[2019.12.13-14.29.52:003][  0]LogConfig: Setting CVar [[s.LevelStreamingActorsUpdateTimeLimit:5.0]]
[2019.12.13-14.29.52:003][  0]LogConfig: Setting CVar [[s.PriorityLevelStreamingActorsUpdateExtraTime:5.0]]
[2019.12.13-14.29.52:003][  0]LogConfig: Setting CVar [[s.LevelStreamingComponentsRegistrationGranularity:10]]
[2019.12.13-14.29.52:003][  0]LogConfig: Setting CVar [[s.UnregisterComponentsTimeLimit:1.0]]
[2019.12.13-14.29.52:003][  0]LogConfig: Setting CVar [[s.LevelStreamingComponentsUnregistrationGranularity:5]]
[2019.12.13-14.29.52:003][  0]LogConfig: Applying CVar settings from Section [/Script/Engine.GarbageCollectionSettings] File [C:/Users/Daniel/Desktop/UFinalExam/G1213Dani/Saved/Config/Windows/Engine.ini]
[2019.12.13-14.29.52:003][  0]LogConfig: Setting CVar [[gc.MaxObjectsNotConsideredByGC:1]]
[2019.12.13-14.29.52:004][  0]LogConfig: Setting CVar [[gc.SizeOfPermanentObjectPool:0]]
[2019.12.13-14.29.52:004][  0]LogConfig: Setting CVar [[gc.FlushStreamingOnGC:0]]
[2019.12.13-14.29.52:004][  0]LogConfig: Setting CVar [[gc.NumRetriesBeforeForcingGC:10]]
[2019.12.13-14.29.52:004][  0]LogConfig: Setting CVar [[gc.AllowParallelGC:1]]
[2019.12.13-14.29.52:004][  0]LogConfig: Setting CVar [[gc.TimeBetweenPurgingPendingKillObjects:61.1]]
[2019.12.13-14.29.52:004][  0]LogConfig: Setting CVar [[gc.MaxObjectsInEditor:16777216]]
[2019.12.13-14.29.52:004][  0]LogConfig: Setting CVar [[gc.IncrementalBeginDestroyEnabled:1]]
[2019.12.13-14.29.52:004][  0]LogConfig: Setting CVar [[gc.CreateGCClusters:1]]
[2019.12.13-14.29.52:004][  0]LogConfig: Setting CVar [[gc.MinGCClusterSize:5]]
[2019.12.13-14.29.52:004][  0]LogConfig: Setting CVar [[gc.ActorClusteringEnabled:0]]
[2019.12.13-14.29.52:004][  0]LogConfig: Setting CVar [[gc.BlueprintClusteringEnabled:0]]
[2019.12.13-14.29.52:004][  0]LogConfig: Setting CVar [[gc.UseDisregardForGCOnDedicatedServers:0]]
[2019.12.13-14.29.52:004][  0]LogConfig: Applying CVar settings from Section [/Script/Engine.NetworkSettings] File [C:/Users/Daniel/Desktop/UFinalExam/G1213Dani/Saved/Config/Windows/Engine.ini]
[2019.12.13-14.29.52:004][  0]LogConfig: Applying CVar settings from Section [/Script/UnrealEd.CookerSettings] File [C:/Users/Daniel/Desktop/UFinalExam/G1213Dani/Saved/Config/Windows/Engine.ini]
[2019.12.13-14.29.52:007][  0]LogConfig: Applying CVar settings from Section [ViewDistanceQuality@3] File [C:/Users/Daniel/Desktop/UFinalExam/G1213Dani/Saved/Config/Windows/Scalability.ini]
[2019.12.13-14.29.52:007][  0]LogConfig: Setting CVar [[r.SkeletalMeshLODBias:0]]
[2019.12.13-14.29.52:007][  0]LogConfig: Setting CVar [[r.ViewDistanceScale:1.0]]
[2019.12.13-14.29.52:007][  0]LogConfig: Applying CVar settings from Section [AntiAliasingQuality@3] File [C:/Users/Daniel/Desktop/UFinalExam/G1213Dani/Saved/Config/Windows/Scalability.ini]
[2019.12.13-14.29.52:007][  0]LogConfig: Setting CVar [[r.PostProcessAAQuality:4]]
[2019.12.13-14.29.52:007][  0]LogConfig: Applying CVar settings from Section [ShadowQuality@3] File [C:/Users/Daniel/Desktop/UFinalExam/G1213Dani/Saved/Config/Windows/Scalability.ini]
[2019.12.13-14.29.52:007][  0]LogConfig: Setting CVar [[r.LightFunctionQuality:1]]
[2019.12.13-14.29.52:007][  0]LogConfig: Setting CVar [[r.ShadowQuality:5]]
[2019.12.13-14.29.52:007][  0]LogConfig: Setting CVar [[r.Shadow.CSM.MaxCascades:10]]
[2019.12.13-14.29.52:007][  0]LogConfig: Setting CVar [[r.Shadow.MaxResolution:2048]]
[2019.12.13-14.29.52:007][  0]LogConfig: Setting CVar [[r.Shadow.MaxCSMResolution:2048]]
[2019.12.13-14.29.52:007][  0]LogConfig: Setting CVar [[r.Shadow.RadiusThreshold:0.01]]
[2019.12.13-14.29.52:007][  0]LogConfig: Setting CVar [[r.Shadow.DistanceScale:1.0]]
[2019.12.13-14.29.52:007][  0]LogConfig: Setting CVar [[r.Shadow.CSM.TransitionScale:1.0]]
[2019.12.13-14.29.52:007][  0]LogConfig: Setting CVar [[r.Shadow.PreShadowResolutionFactor:1.0]]
[2019.12.13-14.29.52:007][  0]LogConfig: Setting CVar [[r.DistanceFieldShadowing:1]]
[2019.12.13-14.29.52:007][  0]LogConfig: Setting CVar [[r.DistanceFieldAO:1]]
[2019.12.13-14.29.52:007][  0]LogConfig: Setting CVar [[r.AOQuality:2]]
[2019.12.13-14.29.52:007][  0]LogConfig: Setting CVar [[r.VolumetricFog:1]]
[2019.12.13-14.29.52:007][  0]LogConfig: Setting CVar [[r.VolumetricFog.GridPixelSize:8]]
[2019.12.13-14.29.52:007][  0]LogConfig: Setting CVar [[r.VolumetricFog.GridSizeZ:128]]
[2019.12.13-14.29.52:007][  0]LogConfig: Setting CVar [[r.VolumetricFog.HistoryMissSupersampleCount:4]]
[2019.12.13-14.29.52:007][  0]LogConfig: Setting CVar [[r.LightMaxDrawDistanceScale:1]]
[2019.12.13-14.29.52:007][  0]LogConfig: Setting CVar [[r.CapsuleShadows:1]]
[2019.12.13-14.29.52:008][  0]LogConfig: Applying CVar settings from Section [PostProcessQuality@3] File [C:/Users/Daniel/Desktop/UFinalExam/G1213Dani/Saved/Config/Windows/Scalability.ini]
[2019.12.13-14.29.52:008][  0]LogConfig: Setting CVar [[r.MotionBlurQuality:4]]
[2019.12.13-14.29.52:008][  0]LogConfig: Setting CVar [[r.AmbientOcclusionMipLevelFactor:0.4]]
[2019.12.13-14.29.52:008][  0]LogConfig: Setting CVar [[r.AmbientOcclusionMaxQuality:100]]
[2019.12.13-14.29.52:008][  0]LogConfig: Setting CVar [[r.AmbientOcclusionLevels:-1]]
[2019.12.13-14.29.52:008][  0]LogConfig: Setting CVar [[r.AmbientOcclusionRadiusScale:1.0]]
[2019.12.13-14.29.52:008][  0]LogConfig: Setting CVar [[r.DepthOfFieldQuality:2]]
[2019.12.13-14.29.52:008][  0]LogConfig: Setting CVar [[r.RenderTargetPoolMin:400]]
[2019.12.13-14.29.52:008][  0]LogConfig: Setting CVar [[r.LensFlareQuality:2]]
[2019.12.13-14.29.52:008][  0]LogConfig: Setting CVar [[r.SceneColorFringeQuality:1]]
[2019.12.13-14.29.52:008][  0]LogConfig: Setting CVar [[r.EyeAdaptationQuality:2]]
[2019.12.13-14.29.52:008][  0]LogConfig: Setting CVar [[r.BloomQuality:5]]
[2019.12.13-14.29.52:008][  0]LogConfig: Setting CVar [[r.FastBlurThreshold:100]]
[2019.12.13-14.29.52:008][  0]LogConfig: Setting CVar [[r.Upscale.Quality:3]]
[2019.12.13-14.29.52:008][  0]LogConfig: Setting CVar [[r.Tonemapper.GrainQuantization:1]]
[2019.12.13-14.29.52:008][  0]LogConfig: Setting CVar [[r.LightShaftQuality:1]]
[2019.12.13-14.29.52:008][  0]LogConfig: Setting CVar [[r.Filter.SizeScale:1]]
[2019.12.13-14.29.52:008][  0]LogConfig: Setting CVar [[r.Tonemapper.Quality:5]]
[2019.12.13-14.29.52:008][  0]LogConfig: Setting CVar [[r.DOF.Gather.AccumulatorQuality:1        ; higher gathering accumulator quality]]
[2019.12.13-14.29.52:008][  0]LogConfig: Setting CVar [[r.DOF.Gather.PostfilterMethod:1          ; Median3x3 postfilering method]]
[2019.12.13-14.29.52:008][  0]LogConfig: Setting CVar [[r.DOF.Gather.EnableBokehSettings:0       ; no bokeh simulation when gathering]]
[2019.12.13-14.29.52:008][  0]LogConfig: Setting CVar [[r.DOF.Gather.RingCount:4                 ; medium number of samples when gathering]]
[2019.12.13-14.29.52:008][  0]LogConfig: Setting CVar [[r.DOF.Scatter.ForegroundCompositing:1    ; additive foreground scattering]]
[2019.12.13-14.29.52:008][  0]LogConfig: Setting CVar [[r.DOF.Scatter.BackgroundCompositing:2    ; additive background scattering]]
[2019.12.13-14.29.52:008][  0]LogConfig: Setting CVar [[r.DOF.Scatter.EnableBokehSettings:1      ; bokeh simulation when scattering]]
[2019.12.13-14.29.52:008][  0]LogConfig: Setting CVar [[r.DOF.Scatter.MaxSpriteRatio:0.1         ; only a maximum of 10% of scattered bokeh]]
[2019.12.13-14.29.52:008][  0]LogConfig: Setting CVar [[r.DOF.Recombine.Quality:1                ; cheap slight out of focus]]
[2019.12.13-14.29.52:008][  0]LogConfig: Setting CVar [[r.DOF.Recombine.EnableBokehSettings:0    ; no bokeh simulation on slight out of focus]]
[2019.12.13-14.29.52:008][  0]LogConfig: Setting CVar [[r.DOF.TemporalAAQuality:1                ; more stable temporal accumulation]]
[2019.12.13-14.29.52:008][  0]LogConfig: Setting CVar [[r.DOF.Kernel.MaxForegroundRadius:0.025]]
[2019.12.13-14.29.52:008][  0]LogConfig: Setting CVar [[r.DOF.Kernel.MaxBackgroundRadius:0.025]]
[2019.12.13-14.29.52:008][  0]LogConfig: Applying CVar settings from Section [TextureQuality@3] File [C:/Users/Daniel/Desktop/UFinalExam/G1213Dani/Saved/Config/Windows/Scalability.ini]
[2019.12.13-14.29.52:008][  0]LogConfig: Setting CVar [[r.Streaming.MipBias:0]]
[2019.12.13-14.29.52:008][  0]LogConfig: Setting CVar [[r.Streaming.AmortizeCPUToGPUCopy:0]]
[2019.12.13-14.29.52:008][  0]LogConfig: Setting CVar [[r.Streaming.MaxNumTexturesToStreamPerFrame:0]]
[2019.12.13-14.29.52:008][  0]LogConfig: Setting CVar [[r.Streaming.Boost:1]]
[2019.12.13-14.29.52:008][  0]LogConfig: Setting CVar [[r.MaxAnisotropy:8]]
[2019.12.13-14.29.52:008][  0]LogConfig: Setting CVar [[r.Streaming.LimitPoolSizeToVRAM:0]]
[2019.12.13-14.29.52:008][  0]LogConfig: Setting CVar [[r.Streaming.PoolSize:1000]]
[2019.12.13-14.29.52:008][  0]LogConfig: Setting CVar [[r.Streaming.MaxEffectiveScreenSize:0]]
[2019.12.13-14.29.52:008][  0]LogConfig: Applying CVar settings from Section [EffectsQuality@3] File [C:/Users/Daniel/Desktop/UFinalExam/G1213Dani/Saved/Config/Windows/Scalability.ini]
[2019.12.13-14.29.52:008][  0]LogConfig: Setting CVar [[r.TranslucencyLightingVolumeDim:64]]
[2019.12.13-14.29.52:008][  0]LogConfig: Setting CVar [[r.RefractionQuality:2]]
[2019.12.13-14.29.52:008][  0]LogConfig: Setting CVar [[r.SSR.Quality:3]]
[2019.12.13-14.29.52:008][  0]LogConfig: Setting CVar [[r.SceneColorFormat:4]]
[2019.12.13-14.29.52:008][  0]LogConfig: Setting CVar [[r.DetailMode:2]]
[2019.12.13-14.29.52:009][  0]LogConfig: Setting CVar [[r.TranslucencyVolumeBlur:1]]
[2019.12.13-14.29.52:009][  0]LogConfig: Setting CVar [[r.MaterialQualityLevel:1 ; High quality]]
[2019.12.13-14.29.52:009][  0]LogConfig: Setting CVar [[r.SSS.Scale:1]]
[2019.12.13-14.29.52:009][  0]LogConfig: Setting CVar [[r.SSS.SampleSet:2]]
[2019.12.13-14.29.52:009][  0]LogConfig: Setting CVar [[r.SSS.Quality:1]]
[2019.12.13-14.29.52:009][  0]LogConfig: Setting CVar [[r.SSS.HalfRes:1]]
[2019.12.13-14.29.52:009][  0]LogConfig: Setting CVar [[r.EmitterSpawnRateScale:1.0]]
[2019.12.13-14.29.52:009][  0]LogConfig: Setting CVar [[r.ParticleLightQuality:2]]
[2019.12.13-14.29.52:009][  0]LogConfig: Applying CVar settings from Section [FoliageQuality@3] File [C:/Users/Daniel/Desktop/UFinalExam/G1213Dani/Saved/Config/Windows/Scalability.ini]
[2019.12.13-14.29.52:009][  0]LogConfig: Setting CVar [[foliage.DensityScale:1.0]]
[2019.12.13-14.29.52:009][  0]LogConfig: Setting CVar [[grass.DensityScale:1.0]]
[2019.12.13-14.29.52:009][  0]LogInit: Selected Device Profile: [Windows]
[2019.12.13-14.29.52:009][  0]LogInit: Applying CVar settings loaded from the selected device profile: [Windows]
[2019.12.13-14.29.52:032][  0]LogHAL: Display: Platform has ~ 16 GB [17021747200 / 17179869184 / 16], which maps to Larger [LargestMinGB=32, LargerMinGB=12, DefaultMinGB=8, SmallerMinGB=6, SmallestMinGB=0)
[2019.12.13-14.29.52:032][  0]LogConfig: Setting CVar [[r.Vulkan.UseRealUBs:0		; Required until we fix HLR fall-out]]
[2019.12.13-14.29.52:032][  0]LogInit: Going up to parent DeviceProfile []
[2019.12.13-14.29.52:032][  0]LogConfig: Applying CVar settings from Section [ViewDistanceQuality@3] File [C:/Users/Daniel/Desktop/UFinalExam/G1213Dani/Saved/Config/Windows/Scalability.ini]
[2019.12.13-14.29.52:032][  0]LogConfig: Setting CVar [[r.SkeletalMeshLODBias:0]]
[2019.12.13-14.29.52:032][  0]LogConfig: Setting CVar [[r.ViewDistanceScale:1.0]]
[2019.12.13-14.29.52:032][  0]LogConfig: Applying CVar settings from Section [AntiAliasingQuality@3] File [C:/Users/Daniel/Desktop/UFinalExam/G1213Dani/Saved/Config/Windows/Scalability.ini]
[2019.12.13-14.29.52:032][  0]LogConfig: Setting CVar [[r.PostProcessAAQuality:4]]
[2019.12.13-14.29.52:032][  0]LogConfig: Applying CVar settings from Section [ShadowQuality@3] File [C:/Users/Daniel/Desktop/UFinalExam/G1213Dani/Saved/Config/Windows/Scalability.ini]
[2019.12.13-14.29.52:032][  0]LogConfig: Setting CVar [[r.LightFunctionQuality:1]]
[2019.12.13-14.29.52:032][  0]LogConfig: Setting CVar [[r.ShadowQuality:5]]
[2019.12.13-14.29.52:032][  0]LogConfig: Setting CVar [[r.Shadow.CSM.MaxCascades:10]]
[2019.12.13-14.29.52:032][  0]LogConfig: Setting CVar [[r.Shadow.MaxResolution:2048]]
[2019.12.13-14.29.52:032][  0]LogConfig: Setting CVar [[r.Shadow.MaxCSMResolution:2048]]
[2019.12.13-14.29.52:032][  0]LogConfig: Setting CVar [[r.Shadow.RadiusThreshold:0.01]]
[2019.12.13-14.29.52:032][  0]LogConfig: Setting CVar [[r.Shadow.DistanceScale:1.0]]
[2019.12.13-14.29.52:032][  0]LogConfig: Setting CVar [[r.Shadow.CSM.TransitionScale:1.0]]
[2019.12.13-14.29.52:032][  0]LogConfig: Setting CVar [[r.Shadow.PreShadowResolutionFactor:1.0]]
[2019.12.13-14.29.52:032][  0]LogConfig: Setting CVar [[r.DistanceFieldShadowing:1]]
[2019.12.13-14.29.52:032][  0]LogConfig: Setting CVar [[r.DistanceFieldAO:1]]
[2019.12.13-14.29.52:032][  0]LogConfig: Setting CVar [[r.AOQuality:2]]
[2019.12.13-14.29.52:032][  0]LogConfig: Setting CVar [[r.VolumetricFog:1]]
[2019.12.13-14.29.52:032][  0]LogConfig: Setting CVar [[r.VolumetricFog.GridPixelSize:8]]
[2019.12.13-14.29.52:032][  0]LogConfig: Setting CVar [[r.VolumetricFog.GridSizeZ:128]]
[2019.12.13-14.29.52:032][  0]LogConfig: Setting CVar [[r.VolumetricFog.HistoryMissSupersampleCount:4]]
[2019.12.13-14.29.52:032][  0]LogConfig: Setting CVar [[r.LightMaxDrawDistanceScale:1]]
[2019.12.13-14.29.52:032][  0]LogConfig: Setting CVar [[r.CapsuleShadows:1]]
[2019.12.13-14.29.52:032][  0]LogConfig: Applying CVar settings from Section [PostProcessQuality@3] File [C:/Users/Daniel/Desktop/UFinalExam/G1213Dani/Saved/Config/Windows/Scalability.ini]
[2019.12.13-14.29.52:032][  0]LogConfig: Setting CVar [[r.MotionBlurQuality:4]]
[2019.12.13-14.29.52:032][  0]LogConfig: Setting CVar [[r.AmbientOcclusionMipLevelFactor:0.4]]
[2019.12.13-14.29.52:032][  0]LogConfig: Setting CVar [[r.AmbientOcclusionMaxQuality:100]]
[2019.12.13-14.29.52:032][  0]LogConfig: Setting CVar [[r.AmbientOcclusionLevels:-1]]
[2019.12.13-14.29.52:032][  0]LogConfig: Setting CVar [[r.AmbientOcclusionRadiusScale:1.0]]
[2019.12.13-14.29.52:032][  0]LogConfig: Setting CVar [[r.DepthOfFieldQuality:2]]
[2019.12.13-14.29.52:032][  0]LogConfig: Setting CVar [[r.RenderTargetPoolMin:400]]
[2019.12.13-14.29.52:032][  0]LogConfig: Setting CVar [[r.LensFlareQuality:2]]
[2019.12.13-14.29.52:032][  0]LogConfig: Setting CVar [[r.SceneColorFringeQuality:1]]
[2019.12.13-14.29.52:033][  0]LogConfig: Setting CVar [[r.EyeAdaptationQuality:2]]
[2019.12.13-14.29.52:033][  0]LogConfig: Setting CVar [[r.BloomQuality:5]]
[2019.12.13-14.29.52:033][  0]LogConfig: Setting CVar [[r.FastBlurThreshold:100]]
[2019.12.13-14.29.52:033][  0]LogConfig: Setting CVar [[r.Upscale.Quality:3]]
[2019.12.13-14.29.52:033][  0]LogConfig: Setting CVar [[r.Tonemapper.GrainQuantization:1]]
[2019.12.13-14.29.52:033][  0]LogConfig: Setting CVar [[r.LightShaftQuality:1]]
[2019.12.13-14.29.52:033][  0]LogConfig: Setting CVar [[r.Filter.SizeScale:1]]
[2019.12.13-14.29.52:033][  0]LogConfig: Setting CVar [[r.Tonemapper.Quality:5]]
[2019.12.13-14.29.52:033][  0]LogConfig: Setting CVar [[r.DOF.Gather.AccumulatorQuality:1        ; higher gathering accumulator quality]]
[2019.12.13-14.29.52:033][  0]LogConfig: Setting CVar [[r.DOF.Gather.PostfilterMethod:1          ; Median3x3 postfilering method]]
[2019.12.13-14.29.52:033][  0]LogConfig: Setting CVar [[r.DOF.Gather.EnableBokehSettings:0       ; no bokeh simulation when gathering]]
[2019.12.13-14.29.52:033][  0]LogConfig: Setting CVar [[r.DOF.Gather.RingCount:4                 ; medium number of samples when gathering]]
[2019.12.13-14.29.52:033][  0]LogConfig: Setting CVar [[r.DOF.Scatter.ForegroundCompositing:1    ; additive foreground scattering]]
[2019.12.13-14.29.52:033][  0]LogConfig: Setting CVar [[r.DOF.Scatter.BackgroundCompositing:2    ; additive background scattering]]
[2019.12.13-14.29.52:033][  0]LogConfig: Setting CVar [[r.DOF.Scatter.EnableBokehSettings:1      ; bokeh simulation when scattering]]
[2019.12.13-14.29.52:033][  0]LogConfig: Setting CVar [[r.DOF.Scatter.MaxSpriteRatio:0.1         ; only a maximum of 10% of scattered bokeh]]
[2019.12.13-14.29.52:033][  0]LogConfig: Setting CVar [[r.DOF.Recombine.Quality:1                ; cheap slight out of focus]]
[2019.12.13-14.29.52:033][  0]LogConfig: Setting CVar [[r.DOF.Recombine.EnableBokehSettings:0    ; no bokeh simulation on slight out of focus]]
[2019.12.13-14.29.52:033][  0]LogConfig: Setting CVar [[r.DOF.TemporalAAQuality:1                ; more stable temporal accumulation]]
[2019.12.13-14.29.52:033][  0]LogConfig: Setting CVar [[r.DOF.Kernel.MaxForegroundRadius:0.025]]
[2019.12.13-14.29.52:033][  0]LogConfig: Setting CVar [[r.DOF.Kernel.MaxBackgroundRadius:0.025]]
[2019.12.13-14.29.52:033][  0]LogConfig: Applying CVar settings from Section [TextureQuality@3] File [C:/Users/Daniel/Desktop/UFinalExam/G1213Dani/Saved/Config/Windows/Scalability.ini]
[2019.12.13-14.29.52:033][  0]LogConfig: Setting CVar [[r.Streaming.MipBias:0]]
[2019.12.13-14.29.52:033][  0]LogConfig: Setting CVar [[r.Streaming.AmortizeCPUToGPUCopy:0]]
[2019.12.13-14.29.52:033][  0]LogConfig: Setting CVar [[r.Streaming.MaxNumTexturesToStreamPerFrame:0]]
[2019.12.13-14.29.52:033][  0]LogConfig: Setting CVar [[r.Streaming.Boost:1]]
[2019.12.13-14.29.52:033][  0]LogConfig: Setting CVar [[r.MaxAnisotropy:8]]
[2019.12.13-14.29.52:033][  0]LogConfig: Setting CVar [[r.Streaming.LimitPoolSizeToVRAM:0]]
[2019.12.13-14.29.52:033][  0]LogConfig: Setting CVar [[r.Streaming.PoolSize:1000]]
[2019.12.13-14.29.52:033][  0]LogConfig: Setting CVar [[r.Streaming.MaxEffectiveScreenSize:0]]
[2019.12.13-14.29.52:033][  0]LogConfig: Applying CVar settings from Section [EffectsQuality@3] File [C:/Users/Daniel/Desktop/UFinalExam/G1213Dani/Saved/Config/Windows/Scalability.ini]
[2019.12.13-14.29.52:033][  0]LogConfig: Setting CVar [[r.TranslucencyLightingVolumeDim:64]]
[2019.12.13-14.29.52:033][  0]LogConfig: Setting CVar [[r.RefractionQuality:2]]
[2019.12.13-14.29.52:033][  0]LogConfig: Setting CVar [[r.SSR.Quality:3]]
[2019.12.13-14.29.52:033][  0]LogConfig: Setting CVar [[r.SceneColorFormat:4]]
[2019.12.13-14.29.52:033][  0]LogConfig: Setting CVar [[r.DetailMode:2]]
[2019.12.13-14.29.52:033][  0]LogConfig: Setting CVar [[r.TranslucencyVolumeBlur:1]]
[2019.12.13-14.29.52:033][  0]LogConfig: Setting CVar [[r.MaterialQualityLevel:1 ; High quality]]
[2019.12.13-14.29.52:033][  0]LogConfig: Setting CVar [[r.SSS.Scale:1]]
[2019.12.13-14.29.52:033][  0]LogConfig: Setting CVar [[r.SSS.SampleSet:2]]
[2019.12.13-14.29.52:033][  0]LogConfig: Setting CVar [[r.SSS.Quality:1]]
[2019.12.13-14.29.52:033][  0]LogConfig: Setting CVar [[r.SSS.HalfRes:1]]
[2019.12.13-14.29.52:033][  0]LogConfig: Setting CVar [[r.EmitterSpawnRateScale:1.0]]
[2019.12.13-14.29.52:033][  0]LogConfig: Setting CVar [[r.ParticleLightQuality:2]]
[2019.12.13-14.29.52:033][  0]LogConfig: Applying CVar settings from Section [FoliageQuality@3] File [C:/Users/Daniel/Desktop/UFinalExam/G1213Dani/Saved/Config/Windows/Scalability.ini]
[2019.12.13-14.29.52:033][  0]LogConfig: Setting CVar [[foliage.DensityScale:1.0]]
[2019.12.13-14.29.52:033][  0]LogConfig: Setting CVar [[grass.DensityScale:1.0]]
[2019.12.13-14.29.52:033][  0]LogConfig: Applying CVar settings from Section [Startup] File [../../../Engine/Config/ConsoleVariables.ini]
[2019.12.13-14.29.52:033][  0]LogConfig: Setting CVar [[net.UseAdaptiveNetUpdateFrequency:0]]
[2019.12.13-14.29.52:034][  0]LogConfig: Setting CVar [[p.chaos.AllowCreatePhysxBodies:1]]
[2019.12.13-14.29.52:034][  0]LogConfig: Applying CVar settings from Section [ConsoleVariables] File [C:/Users/Daniel/Desktop/UFinalExam/G1213Dani/Saved/Config/Windows/Engine.ini]
[2019.12.13-14.29.52:034][  0]LogInit: Computer: DESKTOP-93J9VV0
[2019.12.13-14.29.52:034][  0]LogInit: User: Daniel
[2019.12.13-14.29.52:034][  0]LogInit: CPU Page size=4096, Cores=4
[2019.12.13-14.29.52:034][  0]LogInit: High frequency timer resolution =10.000000 MHz
[2019.12.13-14.29.52:034][  0]LogMemory: Memory total: Physical=15.9GB (16GB approx)
[2019.12.13-14.29.52:034][  0]LogMemory: Platform Memory Stats for Windows
[2019.12.13-14.29.52:034][  0]LogMemory: Process Physical Memory: 97.68 MB used, 97.68 MB peak
[2019.12.13-14.29.52:034][  0]LogMemory: Process Virtual Memory: 92.53 MB used, 92.53 MB peak
[2019.12.13-14.29.52:034][  0]LogMemory: Physical Memory: 13298.47 MB used,  2934.73 MB free, 16233.20 MB total
[2019.12.13-14.29.52:034][  0]LogMemory: Virtual Memory: 4645.83 MB used,  134213080.00 MB free, 134217728.00 MB total
[2019.12.13-14.29.52:058][  0]LogInit: Using OS detected language (en-US).
[2019.12.13-14.29.52:058][  0]LogInit: Using OS detected locale (en-US).
[2019.12.13-14.29.52:058][  0]LogTextLocalizationManager: No specific localization for 'en-US' exists, so the 'en' localization will be used.
[2019.12.13-14.29.52:258][  0]LogInit: Setting process to per monitor DPI aware
[2019.12.13-14.29.52:308][  0]LogSlate: New Slate User Created.  User Index 0, Is Virtual User: 0
[2019.12.13-14.29.52:308][  0]LogSlate: Slate User Registered.  User Index 0, Is Virtual User: 0
[2019.12.13-14.29.52:594][  0]LogHMD: Failed to initialize OpenVR with code 110
[2019.12.13-14.29.52:594][  0]LogD3D11RHI: D3D11 adapters:
[2019.12.13-14.29.52:671][  0]LogD3D11RHI:    0. 'NVIDIA GeForce GTX 960M' (Feature Level 11_0)
[2019.12.13-14.29.52:671][  0]LogD3D11RHI:       2010/0/8116 MB DedicatedVideo/DedicatedSystem/SharedSystem, Outputs:1, VendorId:0x10de
[2019.12.13-14.29.52:679][  0]LogD3D11RHI:    1. 'Intel(R) HD Graphics 530' (Feature Level 11_0)
[2019.12.13-14.29.52:679][  0]LogD3D11RHI:       128/0/8116 MB DedicatedVideo/DedicatedSystem/SharedSystem, Outputs:0, VendorId:0x8086
[2019.12.13-14.29.52:683][  0]LogD3D11RHI:    2. 'Microsoft Basic Render Driver' (Feature Level 11_0)
[2019.12.13-14.29.52:683][  0]LogD3D11RHI:       0/0/8116 MB DedicatedVideo/DedicatedSystem/SharedSystem, Outputs:0, VendorId:0x1414
[2019.12.13-14.29.52:683][  0]LogD3D11RHI: Chosen D3D11 Adapter: 0
[2019.12.13-14.29.52:739][  0]LogD3D11RHI: Creating new Direct3DDevice
[2019.12.13-14.29.52:739][  0]LogD3D11RHI:     GPU DeviceId: 0x139b (for the marketing name, search the web for "GPU Device Id")
[2019.12.13-14.29.52:739][  0]LogWindows: EnumDisplayDevices:
[2019.12.13-14.29.52:739][  0]LogWindows:    0. 'Intel(R) HD Graphics 530' (P:1 D:1)
[2019.12.13-14.29.52:739][  0]LogWindows:    1. 'Intel(R) HD Graphics 530' (P:0 D:0)
[2019.12.13-14.29.52:740][  0]LogWindows:    2. 'Intel(R) HD Graphics 530' (P:0 D:0)
[2019.12.13-14.29.52:740][  0]LogWindows: DebugString: PrimaryIsNotTheChoosenAdapter PrimaryIsNotTheChoosenAdapter PrimaryIsNotTheChoosenAdapter FoundDriverCount:0 
[2019.12.13-14.29.52:740][  0]LogD3D11RHI:     Adapter Name: NVIDIA GeForce GTX 960M
[2019.12.13-14.29.52:740][  0]LogD3D11RHI:   Driver Version: Unknown (internal:Unknown, unified:Unknown)
[2019.12.13-14.29.52:740][  0]LogD3D11RHI:      Driver Date: Unknown
[2019.12.13-14.29.52:740][  0]LogRHI: Texture pool is 1407 MB (70% of 2010 MB)
[2019.12.13-14.29.52:809][  0]LogD3D11RHI: Async texture creation enabled
[2019.12.13-14.29.52:815][  0]LogRendererCore: FGlobalReadBuffer::InitRHI
[2019.12.13-14.29.52:816][  0]LogRendererCore: FGlobalReadBuffer::InitRHI
[2019.12.13-14.29.52:816][  0]LogRendererCore: FGlobalReadBuffer::InitRHI
[2019.12.13-14.29.52:825][  0]LogD3D11RHI: GPU Timing Frequency: 1000.000000 (Debug: 2 1)
[2019.12.13-14.29.53:259][  0]LogTemp: Display: Module 'AllDesktopTargetPlatform' loaded TargetPlatform 'AllDesktop'
[2019.12.13-14.29.53:277][  0]LogTemp: Display: Module 'MacClientTargetPlatform' loaded TargetPlatform 'MacClient'
[2019.12.13-14.29.53:295][  0]LogTemp: Display: Module 'MacNoEditorTargetPlatform' loaded TargetPlatform 'MacNoEditor'
[2019.12.13-14.29.53:310][  0]LogTemp: Display: Module 'MacServerTargetPlatform' loaded TargetPlatform 'MacServer'
[2019.12.13-14.29.53:326][  0]LogTemp: Display: Module 'MacTargetPlatform' loaded TargetPlatform 'Mac'
[2019.12.13-14.29.53:340][  0]LogTemp: Display: Module 'WindowsClientTargetPlatform' loaded TargetPlatform 'WindowsClient'
[2019.12.13-14.29.53:355][  0]LogTemp: Display: Module 'WindowsNoEditorTargetPlatform' loaded TargetPlatform 'WindowsNoEditor'
[2019.12.13-14.29.53:369][  0]LogTemp: Display: Module 'WindowsServerTargetPlatform' loaded TargetPlatform 'WindowsServer'
[2019.12.13-14.29.53:376][  0]LogTemp: Display: Module 'WindowsTargetPlatform' loaded TargetPlatform 'Windows'
[2019.12.13-14.29.53:469][  0]LogTemp: Display: Module 'AndroidTargetPlatform' loaded TargetPlatform 'Android'
[2019.12.13-14.29.53:469][  0]LogTemp: Display: Module 'AndroidTargetPlatform' loaded TargetPlatform 'Android_ASTC'
[2019.12.13-14.29.53:469][  0]LogTemp: Display: Module 'AndroidTargetPlatform' loaded TargetPlatform 'Android_ATC'
[2019.12.13-14.29.53:469][  0]LogTemp: Display: Module 'AndroidTargetPlatform' loaded TargetPlatform 'Android_DXT'
[2019.12.13-14.29.53:469][  0]LogTemp: Display: Module 'AndroidTargetPlatform' loaded TargetPlatform 'Android_ETC1'
[2019.12.13-14.29.53:469][  0]LogTemp: Display: Module 'AndroidTargetPlatform' loaded TargetPlatform 'Android_ETC1a'
[2019.12.13-14.29.53:469][  0]LogTemp: Display: Module 'AndroidTargetPlatform' loaded TargetPlatform 'Android_ETC2'
[2019.12.13-14.29.53:469][  0]LogTemp: Display: Module 'AndroidTargetPlatform' loaded TargetPlatform 'Android_PVRTC'
[2019.12.13-14.29.53:469][  0]LogTemp: Display: Module 'AndroidTargetPlatform' loaded TargetPlatform 'AndroidClient'
[2019.12.13-14.29.53:469][  0]LogTemp: Display: Module 'AndroidTargetPlatform' loaded TargetPlatform 'Android_ASTCClient'
[2019.12.13-14.29.53:469][  0]LogTemp: Display: Module 'AndroidTargetPlatform' loaded TargetPlatform 'Android_ATCClient'
[2019.12.13-14.29.53:469][  0]LogTemp: Display: Module 'AndroidTargetPlatform' loaded TargetPlatform 'Android_DXTClient'
[2019.12.13-14.29.53:469][  0]LogTemp: Display: Module 'AndroidTargetPlatform' loaded TargetPlatform 'Android_ETC1Client'
[2019.12.13-14.29.53:469][  0]LogTemp: Display: Module 'AndroidTargetPlatform' loaded TargetPlatform 'Android_ETC1aClient'
[2019.12.13-14.29.53:469][  0]LogTemp: Display: Module 'AndroidTargetPlatform' loaded TargetPlatform 'Android_ETC2Client'
[2019.12.13-14.29.53:469][  0]LogTemp: Display: Module 'AndroidTargetPlatform' loaded TargetPlatform 'Android_PVRTCClient'
[2019.12.13-14.29.53:469][  0]LogTemp: Display: Module 'AndroidTargetPlatform' loaded TargetPlatform 'Android_Multi'
[2019.12.13-14.29.53:469][  0]LogTemp: Display: Module 'AndroidTargetPlatform' loaded TargetPlatform 'Android_MultiClient'
[2019.12.13-14.29.53:471][  0]LogTemp: Display: Module 'HTML5TargetPlatform' loaded TargetPlatform 'HTML5'
[2019.12.13-14.29.53:528][  0]LogTemp: Display: Module 'IOSTargetPlatform' loaded TargetPlatform 'IOSClient'
[2019.12.13-14.29.53:528][  0]LogTemp: Display: Module 'IOSTargetPlatform' loaded TargetPlatform 'IOS'
[2019.12.13-14.29.53:565][  0]LogTemp: Display: Module 'TVOSTargetPlatform' loaded TargetPlatform 'TVOSClient'
[2019.12.13-14.29.53:565][  0]LogTemp: Display: Module 'TVOSTargetPlatform' loaded TargetPlatform 'TVOS'
[2019.12.13-14.29.53:588][  0]LogTemp: Display: Module 'LinuxClientTargetPlatform' loaded TargetPlatform 'LinuxClient'
[2019.12.13-14.29.53:603][  0]LogTemp: Display: Module 'LinuxNoEditorTargetPlatform' loaded TargetPlatform 'LinuxNoEditor'
[2019.12.13-14.29.53:621][  0]LogTemp: Display: Module 'LinuxServerTargetPlatform' loaded TargetPlatform 'LinuxServer'
[2019.12.13-14.29.53:636][  0]LogTemp: Display: Module 'LinuxTargetPlatform' loaded TargetPlatform 'Linux'
[2019.12.13-14.29.53:683][  0]LogTemp: Display: Module 'LuminTargetPlatform' loaded TargetPlatform 'Lumin'
[2019.12.13-14.29.53:683][  0]LogTemp: Display: Module 'LuminTargetPlatform' loaded TargetPlatform 'LuminClient'
[2019.12.13-14.29.53:683][  0]LogTargetPlatformManager: Display: Building Assets For Windows
[2019.12.13-14.29.53:693][  0]LogAudioDebug: Display: Lib vorbis DLL was dynamically loaded.
[2019.12.13-14.29.53:751][  0]LogShaderCompilers: Guid format shader working directory is -12 characters bigger than the processId version (../../../../../../Users/Daniel/Desktop/UFinalExam/G1213Dani/Intermediate/Shaders/WorkingDirectory/8456/).
[2019.12.13-14.29.53:751][  0]LogShaderCompilers: Cleaned the shader compiler working directory 'C:/Users/Daniel/AppData/Local/Temp/UnrealShaderWorkingDir/4DD90C0F4A1915CB715C7BAAF4569395/'.
[2019.12.13-14.29.53:753][  0]LogXGEController: Cannot use XGE Controller as Incredibuild is not installed on this machine.
[2019.12.13-14.29.53:753][  0]LogShaderCompilers: Cannot use XGE Shader Compiler as Incredibuild is not installed on this machine.
[2019.12.13-14.29.53:753][  0]LogShaderCompilers: Display: Using Local Shader Compiler.
[2019.12.13-14.29.54:373][  0]LogDerivedDataCache: Display: Max Cache Size: 512 MB
[2019.12.13-14.29.54:426][  0]LogDerivedDataCache: Loaded boot cache 0.05s 75MB C:/Users/Daniel/AppData/Local/UnrealEngine/4.22/DerivedDataCache/Boot.ddc.
[2019.12.13-14.29.54:426][  0]LogDerivedDataCache: Display: Loaded Boot cache: C:/Users/Daniel/AppData/Local/UnrealEngine/4.22/DerivedDataCache/Boot.ddc
[2019.12.13-14.29.54:427][  0]LogDerivedDataCache: FDerivedDataBackendGraph:  Pak pak cache file ../../../../../../Users/Daniel/Desktop/UFinalExam/G1213Dani/DerivedDataCache/DDC.ddp not found, will not use a pak cache.
[2019.12.13-14.29.54:427][  0]LogDerivedDataCache: Unable to find inner node Pak for hierarchical cache Hierarchy.
[2019.12.13-14.29.54:427][  0]LogDerivedDataCache: FDerivedDataBackendGraph:  CompressedPak pak cache file ../../../../../../Users/Daniel/Desktop/UFinalExam/G1213Dani/DerivedDataCache/Compressed.ddp not found, will not use a pak cache.
[2019.12.13-14.29.54:427][  0]LogDerivedDataCache: Unable to find inner node CompressedPak for hierarchical cache Hierarchy.
[2019.12.13-14.29.54:441][  0]LogDerivedDataCache: Display: Pak cache opened for reading ../../../Engine/DerivedDataCache/Compressed.ddp.
[2019.12.13-14.29.54:444][  0]LogDerivedDataCache: Display: Pak cache opened for reading ../../../Enterprise/DerivedDataCache/Compressed.ddp.
[2019.12.13-14.29.54:457][  0]LogDerivedDataCache: Using Local data cache path C:/Users/Daniel/AppData/Local/UnrealEngine/Common/DerivedDataCache: Writable
[2019.12.13-14.29.54:457][  0]LogDerivedDataCache: Shared data cache path not found in *engine.ini, will not use an Shared cache.
[2019.12.13-14.29.54:457][  0]LogDerivedDataCache: Unable to find inner node Shared for hierarchical cache Hierarchy.
[2019.12.13-14.29.54:485][  0]LogMaterial: Verifying Global Shaders for PCD3D_SM5
[2019.12.13-14.29.54:486][  0]LogSlate: Using FreeType 2.6.0
[2019.12.13-14.29.54:487][  0]LogSlate: SlateFontServices - WITH_FREETYPE: 1, WITH_HARFBUZZ: 1
[2019.12.13-14.29.54:576][  0]LogAssetRegistry: FAssetRegistry took 0.0348 seconds to start up
[2019.12.13-14.29.54:959][  0]LogInit: Selected Device Profile: [Windows]
[2019.12.13-14.29.55:108][  0]LogMeshReduction: Using QuadricMeshReduction for automatic static mesh reduction
[2019.12.13-14.29.55:108][  0]LogMeshReduction: Using SimplygonMeshReduction for automatic skeletal mesh reduction
[2019.12.13-14.29.55:108][  0]LogMeshReduction: Using ProxyLODMeshReduction for automatic mesh merging
[2019.12.13-14.29.55:108][  0]LogMeshReduction: No distributed automatic mesh merging module available
[2019.12.13-14.29.55:108][  0]LogMeshMerging: No distributed automatic mesh merging module available
[2019.12.13-14.29.55:122][  0]LogNetVersion: G1213Dani 1.0.0, NetCL: 5660361, EngineNetVer: 10, GameNetVer: 0 (Checksum: 2260579722)
[2019.12.13-14.29.55:707][  0]LogPackageLocalizationCache: Processed 16 localized package path(s) for 1 prioritized culture(s) in 0.113639 seconds
[2019.12.13-14.29.55:718][  0]LogUObjectArray: 42205 objects as part of root set at end of initial load.
[2019.12.13-14.29.55:718][  0]LogUObjectAllocator: 7325032 out of 0 bytes used by permanent object pool.
[2019.12.13-14.29.55:718][  0]LogUObjectArray: CloseDisregardForGC: 0/0 objects in disregard for GC pool
[2019.12.13-14.29.56:773][  0]LogTcpMessaging: Initializing TcpMessaging bridge
[2019.12.13-14.29.56:788][  0]LogUdpMessaging: Initializing bridge on interface 0.0.0.0:0 to multicast group 230.0.0.1:6666.
[2019.12.13-14.29.57:088][  0]SourceControl: Source control is disabled
[2019.12.13-14.29.57:088][  0]SourceControl: Source control is disabled
[2019.12.13-14.29.57:089][  0]SourceControl: Source control is disabled
[2019.12.13-14.29.57:090][  0]SourceControl: Source control is disabled
[2019.12.13-14.29.57:240][  0]LogAndroidPermission: UAndroidPermissionCallbackProxy::GetInstance
[2019.12.13-14.29.57:363][  0]LogOcInput: OculusInput pre-init called
[2019.12.13-14.29.59:917][  0]LogWindows: Failed to load 'libalias_api.dll' (GetLastError=126)
[2019.12.13-14.29.59:917][  0]LogWindows: File 'libalias_api.dll' does not exist
[2019.12.13-14.29.59:918][  0]LogWindows: Failed to load 'libalias_api.dll' (GetLastError=126)
[2019.12.13-14.29.59:918][  0]LogWindows: File 'libalias_api.dll' does not exist
[2019.12.13-14.30.00:090][  0]LogEngine: Initializing Engine...
[2019.12.13-14.30.00:091][  0]LogHMD: Failed to initialize OpenVR with code 110
[2019.12.13-14.30.00:092][  0]LogStats: UGameplayTagsManager::InitializeManager -  0.000 s
[2019.12.13-14.30.00:391][  0]LogInit: Initializing FReadOnlyCVARCache
[2019.12.13-14.30.00:409][  0]LogAIModule: Creating AISystem for world Untitled
[2019.12.13-14.30.00:436][  0]LogInit: XAudio2 using 'Headphones (HD 4.50BTNC Stereo)' : 2 channels at 44.1 kHz using 16 bits per sample (channel mask 0x3)
[2019.12.13-14.30.00:456][  0]LogInit: FAudioDevice initialized.
[2019.12.13-14.30.00:456][  0]LogNetVersion: Set ProjectVersion to 1.0.0.0. Version Checksum will be recalculated on next use.
[2019.12.13-14.30.00:521][  0]LogDerivedDataCache: Saved boot cache 0.06s 75MB C:/Users/Daniel/AppData/Local/UnrealEngine/4.22/DerivedDataCache/Boot.ddc.
[2019.12.13-14.30.00:532][  0]LogInit: Texture streaming: Enabled
[2019.12.13-14.30.00:555][  0]LogEngineSessionManager: EngineSessionManager initialized
[2019.12.13-14.30.00:581][  0]LogInit: Transaction tracking system initialized
[2019.12.13-14.30.00:612][  0]BlueprintLog: New page: Editor Load
[2019.12.13-14.30.00:711][  0]LocalizationService: Localization service is disabled
[2019.12.13-14.30.01:102][  0]LogFileCache: Scanning file cache for directory 'C:/Users/Daniel/Desktop/UFinalExam/G1213Dani/Content/' took 0.02s
[2019.12.13-14.30.01:102][  0]LogCook: Display: Max memory allowance for cook 16384mb min free memory 0mb
[2019.12.13-14.30.01:102][  0]LogCook: Display: Mobile HDR setting 1
[2019.12.13-14.30.02:576][  0]SourceControl: Source control is disabled
[2019.12.13-14.30.02:681][  0]LogSlate: Took 0.000255 seconds to synchronously load lazily loaded font '../../../Engine/Content/Slate/Fonts/Roboto-Regular.ttf' (155K)
[2019.12.13-14.30.04:202][  0]LogSlate: Window 'Restore Packages' being destroyed
[2019.12.13-14.30.04:203][  0]LogWindowsTextInputMethodSystem: Display: IME system now deactivated.
[2019.12.13-14.30.04:211][  0]LogWindowsTextInputMethodSystem: Display: IME system now deactivated.
[2019.12.13-14.30.04:218][  0]Cmd: MAP LOAD FILE="../../../../../../Users/Daniel/Desktop/UFinalExam/G1213Dani/Content/FirstPersonCPP/Maps/FirstPersonExampleMap.umap" TEMPLATE=0 SHOWPROGRESS=1 FEATURELEVEL=3
[2019.12.13-14.30.04:218][  0]LightingResults: New page: Lighting Build
[2019.12.13-14.30.04:224][  0]MapCheck: New page: Map Check
[2019.12.13-14.30.04:224][  0]LightingResults: New page: Lighting Build
[2019.12.13-14.30.04:257][  0]LogUObjectHash: Compacting FUObjectHashTables data took   3.17ms
[2019.12.13-14.30.04:453][  0]LogAIModule: Creating AISystem for world FirstPersonExampleMap
[2019.12.13-14.30.04:466][  0]LogEditorServer: Finished looking for orphan Actors (0.000 secs)
[2019.12.13-14.30.04:497][  0]LogUObjectHash: Compacting FUObjectHashTables data took   2.13ms
[2019.12.13-14.30.04:498][  0]Cmd: MAP CHECKDEP NOCLEARLOG
[2019.12.13-14.30.04:498][  0]MapCheck: Map check complete: 0 Error(s), 0 Warning(s), took 0.188ms to complete.
[2019.12.13-14.30.04:498][  0]LogFileHelpers: Loading map 'FirstPersonExampleMap' took 0.281
[2019.12.13-14.30.04:586][  0]LogSlate: Updating window title bar state: overlay mode, drag disabled, window buttons hidden, title bar hidden
[2019.12.13-14.30.04:596][  0]LogSlate: Updating window title bar state: overlay mode, drag disabled, window buttons hidden, title bar hidden
[2019.12.13-14.30.04:606][  0]LogSlate: Updating window title bar state: overlay mode, drag disabled, window buttons hidden, title bar hidden
[2019.12.13-14.30.04:615][  0]LogSlate: Updating window title bar state: overlay mode, drag disabled, window buttons hidden, title bar hidden
[2019.12.13-14.30.04:627][  0]LogCollectionManager: Loaded 0 collections in 0.001907 seconds
[2019.12.13-14.30.04:645][  0]LogFileCache: Scanning file cache for directory 'C:/Users/Daniel/Desktop/UFinalExam/G1213Dani/Saved/Collections/' took 0.01s
[2019.12.13-14.30.04:646][  0]LogFileCache: Scanning file cache for directory 'C:/Users/Daniel/Desktop/UFinalExam/G1213Dani/Content/Developers/Daniel/Collections/' took 0.00s
[2019.12.13-14.30.04:646][  0]LogFileCache: Scanning file cache for directory 'C:/Users/Daniel/Desktop/UFinalExam/G1213Dani/Content/Collections/' took 0.00s
[2019.12.13-14.30.04:646][  0]LogCollectionManager: Rebuilt the GUID cache for 0 collections in 0.000000 seconds
[2019.12.13-14.30.04:656][  0]LogContentBrowser: Native class hierarchy populated in 0.0102 seconds. Added 2872 classes and 728 folders.
[2019.12.13-14.30.04:666][  0]LogContentBrowser: Native class hierarchy updated for 'WidgetCarousel' in 0.0004 seconds. Added 0 classes and 0 folders.
[2019.12.13-14.30.04:674][  0]LogPakFile: Registered encryption key '00000000000000000000000000000000': 0 pak files mounted, 0 remain pending
[2019.12.13-14.30.04:683][  0]LogPakFile: Registered encryption key '00000000000000000000000000000000': 0 pak files mounted, 0 remain pending
[2019.12.13-14.30.04:699][  0]LogPakFile: Registered encryption key '00000000000000000000000000000000': 0 pak files mounted, 0 remain pending
[2019.12.13-14.30.04:705][  0]LogPakFile: Registered encryption key '00000000000000000000000000000000': 0 pak files mounted, 0 remain pending
[2019.12.13-14.30.04:711][  0]LogPakFile: Registered encryption key '00000000000000000000000000000000': 0 pak files mounted, 0 remain pending
[2019.12.13-14.30.04:718][  0]LogPakFile: Registered encryption key '00000000000000000000000000000000': 0 pak files mounted, 0 remain pending
[2019.12.13-14.30.04:723][  0]LogPakFile: Registered encryption key '00000000000000000000000000000000': 0 pak files mounted, 0 remain pending
[2019.12.13-14.30.04:731][  0]LogPakFile: Registered encryption key '00000000000000000000000000000000': 0 pak files mounted, 0 remain pending
[2019.12.13-14.30.04:737][  0]LogPakFile: Registered encryption key '00000000000000000000000000000000': 0 pak files mounted, 0 remain pending
[2019.12.13-14.30.04:746][  0]LogPakFile: Registered encryption key '00000000000000000000000000000000': 0 pak files mounted, 0 remain pending
[2019.12.13-14.30.04:753][  0]LogPakFile: Registered encryption key '00000000000000000000000000000000': 0 pak files mounted, 0 remain pending
[2019.12.13-14.30.04:759][  0]LogPakFile: Registered encryption key '00000000000000000000000000000000': 0 pak files mounted, 0 remain pending
[2019.12.13-14.30.04:766][  0]LogPakFile: Registered encryption key '00000000000000000000000000000000': 0 pak files mounted, 0 remain pending
[2019.12.13-14.30.04:772][  0]LogPakFile: Registered encryption key '00000000000000000000000000000000': 0 pak files mounted, 0 remain pending
[2019.12.13-14.30.04:778][  0]LogPakFile: Registered encryption key '00000000000000000000000000000000': 0 pak files mounted, 0 remain pending
[2019.12.13-14.30.04:785][  0]LogPakFile: Registered encryption key '00000000000000000000000000000000': 0 pak files mounted, 0 remain pending
[2019.12.13-14.30.04:819][  0]LogPakFile: Registered encryption key '00000000000000000000000000000000': 0 pak files mounted, 0 remain pending
[2019.12.13-14.30.04:826][  0]LogPakFile: Registered encryption key '00000000000000000000000000000000': 0 pak files mounted, 0 remain pending
[2019.12.13-14.30.04:832][  0]LogPakFile: Registered encryption key '00000000000000000000000000000000': 0 pak files mounted, 0 remain pending
[2019.12.13-14.30.04:838][  0]LogPakFile: Registered encryption key '00000000000000000000000000000000': 0 pak files mounted, 0 remain pending
[2019.12.13-14.30.04:845][  0]LogPakFile: Registered encryption key '00000000000000000000000000000000': 0 pak files mounted, 0 remain pending
[2019.12.13-14.30.04:853][  0]LogPakFile: Registered encryption key '00000000000000000000000000000000': 0 pak files mounted, 0 remain pending
[2019.12.13-14.30.04:860][  0]LogPakFile: Registered encryption key '00000000000000000000000000000000': 0 pak files mounted, 0 remain pending
[2019.12.13-14.30.04:868][  0]LogPakFile: Registered encryption key '00000000000000000000000000000000': 0 pak files mounted, 0 remain pending
[2019.12.13-14.30.04:875][  0]LogPakFile: Registered encryption key '00000000000000000000000000000000': 0 pak files mounted, 0 remain pending
[2019.12.13-14.30.04:882][  0]LogPakFile: Registered encryption key '00000000000000000000000000000000': 0 pak files mounted, 0 remain pending
[2019.12.13-14.30.04:889][  0]LogPakFile: Registered encryption key '00000000000000000000000000000000': 0 pak files mounted, 0 remain pending
[2019.12.13-14.30.04:896][  0]LogPakFile: Registered encryption key '00000000000000000000000000000000': 0 pak files mounted, 0 remain pending
[2019.12.13-14.30.05:104][  0]LogContentBrowser: Native class hierarchy updated for 'AddContentDialog' in 0.0005 seconds. Added 0 classes and 0 folders.
[2019.12.13-14.30.05:108][  0]LogContentBrowser: Native class hierarchy updated for 'SceneOutliner' in 0.0003 seconds. Added 1 classes and 0 folders.
[2019.12.13-14.30.05:231][  0]LogSlate: Took 0.000200 seconds to synchronously load lazily loaded font '../../../Engine/Content/Slate/Fonts/Roboto-Bold.ttf' (160K)
[2019.12.13-14.30.05:244][  0]LogSlate: Took 0.007360 seconds to synchronously load lazily loaded font '../../../Engine/Content/Editor/Slate/Fonts/FontAwesome.ttf' (139K)
[2019.12.13-14.30.05:319][  0]LogRenderer: Reallocating scene render targets to support 924x488 Format 10 NumSamples 1 (Frame:1).
[2019.12.13-14.30.05:417][  0]LogSlate: Took 0.006053 seconds to synchronously load lazily loaded font '../../../Engine/Content/Slate/Fonts/Roboto-Light.ttf' (167K)
[2019.12.13-14.30.05:547][  0]LogContentBrowser: Native class hierarchy updated for 'HierarchicalLODOutliner' in 0.0004 seconds. Added 0 classes and 0 folders.
[2019.12.13-14.30.05:547][  0]LogLoad: (Engine Initialization) Total time: 15.44 seconds
[2019.12.13-14.30.05:547][  0]LogLoad: (Engine Initialization) Total Blueprint compile time: 0.00 seconds
[2019.12.13-14.30.05:717][  0]LogAssetRegistry: Asset discovery search completed in 11.1640 seconds
[2019.12.13-14.30.05:719][  0]LogCollectionManager: Rebuilt the object cache for 0 collections in 0.000000 seconds (found 0 objects)
[2019.12.13-14.30.05:719][  0]LogCollectionManager: Fixed up redirectors for 0 collections in 0.000051 seconds (updated 0 objects)
[2019.12.13-14.30.05:721][  0]LogContentStreaming: Texture pool size now 1000 MB
[2019.12.13-14.30.06:595][ 49]LogSlate: Took 0.000183 seconds to synchronously load lazily loaded font '../../../Engine/Content/Slate/Fonts/Roboto-Light.ttf' (167K)
[2019.12.13-14.30.44:349][204]LogSlate: FSceneViewport::OnFocusLost() reason 0
[2019.12.13-14.30.44:470][209]Candidate modules for hot reload:
[2019.12.13-14.30.44:470][209]  G1213Dani
[2019.12.13-14.30.44:470][209]Launching UnrealBuildTool... [C:/Program Files/Epic Games/UE_4.22/Engine/Binaries/DotNET/UnrealBuildTool.exe  -ModuleWithSuffix=G1213Dani,4099 Win64 Development -TargetType=Editor -Project="C:/Users/Daniel/Desktop/UFinalExam/G1213Dani/G1213Dani.uproject" "C:/Users/Daniel/Desktop/UFinalExam/G1213Dani/G1213Dani.uproject"  -IgnoreJunk]
[2019.12.13-14.30.44:472][209]Warning: Starting HotReload took  0.0s.
[2019.12.13-14.30.52:217][666]LogAssetEditorManager: Opening Asset editor for Blueprint /Game/BP_ResetPad.BP_ResetPad
[2019.12.13-14.30.52:597][666]LogContentBrowser: Native class hierarchy updated for 'BlueprintGraph' in 0.0008 seconds. Added 121 classes and 0 folders.
[2019.12.13-14.30.55:040][741]LogSlate: Window 'BP_ResetPad' being destroyed
[2019.12.13-14.30.55:137][741]LogAssetEditorManager: Opening Asset editor for Blueprint /Game/BP_ResetPad.BP_ResetPad
[2019.12.13-14.30.55:610][741]LogSlate: Took 0.006030 seconds to synchronously load lazily loaded font '../../../Engine/Content/Slate/Fonts/Roboto-BoldCondensed.ttf' (158K)
[2019.12.13-14.30.57:498][851]LogSlate: Took 0.000186 seconds to synchronously load lazily loaded font '../../../Engine/Content/Slate/Fonts/Roboto-Italic.ttf' (157K)
[2019.12.13-14.30.57:989][880]CompilerResultsLog: New page: Compilation - Dec 13, 2019, 4:30:57 AM
[2019.12.13-14.30.57:989][880]CompilerResultsLog: Using 'git status' to determine working set for adaptive non-unity build (C:\Users\Daniel\Desktop\UFinalExam).
[2019.12.13-14.30.57:989][880]CompilerResultsLog: Creating makefile for G1213DaniEditor (ini files are newer than makefile)
[2019.12.13-14.30.57:989][880]CompilerResultsLog: Parsing headers for G1213DaniEditor
[2019.12.13-14.30.57:989][880]CompilerResultsLog:   Running UnrealHeaderTool "C:\Users\Daniel\Desktop\UFinalExam\G1213Dani\G1213Dani.uproject" "C:\Users\Daniel\Desktop\UFinalExam\G1213Dani\Intermediate\Build\Win64\G1213DaniEditor\Development\G1213DaniEditor.uhtmanifest" -LogCmds="loginit warning, logexit warning, logdatabase error" -Unattended -WarningsAsErrors -installed
[2019.12.13-14.30.57:989][880]CompilerResultsLog: Reflection code generated for G1213DaniEditor in 8.1689244 seconds
[2019.12.13-14.30.57:989][880]CompilerResultsLog: Using Visual Studio 2019 14.22.27905 toolchain (C:\Program Files (x86)\Microsoft Visual Studio\2019\Community\VC\Tools\MSVC\14.22.27905) and Windows 10.0.18362.0 SDK (C:\Program Files (x86)\Windows Kits\10).
[2019.12.13-14.30.57:989][880]CompilerResultsLog: Building 4 actions with 8 processes...
[2019.12.13-14.30.57:989][880]CompilerResultsLog:   [1/4] ResetPad.cpp
[2019.12.13-14.30.57:989][880]CompilerResultsLog:    C:\Users\Daniel\Desktop\UFinalExam\G1213Dani\Source\G1213Dani\ResetPad.cpp(27) : error C2664: 'void FTimerManager::SetTimer(FTimerHandle &,TFunction<void (void)> &&,float,bool,float)': cannot convert argument 3 from 'void (__cdecl AG1213DaniCharacter::* )(void)' to 'void (__cdecl AResetPad::* )(void)'
[2019.12.13-14.30.57:989][880]CompilerResultsLog:   C:\Users\Daniel\Desktop\UFinalExam\G1213Dani\Source\G1213Dani\ResetPad.cpp(27): note: Types pointed to are unrelated; conversion requires reinterpret_cast, C-style cast or function-style cast
[2019.12.13-14.30.57:989][880]LogMainFrame: MainFrame: Module compiling took 13.527 seconds
[2019.12.13-14.30.57:990][880]Warning: HotReload failed, recompile failed
[2019.12.13-14.31.10:856][647]LogSlate: Window 'Message Log' being destroyed
[2019.12.13-14.31.10:863][647]LogSlate: Window 'Message Log' being destroyed
[2019.12.13-14.33.36:662][140]LogSlate: Window 'BP_ResetPad' being destroyed
[2019.12.13-14.33.36:667][140]LogSlate: Window 'BP_ResetPad' being destroyed
[2019.12.13-14.33.41:944][416]Candidate modules for hot reload:
[2019.12.13-14.33.41:944][416]  G1213Dani
[2019.12.13-14.33.41:944][416]Launching UnrealBuildTool... [C:/Program Files/Epic Games/UE_4.22/Engine/Binaries/DotNET/UnrealBuildTool.exe  -ModuleWithSuffix=G1213Dani,9539 Win64 Development -TargetType=Editor -Project="C:/Users/Daniel/Desktop/UFinalExam/G1213Dani/G1213Dani.uproject" "C:/Users/Daniel/Desktop/UFinalExam/G1213Dani/G1213Dani.uproject"  -IgnoreJunk]
[2019.12.13-14.33.41:946][416]Warning: Starting HotReload took  0.1s.
[2019.12.13-14.34.00:432][525]CompilerResultsLog: New page: Compilation - Dec 13, 2019, 4:34:00 AM
[2019.12.13-14.34.00:433][525]CompilerResultsLog: Using 'git status' to determine working set for adaptive non-unity build (C:\Users\Daniel\Desktop\UFinalExam).
[2019.12.13-14.34.00:434][525]CompilerResultsLog: Creating makefile for G1213DaniEditor (ini files are newer than makefile)
[2019.12.13-14.34.00:434][525]CompilerResultsLog: Parsing headers for G1213DaniEditor
[2019.12.13-14.34.00:434][525]CompilerResultsLog:   Running UnrealHeaderTool "C:\Users\Daniel\Desktop\UFinalExam\G1213Dani\G1213Dani.uproject" "C:\Users\Daniel\Desktop\UFinalExam\G1213Dani\Intermediate\Build\Win64\G1213DaniEditor\Development\G1213DaniEditor.uhtmanifest" -LogCmds="loginit warning, logexit warning, logdatabase error" -Unattended -WarningsAsErrors -installed
[2019.12.13-14.34.00:436][525]CompilerResultsLog: Reflection code generated for G1213DaniEditor in 7.061528 seconds
[2019.12.13-14.34.00:436][525]CompilerResultsLog: Using Visual Studio 2019 14.22.27905 toolchain (C:\Program Files (x86)\Microsoft Visual Studio\2019\Community\VC\Tools\MSVC\14.22.27905) and Windows 10.0.18362.0 SDK (C:\Program Files (x86)\Windows Kits\10).
[2019.12.13-14.34.00:437][525]CompilerResultsLog: Building 10 actions with 8 processes...
[2019.12.13-14.34.00:437][525]CompilerResultsLog:   [1/10] UnluckyTrap.cpp
[2019.12.13-14.34.00:437][525]CompilerResultsLog:   [2/10] ResetPad.gen.cpp
[2019.12.13-14.34.00:438][525]CompilerResultsLog:   [3/10] G1213DaniCharacter.gen.cpp
[2019.12.13-14.34.00:438][525]CompilerResultsLog:   [4/10] G1213DaniGameMode.cpp
[2019.12.13-14.34.00:438][525]CompilerResultsLog:   [5/10] RarestCandy.cpp
[2019.12.13-14.34.00:438][525]CompilerResultsLog:   [6/10] ResetPad.cpp
[2019.12.13-14.34.00:438][525]CompilerResultsLog:   [7/10] G1213DaniCharacter.cpp
[2019.12.13-14.34.00:438][525]CompilerResultsLog:   [8/10] UE4Editor-G1213Dani-9539.lib
[2019.12.13-14.34.00:438][525]CompilerResultsLog:      Creating library C:\Users\Daniel\Desktop\UFinalExam\G1213Dani\Intermediate\Build\Win64\UE4Editor\Development\G1213Dani\UE4Editor-G1213Dani-9539.lib and object C:\Users\Daniel\Desktop\UFinalExam\G1213Dani\Intermediate\Build\Win64\UE4Editor\Development\G1213Dani\UE4Editor-G1213Dani-9539.exp
[2019.12.13-14.34.00:438][525]CompilerResultsLog:   [9/10] UE4Editor-G1213Dani-9539.dll
[2019.12.13-14.34.00:439][525]CompilerResultsLog:      Creating library C:\Users\Daniel\Desktop\UFinalExam\G1213Dani\Intermediate\Build\Win64\UE4Editor\Development\G1213Dani\UE4Editor-G1213Dani-9539.suppressed.lib and object C:\Users\Daniel\Desktop\UFinalExam\G1213Dani\Intermediate\Build\Win64\UE4Editor\Development\G1213Dani\UE4Editor-G1213Dani-9539.suppressed.exp
[2019.12.13-14.34.00:439][525]CompilerResultsLog:   [10/10] G1213DaniEditor.target
[2019.12.13-14.34.00:439][525]CompilerResultsLog: Total time in Parallel executor: 8.47 seconds
[2019.12.13-14.34.00:439][525]CompilerResultsLog: Total execution time: 18.13 seconds
[2019.12.13-14.34.00:439][525]LogMainFrame: MainFrame: Module compiling took 18.502 seconds
[2019.12.13-14.34.00:509][525]LogUObjectHash: Compacting FUObjectHashTables data took   9.52ms
[2019.12.13-14.34.00:509][525]LogBlueprintActionDatabase: Requesting refresh due to module change: G1213Dani (unloaded)
[2019.12.13-14.34.00:579][525]LogBlueprintActionDatabase: Requesting refresh due to module change: G1213Dani (loaded)
[2019.12.13-14.34.00:580][525]LogContentBrowser: Native class hierarchy updated for 'G1213Dani' in 0.0007 seconds. Added 8 classes and 2 folders.
[2019.12.13-14.34.00:588][525]Display: HotReload successful (1 functions remapped  0 scriptstructs remapped)
[2019.12.13-14.34.00:747][525]LogUObjectHash: Compacting FUObjectHashTables data took   2.37ms
[2019.12.13-14.34.00:748][525]LogBlueprintActionDatabase: Requesting refresh due to hot reload
[2019.12.13-14.34.00:773][525]LogContentBrowser: Native class hierarchy populated in 0.0139 seconds. Added 2872 classes and 728 folders.
[2019.12.13-14.34.00:781][525]Display: HotReload took 18.9s.
[2019.12.13-14.34.06:250][801]LogSlate: FSceneViewport::OnFocusLost() reason 0
[2019.12.13-14.34.08:782][945]LogUObjectHash: Compacting FUObjectHashTables data took   4.88ms
[2019.12.13-14.34.09:008][945]LogSavePackage: Moving '../../../../../../Users/Daniel/Desktop/UFinalExam/G1213Dani/Saved/FirstPersonExampleMap0A84D53F41BC3A948F3247ADC5685204.tmp' to '../../../../../../Users/Daniel/Desktop/UFinalExam/G1213Dani/Content/FirstPersonCPP/Maps/FirstPersonExampleMap.umap'
[2019.12.13-14.34.10:586][945]LogSavePackage: Moving '../../../../../../Users/Daniel/Desktop/UFinalExam/G1213Dani/Saved/FirstPersonExampleMap_BuiltDataC50099AD4FAA0BBD5C0A02934DE8256F.tmp' to '../../../../../../Users/Daniel/Desktop/UFinalExam/G1213Dani/Content/FirstPersonCPP/Maps/FirstPersonExampleMap_BuiltData.uasset'
[2019.12.13-14.34.22:626][650]LogTemp: Repeating last play command: Selected Viewport
[2019.12.13-14.34.22:646][650]LogBlueprintUserMessages: Early PlayInEditor Detection: Level '/Game/FirstPersonCPP/Maps/FirstPersonExampleMap.FirstPersonExampleMap:PersistentLevel' has LevelScriptBlueprint '/Game/FirstPersonCPP/Maps/FirstPersonExampleMap.FirstPersonExampleMap:PersistentLevel.FirstPersonExampleMap' with GeneratedClass '/Game/FirstPersonCPP/Maps/FirstPersonExampleMap.FirstPersonExampleMap_C' with ClassGeneratedBy '/Game/FirstPersonCPP/Maps/FirstPersonExampleMap.FirstPersonExampleMap:PersistentLevel.FirstPersonExampleMap'
[2019.12.13-14.34.22:646][650]LogPlayLevel: PlayLevel: No blueprints needed recompiling
[2019.12.13-14.34.22:646][650]PIE: New page: PIE session: FirstPersonExampleMap (Dec 13, 2019, 4:34:22 AM)
[2019.12.13-14.34.22:659][650]LogPlayLevel: Creating play world package: /Game/FirstPersonCPP/Maps/UEDPIE_0_FirstPersonExampleMap
[2019.12.13-14.34.22:675][650]LogPlayLevel: PIE: StaticDuplicateObject took: (0.015874s)
[2019.12.13-14.34.22:676][650]LogAIModule: Creating AISystem for world FirstPersonExampleMap
[2019.12.13-14.34.22:677][650]LogPlayLevel: PIE: World Init took: (0.001444s)
[2019.12.13-14.34.22:677][650]LogPlayLevel: PIE: Created PIE world by copying editor world from /Game/FirstPersonCPP/Maps/FirstPersonExampleMap.FirstPersonExampleMap to /Game/FirstPersonCPP/Maps/UEDPIE_0_FirstPersonExampleMap.FirstPersonExampleMap (0.017801s)
[2019.12.13-14.34.22:746][650]LogUObjectHash: Compacting FUObjectHashTables data took   5.41ms
[2019.12.13-14.34.22:761][650]LogInit: XAudio2 using 'Headphones (HD 4.50BTNC Stereo)' : 2 channels at 44.1 kHz using 16 bits per sample (channel mask 0x3)
[2019.12.13-14.34.22:775][650]LogInit: FAudioDevice initialized.
[2019.12.13-14.34.22:776][650]LogSlate: FSceneViewport::OnFocusLost() reason 2
[2019.12.13-14.34.22:817][650]LogLoad: Game class is 'G1213DaniGameMode'
[2019.12.13-14.34.22:820][650]LogWorld: Bringing World /Game/FirstPersonCPP/Maps/UEDPIE_0_FirstPersonExampleMap.FirstPersonExampleMap up for play (max tick rate 60) at 2019.12.13-09.34.22
[2019.12.13-14.34.22:821][650]LogWorld: Bringing up level for play took: 0.002376
[2019.12.13-14.34.22:860][650]LogBlueprintActionDatabase: Requesting refresh due to module change: Voice (loaded)
[2019.12.13-14.34.22:864][650]LogBlueprintActionDatabase: Requesting refresh due to module change: MovieSceneCapture (loaded)
[2019.12.13-14.34.22:864][650]LogContentBrowser: Native class hierarchy updated for 'MovieSceneCapture' in 0.0005 seconds. Added 20 classes and 0 folders.
[2019.12.13-14.34.22:866][650]PIE: Play in editor start time for /Game/FirstPersonCPP/Maps/UEDPIE_0_FirstPersonExampleMap -0.273
[2019.12.13-14.34.22:866][650]LogBlueprintUserMessages: Late PlayInEditor Detection: Level '/Game/FirstPersonCPP/Maps/FirstPersonExampleMap.FirstPersonExampleMap:PersistentLevel' has LevelScriptBlueprint '/Game/FirstPersonCPP/Maps/FirstPersonExampleMap.FirstPersonExampleMap:PersistentLevel.FirstPersonExampleMap' with GeneratedClass '/Game/FirstPersonCPP/Maps/FirstPersonExampleMap.FirstPersonExampleMap_C' with ClassGeneratedBy '/Game/FirstPersonCPP/Maps/FirstPersonExampleMap.FirstPersonExampleMap:PersistentLevel.FirstPersonExampleMap'
[2019.12.13-14.34.29:382][896]LogWindows: Error: === Critical error: ===
[2019.12.13-14.34.29:382][896]LogWindows: Error: 
[2019.12.13-14.34.29:382][896]LogWindows: Error: Fatal error!
[2019.12.13-14.34.29:382][896]LogWindows: Error: 
[2019.12.13-14.34.29:382][896]LogWindows: Error: Unhandled Exception: EXCEPTION_ACCESS_VIOLATION writing address 0x00000864
[2019.12.13-14.34.29:382][896]LogWindows: Error: 
[2019.12.13-14.34.29:382][896]LogWindows: Error: [Callstack] 0x00007ff980de6b80 UE4Editor-G1213Dani-9539.dll!AG1213DaniCharacter::resetLevelPlayer() [C:\Users\Daniel\Desktop\UFinalExam\G1213Dani\Source\G1213Dani\G1213DaniCharacter.cpp:129]
[2019.12.13-14.34.29:382][896]LogWindows: Error: [Callstack] 0x00007ff9c9728e83 UE4Editor-Engine.dll!UnknownFunction []
[2019.12.13-14.34.29:382][896]LogWindows: Error: [Callstack] 0x00007ff9c8f49058 UE4Editor-Engine.dll!UnknownFunction []
[2019.12.13-14.34.29:382][896]LogWindows: Error: [Callstack] 0x00007ff9ced602f7 UE4Editor-UnrealEd.dll!UnknownFunction []
[2019.12.13-14.34.29:382][896]LogWindows: Error: [Callstack] 0x00007ff9cf57d396 UE4Editor-UnrealEd.dll!UnknownFunction []
[2019.12.13-14.34.29:382][896]LogWindows: Error: [Callstack] 0x00007ff6fab76bb1 UE4Editor.exe!UnknownFunction []
[2019.12.13-14.34.29:382][896]LogWindows: Error: [Callstack] 0x00007ff6fab8554c UE4Editor.exe!UnknownFunction []
[2019.12.13-14.34.29:382][896]LogWindows: Error: [Callstack] 0x00007ff6fab855ca UE4Editor.exe!UnknownFunction []
[2019.12.13-14.34.29:383][896]LogWindows: Error: [Callstack] 0x00007ff6fab9316c UE4Editor.exe!UnknownFunction []
[2019.12.13-14.34.29:383][896]LogWindows: Error: [Callstack] 0x00007ff6fab95b8e UE4Editor.exe!UnknownFunction []
[2019.12.13-14.34.29:383][896]LogWindows: Error: [Callstack] 0x00007ffa07ed7bd4 KERNEL32.DLL!UnknownFunction []
[2019.12.13-14.34.29:383][896]LogWindows: Error: [Callstack] 0x00007ffa0864ced1 ntdll.dll!UnknownFunction []
[2019.12.13-14.34.29:383][896]LogWindows: Error: 
[2019.12.13-14.34.29:397][896]LogExit: Executing StaticShutdownAfterError
[2019.12.13-14.34.29:402][896]LogWindows: FPlatformMisc::RequestExit(1)
[2019.12.13-14.34.29:410][896]Log file closed, 12/13/19 09:34:29
