  Using 'git status' to determine working set for adaptive non-unity build (C:\Users\Daniel\Desktop\UFinalExam).
  Creating makefile for G1213DaniEditor (ini files are newer than makefile)
  Parsing headers for G1213DaniEditor
    Running UnrealHeaderTool "C:\Users\Daniel\Desktop\UFinalExam\G1213Dani\G1213Dani.uproject" "C:\Users\Daniel\Desktop\UFinalExam\G1213Dani\Intermediate\Build\Win64\G1213DaniEditor\Development\G1213DaniEditor.uhtmanifest" -LogCmds="loginit warning, logexit warning, logdatabase error" -Unattended -WarningsAsErrors -installed
  Reflection code generated for G1213DaniEditor in 8.0717169 seconds
  Deleted hot-reload file: C:\Users\Daniel\Desktop\UFinalExam\G1213Dani\Binaries\Win64\UE4Editor-G1213Dani-0023.dll
  Deleted hot-reload file: C:\Users\Daniel\Desktop\UFinalExam\G1213Dani\Binaries\Win64\UE4Editor-G1213Dani-0025.dll
  Deleted hot-reload file: C:\Users\Daniel\Desktop\UFinalExam\G1213Dani\Binaries\Win64\UE4Editor-G1213Dani-0026.dll
  Deleted hot-reload file: C:\Users\Daniel\Desktop\UFinalExam\G1213Dani\Intermediate\Build\Win64\UE4Editor\Development\G1213Dani\UE4Editor-G1213Dani-0023.lib
  Deleted hot-reload file: C:\Users\Daniel\Desktop\UFinalExam\G1213Dani\Intermediate\Build\Win64\UE4Editor\Development\G1213Dani\UE4Editor-G1213Dani-0025.lib
  Deleted hot-reload file: C:\Users\Daniel\Desktop\UFinalExam\G1213Dani\Intermediate\Build\Win64\UE4Editor\Development\G1213Dani\UE4Editor-G1213Dani-0026.lib
  Using Visual Studio 2019 14.22.27905 toolchain (C:\Program Files (x86)\Microsoft Visual Studio\2019\Community\VC\Tools\MSVC\14.22.27905) and Windows 10.0.18362.0 SDK (C:\Program Files (x86)\Windows Kits\10).
  Building 4 actions with 8 processes...
    [1/4] G1213DaniCharacter.cpp
    [2/4] UE4Editor-G1213Dani.lib
       Creating library C:\Users\Daniel\Desktop\UFinalExam\G1213Dani\Intermediate\Build\Win64\UE4Editor\Development\G1213Dani\UE4Editor-G1213Dani.lib and object C:\Users\Daniel\Desktop\UFinalExam\G1213Dani\Intermediate\Build\Win64\UE4Editor\Development\G1213Dani\UE4Editor-G1213Dani.exp
    [3/4] UE4Editor-G1213Dani.dll
       Creating library C:\Users\Daniel\Desktop\UFinalExam\G1213Dani\Intermediate\Build\Win64\UE4Editor\Development\G1213Dani\UE4Editor-G1213Dani.suppressed.lib and object C:\Users\Daniel\Desktop\UFinalExam\G1213Dani\Intermediate\Build\Win64\UE4Editor\Development\G1213Dani\UE4Editor-G1213Dani.suppressed.exp
    [4/4] G1213DaniEditor.target
  Total time in Parallel executor: 18.35 seconds
  Total execution time: 29.15 seconds
